[gpu0] Starting: tau0.12_slots0_warmup0
Run:        pm3_tau0.12_slots0_warmup0
Device:     cuda
Epochs:     200
Batch size: 512
LR:         8.49e-04  (auto-scaled from 0.0003 at batch=64)
Output:     results/pm3_grid/pm3_tau0.12_slots0_warmup0.pkl
────────────────────────────────────────────────────────────
/global/homes/d/danieltm/.conda/envs/influencer/lib/python3.11/site-packages/torch/nn/modules/transformer.py:296: UserWarning: The PyTorch API of nested tensors is in prototype stage and will change in the near future. (Triggered internally at /opt/conda/conda-bld/pytorch_1682343970094/work/aten/src/ATen/NestedTensorImpl.cpp:177.)
  output = torch._nested_tensor_from_mask(output, src_key_padding_mask.logical_not(), mask_check=False)
  [PM3 tau=0.12 | slotted=False | warmup_cosine=False] epoch   0 | loss=6.8080 dist=1.3455 div=1.771 H=0.210 gd=0.619 lr=8.49e-04
  [PM3 tau=0.12 | slotted=False | warmup_cosine=False] epoch   1 | loss=3.0585 dist=1.2030 div=1.914 H=0.186 gd=0.581 lr=8.49e-04
  [PM3 tau=0.12 | slotted=False | warmup_cosine=False] epoch   2 | loss=2.3628 dist=1.1290 div=1.973 H=0.162 gd=0.490 lr=8.49e-04
  [PM3 tau=0.12 | slotted=False | warmup_cosine=False] epoch   3 | loss=2.0619 dist=1.0572 div=2.015 H=0.153 gd=0.515 lr=8.49e-04
  [PM3 tau=0.12 | slotted=False | warmup_cosine=False] epoch   4 | loss=1.8537 dist=1.0152 div=2.056 H=0.141 gd=0.472 lr=8.49e-04
  [PM3 tau=0.12 | slotted=False | warmup_cosine=False] epoch   5 | loss=1.7569 dist=0.9792 div=2.078 H=0.140 gd=0.494 lr=8.49e-04
  [PM3 tau=0.12 | slotted=False | warmup_cosine=False] epoch   6 | loss=1.6684 dist=0.9779 div=2.099 H=0.132 gd=0.521 lr=8.49e-04
  [PM3 tau=0.12 | slotted=False | warmup_cosine=False] epoch   7 | loss=1.6008 dist=0.9764 div=2.102 H=0.125 gd=0.579 lr=8.49e-04
  [PM3 tau=0.12 | slotted=False | warmup_cosine=False] epoch   8 | loss=1.5378 dist=0.9547 div=2.150 H=0.115 gd=0.585 lr=8.49e-04
  [PM3 tau=0.12 | slotted=False | warmup_cosine=False] epoch   9 | loss=1.4308 dist=0.9282 div=2.172 H=0.106 gd=0.558 lr=8.49e-04
  [PM3 tau=0.12 | slotted=False | warmup_cosine=False] epoch  10 | loss=1.3397 dist=0.9152 div=2.194 H=0.101 gd=0.558 lr=8.49e-04
  [PM3 tau=0.12 | slotted=False | warmup_cosine=False] epoch  11 | loss=1.3042 dist=0.9233 div=2.170 H=0.107 gd=0.584 lr=8.49e-04
  [PM3 tau=0.12 | slotted=False | warmup_cosine=False] epoch  12 | loss=1.2717 dist=0.8981 div=2.211 H=0.103 gd=0.548 lr=8.49e-04
  [PM3 tau=0.12 | slotted=False | warmup_cosine=False] epoch  13 | loss=1.2317 dist=0.9012 div=2.203 H=0.101 gd=0.581 lr=8.49e-04
  [PM3 tau=0.12 | slotted=False | warmup_cosine=False] epoch  14 | loss=1.2261 dist=0.8966 div=2.212 H=0.101 gd=0.559 lr=8.49e-04
  [PM3 tau=0.12 | slotted=False | warmup_cosine=False] epoch  15 | loss=1.2081 dist=0.9012 div=2.215 H=0.101 gd=0.565 lr=8.49e-04
  [PM3 tau=0.12 | slotted=False | warmup_cosine=False] epoch  16 | loss=1.2092 dist=0.8872 div=2.208 H=0.098 gd=0.561 lr=8.49e-04
  [PM3 tau=0.12 | slotted=False | warmup_cosine=False] epoch  17 | loss=1.1885 dist=0.8843 div=2.225 H=0.099 gd=0.589 lr=8.49e-04
  [PM3 tau=0.12 | slotted=False | warmup_cosine=False] epoch  18 | loss=1.1635 dist=0.8780 div=2.224 H=0.099 gd=0.565 lr=8.49e-04
  [PM3 tau=0.12 | slotted=False | warmup_cosine=False] epoch  19 | loss=1.1385 dist=0.8636 div=2.232 H=0.095 gd=0.565 lr=8.49e-04
  [PM3 tau=0.12 | slotted=False | warmup_cosine=False] epoch  20 | loss=1.1337 dist=0.8660 div=2.220 H=0.097 gd=0.564 lr=8.49e-04
  [PM3 tau=0.12 | slotted=False | warmup_cosine=False] epoch  21 | loss=1.1247 dist=0.8679 div=2.211 H=0.099 gd=0.571 lr=8.49e-04
  [PM3 tau=0.12 | slotted=False | warmup_cosine=False] epoch  22 | loss=1.1077 dist=0.8576 div=2.219 H=0.095 gd=0.555 lr=8.49e-04
  [PM3 tau=0.12 | slotted=False | warmup_cosine=False] epoch  23 | loss=1.0931 dist=0.8644 div=2.219 H=0.094 gd=0.574 lr=8.49e-04
  [PM3 tau=0.12 | slotted=False | warmup_cosine=False] epoch  24 | loss=1.0831 dist=0.8544 div=2.236 H=0.093 gd=0.566 lr=8.49e-04
  [PM3 tau=0.12 | slotted=False | warmup_cosine=False] epoch  25 | loss=1.0808 dist=0.8626 div=2.223 H=0.094 gd=0.567 lr=8.49e-04
  [PM3 tau=0.12 | slotted=False | warmup_cosine=False] epoch  26 | loss=1.0819 dist=0.8609 div=2.242 H=0.093 gd=0.574 lr=8.49e-04
  [PM3 tau=0.12 | slotted=False | warmup_cosine=False] epoch  27 | loss=1.0804 dist=0.8588 div=2.261 H=0.092 gd=0.591 lr=8.49e-04
  [PM3 tau=0.12 | slotted=False | warmup_cosine=False] epoch  28 | loss=1.0767 dist=0.8738 div=2.235 H=0.092 gd=0.599 lr=8.49e-04
  [PM3 tau=0.12 | slotted=False | warmup_cosine=False] epoch  29 | loss=1.0782 dist=0.8473 div=2.250 H=0.093 gd=0.580 lr=8.49e-04
  [PM3 tau=0.12 | slotted=False | warmup_cosine=False] epoch  30 | loss=1.0642 dist=0.8494 div=2.255 H=0.091 gd=0.587 lr=8.49e-04
  [PM3 tau=0.12 | slotted=False | warmup_cosine=False] epoch  31 | loss=1.0503 dist=0.8415 div=2.263 H=0.089 gd=0.572 lr=8.49e-04
  [PM3 tau=0.12 | slotted=False | warmup_cosine=False] epoch  32 | loss=1.0609 dist=0.8447 div=2.253 H=0.091 gd=0.584 lr=8.49e-04
  [PM3 tau=0.12 | slotted=False | warmup_cosine=False] epoch  33 | loss=1.0434 dist=0.8449 div=2.250 H=0.092 gd=0.601 lr=8.49e-04
  [PM3 tau=0.12 | slotted=False | warmup_cosine=False] epoch  34 | loss=1.0404 dist=0.8392 div=2.263 H=0.091 gd=0.633 lr=8.49e-04
  [PM3 tau=0.12 | slotted=False | warmup_cosine=False] epoch  35 | loss=1.0484 dist=0.8415 div=2.264 H=0.090 gd=0.589 lr=8.49e-04
  [PM3 tau=0.12 | slotted=False | warmup_cosine=False] epoch  36 | loss=1.0334 dist=0.8283 div=2.252 H=0.090 gd=0.588 lr=8.49e-04
  [PM3 tau=0.12 | slotted=False | warmup_cosine=False] epoch  37 | loss=1.0187 dist=0.8199 div=2.237 H=0.090 gd=0.592 lr=8.49e-04
  [PM3 tau=0.12 | slotted=False | warmup_cosine=False] epoch  38 | loss=1.0189 dist=0.8314 div=2.250 H=0.092 gd=0.586 lr=8.49e-04
  [PM3 tau=0.12 | slotted=False | warmup_cosine=False] epoch  39 | loss=1.0128 dist=0.8267 div=2.243 H=0.090 gd=0.592 lr=8.49e-04
  [PM3 tau=0.12 | slotted=False | warmup_cosine=False] epoch  40 | loss=1.0073 dist=0.8271 div=2.273 H=0.091 gd=0.606 lr=8.49e-04
  [PM3 tau=0.12 | slotted=False | warmup_cosine=False] epoch  41 | loss=1.0032 dist=0.8288 div=2.271 H=0.092 gd=0.664 lr=8.49e-04
  [PM3 tau=0.12 | slotted=False | warmup_cosine=False] epoch  42 | loss=0.9922 dist=0.8117 div=2.260 H=0.087 gd=0.599 lr=8.49e-04
  [PM3 tau=0.12 | slotted=False | warmup_cosine=False] epoch  43 | loss=0.9913 dist=0.8065 div=2.256 H=0.089 gd=0.590 lr=8.49e-04
  [PM3 tau=0.12 | slotted=False | warmup_cosine=False] epoch  44 | loss=1.0009 dist=0.8107 div=2.276 H=0.085 gd=0.600 lr=8.49e-04
  [PM3 tau=0.12 | slotted=False | warmup_cosine=False] epoch  45 | loss=0.9778 dist=0.8036 div=2.270 H=0.086 gd=0.605 lr=8.49e-04
  [PM3 tau=0.12 | slotted=False | warmup_cosine=False] epoch  46 | loss=0.9789 dist=0.8083 div=2.260 H=0.087 gd=0.581 lr=8.49e-04
  [PM3 tau=0.12 | slotted=False | warmup_cosine=False] epoch  47 | loss=0.9636 dist=0.7582 div=2.254 H=0.082 gd=0.635 lr=8.49e-04
  [PM3 tau=0.12 | slotted=False | warmup_cosine=False] epoch  48 | loss=0.9364 dist=0.7628 div=2.296 H=0.081 gd=0.621 lr=8.49e-04
  [PM3 tau=0.12 | slotted=False | warmup_cosine=False] epoch  49 | loss=0.9035 dist=0.7808 div=2.269 H=0.083 gd=0.609 lr=8.49e-04
  [PM3 tau=0.12 | slotted=False | warmup_cosine=False] epoch  50 | loss=0.9085 dist=0.7708 div=2.289 H=0.080 gd=0.654 lr=8.49e-04
  [PM3 tau=0.12 | slotted=False | warmup_cosine=False] epoch  51 | loss=0.9012 dist=0.7691 div=2.309 H=0.081 gd=0.621 lr=8.49e-04
  [PM3 tau=0.12 | slotted=False | warmup_cosine=False] epoch  52 | loss=0.8936 dist=0.7354 div=2.307 H=0.077 gd=0.647 lr=8.49e-04
  [PM3 tau=0.12 | slotted=False | warmup_cosine=False] epoch  53 | loss=0.8871 dist=0.7442 div=2.284 H=0.079 gd=0.648 lr=8.49e-04
  [PM3 tau=0.12 | slotted=False | warmup_cosine=False] epoch  54 | loss=0.9050 dist=0.7661 div=2.266 H=0.082 gd=0.699 lr=8.49e-04
  [PM3 tau=0.12 | slotted=False | warmup_cosine=False] epoch  55 | loss=0.9020 dist=0.7422 div=2.316 H=0.077 gd=0.611 lr=8.49e-04
  [PM3 tau=0.12 | slotted=False | warmup_cosine=False] epoch  56 | loss=0.8912 dist=0.7439 div=2.299 H=0.076 gd=0.669 lr=8.49e-04
  [PM3 tau=0.12 | slotted=False | warmup_cosine=False] epoch  57 | loss=0.8839 dist=0.7370 div=2.305 H=0.075 gd=0.636 lr=8.49e-04
  [PM3 tau=0.12 | slotted=False | warmup_cosine=False] epoch  58 | loss=0.8828 dist=0.7440 div=2.308 H=0.076 gd=0.675 lr=8.49e-04
  [PM3 tau=0.12 | slotted=False | warmup_cosine=False] epoch  59 | loss=0.8743 dist=0.7384 div=2.298 H=0.076 gd=0.648 lr=8.49e-04
  [PM3 tau=0.12 | slotted=False | warmup_cosine=False] epoch  60 | loss=0.8832 dist=0.7411 div=2.276 H=0.078 gd=0.630 lr=8.49e-04
  [PM3 tau=0.12 | slotted=False | warmup_cosine=False] epoch  61 | loss=0.8677 dist=0.7424 div=2.294 H=0.076 gd=0.637 lr=8.49e-04
  [PM3 tau=0.12 | slotted=False | warmup_cosine=False] epoch  62 | loss=0.8790 dist=0.7478 div=2.291 H=0.077 gd=0.660 lr=8.49e-04
  [PM3 tau=0.12 | slotted=False | warmup_cosine=False] epoch  63 | loss=0.8682 dist=0.7281 div=2.287 H=0.075 gd=0.685 lr=8.49e-04
  [PM3 tau=0.12 | slotted=False | warmup_cosine=False] epoch  64 | loss=0.8615 dist=0.7210 div=2.300 H=0.074 gd=0.589 lr=8.49e-04
  [PM3 tau=0.12 | slotted=False | warmup_cosine=False] epoch  65 | loss=0.8777 dist=0.7549 div=2.303 H=0.079 gd=0.644 lr=8.49e-04
  [PM3 tau=0.12 | slotted=False | warmup_cosine=False] epoch  66 | loss=0.8904 dist=0.7356 div=2.294 H=0.073 gd=0.673 lr=8.49e-04
  [PM3 tau=0.12 | slotted=False | warmup_cosine=False] epoch  67 | loss=0.8826 dist=0.7408 div=2.274 H=0.077 gd=0.651 lr=8.49e-04
  [PM3 tau=0.12 | slotted=False | warmup_cosine=False] epoch  68 | loss=0.9116 dist=0.7645 div=2.287 H=0.080 gd=0.658 lr=8.49e-04
  [PM3 tau=0.12 | slotted=False | warmup_cosine=False] epoch  69 | loss=0.8816 dist=0.7409 div=2.297 H=0.078 gd=0.656 lr=8.49e-04
  [PM3 tau=0.12 | slotted=False | warmup_cosine=False] epoch  70 | loss=0.8678 dist=0.7277 div=2.293 H=0.074 gd=0.643 lr=8.49e-04
  [PM3 tau=0.12 | slotted=False | warmup_cosine=False] epoch  71 | loss=0.8716 dist=0.7593 div=2.275 H=0.081 gd=0.634 lr=8.49e-04
  [PM3 tau=0.12 | slotted=False | warmup_cosine=False] epoch  72 | loss=0.8921 dist=0.7393 div=2.289 H=0.077 gd=0.634 lr=8.49e-04
  [PM3 tau=0.12 | slotted=False | warmup_cosine=False] epoch  73 | loss=0.8891 dist=0.7456 div=2.294 H=0.077 gd=0.658 lr=8.49e-04
  [PM3 tau=0.12 | slotted=False | warmup_cosine=False] epoch  74 | loss=0.8716 dist=0.7415 div=2.296 H=0.076 gd=0.672 lr=8.49e-04
  [PM3 tau=0.12 | slotted=False | warmup_cosine=False] epoch  75 | loss=0.8676 dist=0.7474 div=2.318 H=0.075 gd=0.647 lr=8.49e-04
  [PM3 tau=0.12 | slotted=False | warmup_cosine=False] epoch  76 | loss=0.8555 dist=0.7811 div=2.347 H=0.077 gd=0.692 lr=8.49e-04
  [PM3 tau=0.12 | slotted=False | warmup_cosine=False] epoch  77 | loss=0.8773 dist=0.7499 div=2.305 H=0.078 gd=0.651 lr=8.49e-04
  [PM3 tau=0.12 | slotted=False | warmup_cosine=False] epoch  78 | loss=0.8613 dist=0.7214 div=2.332 H=0.073 gd=0.660 lr=8.49e-04
  [PM3 tau=0.12 | slotted=False | warmup_cosine=False] epoch  79 | loss=0.8387 dist=0.7467 div=2.308 H=0.075 gd=0.657 lr=8.49e-04
  [PM3 tau=0.12 | slotted=False | warmup_cosine=False] epoch  80 | loss=0.8349 dist=0.7238 div=2.312 H=0.075 gd=0.649 lr=8.49e-04
  [PM3 tau=0.12 | slotted=False | warmup_cosine=False] epoch  81 | loss=0.8503 dist=0.7549 div=2.304 H=0.074 gd=0.651 lr=8.49e-04
  [PM3 tau=0.12 | slotted=False | warmup_cosine=False] epoch  82 | loss=0.8321 dist=0.7282 div=2.290 H=0.074 gd=0.683 lr=8.49e-04
  [PM3 tau=0.12 | slotted=False | warmup_cosine=False] epoch  83 | loss=0.8445 dist=0.7385 div=2.302 H=0.075 gd=0.658 lr=8.49e-04
  [PM3 tau=0.12 | slotted=False | warmup_cosine=False] epoch  84 | loss=0.8435 dist=0.7334 div=2.293 H=0.078 gd=0.627 lr=8.49e-04
  [PM3 tau=0.12 | slotted=False | warmup_cosine=False] epoch  85 | loss=0.8423 dist=0.7371 div=2.290 H=0.075 gd=0.614 lr=8.49e-04
  [PM3 tau=0.12 | slotted=False | warmup_cosine=False] epoch  86 | loss=0.8678 dist=0.7380 div=2.295 H=0.075 gd=0.683 lr=8.49e-04
  [PM3 tau=0.12 | slotted=False | warmup_cosine=False] epoch  87 | loss=0.8600 dist=0.7348 div=2.279 H=0.077 gd=0.636 lr=8.49e-04
  [PM3 tau=0.12 | slotted=False | warmup_cosine=False] epoch  88 | loss=0.8435 dist=0.7292 div=2.299 H=0.074 gd=0.719 lr=8.49e-04
  [PM3 tau=0.12 | slotted=False | warmup_cosine=False] epoch  89 | loss=0.8474 dist=0.7276 div=2.314 H=0.074 gd=0.666 lr=8.49e-04
  [PM3 tau=0.12 | slotted=False | warmup_cosine=False] epoch  90 | loss=0.8263 dist=0.7617 div=2.306 H=0.075 gd=0.661 lr=8.49e-04
  [PM3 tau=0.12 | slotted=False | warmup_cosine=False] epoch  91 | loss=0.8609 dist=0.7193 div=2.305 H=0.074 gd=0.650 lr=8.49e-04
  [PM3 tau=0.12 | slotted=False | warmup_cosine=False] epoch  92 | loss=0.8513 dist=0.7242 div=2.288 H=0.074 gd=0.622 lr=8.49e-04
  [PM3 tau=0.12 | slotted=False | warmup_cosine=False] epoch  93 | loss=0.8413 dist=0.7296 div=2.315 H=0.077 gd=0.604 lr=8.49e-04
  [PM3 tau=0.12 | slotted=False | warmup_cosine=False] epoch  94 | loss=0.8442 dist=0.7195 div=2.334 H=0.074 gd=0.670 lr=8.49e-04
  [PM3 tau=0.12 | slotted=False | warmup_cosine=False] epoch  95 | loss=0.8797 dist=0.7860 div=2.230 H=0.081 gd=0.627 lr=8.49e-04
  [PM3 tau=0.12 | slotted=False | warmup_cosine=False] epoch  96 | loss=0.9375 dist=0.7436 div=2.281 H=0.078 gd=0.687 lr=8.49e-04
  [PM3 tau=0.12 | slotted=False | warmup_cosine=False] epoch  97 | loss=0.8718 dist=0.7423 div=2.302 H=0.074 gd=0.667 lr=8.49e-04
  [PM3 tau=0.12 | slotted=False | warmup_cosine=False] epoch  98 | loss=0.8514 dist=0.7401 div=2.281 H=0.074 gd=0.626 lr=8.49e-04
  [PM3 tau=0.12 | slotted=False | warmup_cosine=False] epoch  99 | loss=0.8548 dist=0.7462 div=2.302 H=0.077 gd=0.624 lr=8.49e-04
  [PM3 tau=0.12 | slotted=False | warmup_cosine=False] epoch 100 | loss=0.8928 dist=0.7549 div=2.289 H=0.077 gd=0.698 lr=8.49e-04
  [PM3 tau=0.12 | slotted=False | warmup_cosine=False] epoch 101 | loss=0.8631 dist=0.7201 div=2.301 H=0.073 gd=0.669 lr=8.49e-04
  [PM3 tau=0.12 | slotted=False | warmup_cosine=False] epoch 102 | loss=0.8335 dist=0.7311 div=2.315 H=0.074 gd=0.664 lr=8.49e-04
  [PM3 tau=0.12 | slotted=False | warmup_cosine=False] epoch 103 | loss=0.8512 dist=0.7304 div=2.305 H=0.076 gd=0.655 lr=8.49e-04
  [PM3 tau=0.12 | slotted=False | warmup_cosine=False] epoch 104 | loss=0.8692 dist=0.7212 div=2.290 H=0.074 gd=0.661 lr=8.49e-04
  [PM3 tau=0.12 | slotted=False | warmup_cosine=False] epoch 105 | loss=0.8433 dist=0.7216 div=2.304 H=0.073 gd=0.607 lr=8.49e-04
  [PM3 tau=0.12 | slotted=False | warmup_cosine=False] epoch 106 | loss=0.8425 dist=0.7212 div=2.313 H=0.073 gd=0.622 lr=8.49e-04
  [PM3 tau=0.12 | slotted=False | warmup_cosine=False] epoch 107 | loss=0.8309 dist=0.7291 div=2.307 H=0.076 gd=0.649 lr=8.49e-04
  [PM3 tau=0.12 | slotted=False | warmup_cosine=False] epoch 108 | loss=0.8568 dist=0.7151 div=2.291 H=0.074 gd=0.666 lr=8.49e-04
  [PM3 tau=0.12 | slotted=False | warmup_cosine=False] epoch 109 | loss=0.8214 dist=0.7220 div=2.318 H=0.073 gd=0.667 lr=8.49e-04
  [PM3 tau=0.12 | slotted=False | warmup_cosine=False] epoch 110 | loss=0.8067 dist=0.7301 div=2.331 H=0.075 gd=0.659 lr=8.49e-04
  [PM3 tau=0.12 | slotted=False | warmup_cosine=False] epoch 111 | loss=0.8437 dist=0.7311 div=2.311 H=0.076 gd=0.635 lr=8.49e-04
  [PM3 tau=0.12 | slotted=False | warmup_cosine=False] epoch 112 | loss=0.8410 dist=0.7303 div=2.303 H=0.075 gd=0.635 lr=8.49e-04
  [PM3 tau=0.12 | slotted=False | warmup_cosine=False] epoch 113 | loss=0.8305 dist=0.7185 div=2.298 H=0.075 gd=0.657 lr=8.49e-04
  [PM3 tau=0.12 | slotted=False | warmup_cosine=False] epoch 114 | loss=0.8321 dist=0.7228 div=2.289 H=0.076 gd=0.708 lr=8.49e-04
  [PM3 tau=0.12 | slotted=False | warmup_cosine=False] epoch 115 | loss=0.8440 dist=0.7512 div=2.317 H=0.074 gd=0.618 lr=8.49e-04
  [PM3 tau=0.12 | slotted=False | warmup_cosine=False] epoch 116 | loss=0.8588 dist=0.7412 div=2.293 H=0.076 gd=0.656 lr=8.49e-04
  [PM3 tau=0.12 | slotted=False | warmup_cosine=False] epoch 117 | loss=0.8601 dist=0.7331 div=2.288 H=0.076 gd=0.633 lr=8.49e-04
  [PM3 tau=0.12 | slotted=False | warmup_cosine=False] epoch 118 | loss=0.8842 dist=0.7860 div=2.305 H=0.078 gd=0.768 lr=8.49e-04
  [PM3 tau=0.12 | slotted=False | warmup_cosine=False] epoch 119 | loss=0.8681 dist=0.7241 div=2.296 H=0.075 gd=0.659 lr=8.49e-04
  [PM3 tau=0.12 | slotted=False | warmup_cosine=False] epoch 120 | loss=0.8619 dist=0.7422 div=2.290 H=0.077 gd=0.612 lr=8.49e-04
  [PM3 tau=0.12 | slotted=False | warmup_cosine=False] epoch 121 | loss=0.8630 dist=0.7467 div=2.274 H=0.076 gd=0.666 lr=8.49e-04
  [PM3 tau=0.12 | slotted=False | warmup_cosine=False] epoch 122 | loss=0.8761 dist=0.7400 div=2.298 H=0.075 gd=0.697 lr=8.49e-04
  [PM3 tau=0.12 | slotted=False | warmup_cosine=False] epoch 123 | loss=0.8556 dist=0.7274 div=2.303 H=0.077 gd=0.690 lr=8.49e-04
  [PM3 tau=0.12 | slotted=False | warmup_cosine=False] epoch 124 | loss=0.8503 dist=0.7406 div=2.286 H=0.079 gd=0.635 lr=8.49e-04
  [PM3 tau=0.12 | slotted=False | warmup_cosine=False] epoch 125 | loss=0.8679 dist=0.7423 div=2.281 H=0.076 gd=0.655 lr=8.49e-04
  [PM3 tau=0.12 | slotted=False | warmup_cosine=False] epoch 126 | loss=0.8630 dist=0.7534 div=2.270 H=0.079 gd=0.712 lr=8.49e-04
  [PM3 tau=0.12 | slotted=False | warmup_cosine=False] epoch 127 | loss=0.8844 dist=0.7467 div=2.278 H=0.079 gd=0.734 lr=8.49e-04
  [PM3 tau=0.12 | slotted=False | warmup_cosine=False] epoch 128 | loss=0.8954 dist=0.7583 div=2.269 H=0.079 gd=0.654 lr=8.49e-04
  [PM3 tau=0.12 | slotted=False | warmup_cosine=False] epoch 129 | loss=0.8990 dist=0.7627 div=2.278 H=0.078 gd=0.649 lr=8.49e-04
  [PM3 tau=0.12 | slotted=False | warmup_cosine=False] epoch 130 | loss=0.8880 dist=0.7626 div=2.290 H=0.080 gd=0.697 lr=8.49e-04
  [PM3 tau=0.12 | slotted=False | warmup_cosine=False] epoch 131 | loss=0.8599 dist=0.7358 div=2.295 H=0.076 gd=0.688 lr=8.49e-04
  [PM3 tau=0.12 | slotted=False | warmup_cosine=False] epoch 132 | loss=0.8488 dist=0.7343 div=2.304 H=0.076 gd=0.678 lr=8.49e-04
  [PM3 tau=0.12 | slotted=False | warmup_cosine=False] epoch 133 | loss=0.8451 dist=0.7316 div=2.282 H=0.077 gd=0.677 lr=8.49e-04
  [PM3 tau=0.12 | slotted=False | warmup_cosine=False] epoch 134 | loss=0.8463 dist=0.7497 div=2.314 H=0.074 gd=0.689 lr=8.49e-04
  [PM3 tau=0.12 | slotted=False | warmup_cosine=False] epoch 135 | loss=0.8315 dist=0.7098 div=2.299 H=0.073 gd=0.717 lr=8.49e-04
  [PM3 tau=0.12 | slotted=False | warmup_cosine=False] epoch 136 | loss=0.8298 dist=0.7332 div=2.288 H=0.074 gd=0.699 lr=8.49e-04
  [PM3 tau=0.12 | slotted=False | warmup_cosine=False] epoch 137 | loss=0.8366 dist=0.7245 div=2.310 H=0.074 gd=0.685 lr=8.49e-04
  [PM3 tau=0.12 | slotted=False | warmup_cosine=False] epoch 138 | loss=0.8548 dist=0.7725 div=2.299 H=0.079 gd=0.695 lr=8.49e-04
  [PM3 tau=0.12 | slotted=False | warmup_cosine=False] epoch 139 | loss=0.8902 dist=0.7539 div=2.265 H=0.076 gd=0.722 lr=8.49e-04
  [PM3 tau=0.12 | slotted=False | warmup_cosine=False] epoch 140 | loss=0.8559 dist=0.7650 div=2.286 H=0.079 gd=0.668 lr=8.49e-04
  [PM3 tau=0.12 | slotted=False | warmup_cosine=False] epoch 141 | loss=0.8800 dist=0.7498 div=2.294 H=0.076 gd=0.674 lr=8.49e-04
  [PM3 tau=0.12 | slotted=False | warmup_cosine=False] epoch 142 | loss=0.8766 dist=0.7839 div=2.299 H=0.079 gd=0.683 lr=8.49e-04
  [PM3 tau=0.12 | slotted=False | warmup_cosine=False] epoch 143 | loss=0.8940 dist=0.7506 div=2.287 H=0.076 gd=0.685 lr=8.49e-04
  [PM3 tau=0.12 | slotted=False | warmup_cosine=False] epoch 144 | loss=0.8620 dist=0.7673 div=2.296 H=0.076 gd=0.651 lr=8.49e-04
  [PM3 tau=0.12 | slotted=False | warmup_cosine=False] epoch 145 | loss=0.8815 dist=0.7478 div=2.280 H=0.077 gd=0.650 lr=8.49e-04
  [PM3 tau=0.12 | slotted=False | warmup_cosine=False] epoch 146 | loss=0.8819 dist=0.7473 div=2.302 H=0.077 gd=0.659 lr=8.49e-04
  [PM3 tau=0.12 | slotted=False | warmup_cosine=False] epoch 147 | loss=0.8607 dist=0.7588 div=2.269 H=0.078 gd=0.679 lr=8.49e-04
  [PM3 tau=0.12 | slotted=False | warmup_cosine=False] epoch 148 | loss=0.8500 dist=0.7525 div=2.274 H=0.076 gd=0.630 lr=8.49e-04
  [PM3 tau=0.12 | slotted=False | warmup_cosine=False] epoch 149 | loss=0.8409 dist=0.7215 div=2.294 H=0.075 gd=0.699 lr=8.49e-04
  [PM3 tau=0.12 | slotted=False | warmup_cosine=False] epoch 150 | loss=0.8208 dist=0.7471 div=2.290 H=0.074 gd=0.693 lr=8.49e-04
  [PM3 tau=0.12 | slotted=False | warmup_cosine=False] epoch 151 | loss=0.8189 dist=0.7243 div=2.313 H=0.074 gd=0.693 lr=8.49e-04
  [PM3 tau=0.12 | slotted=False | warmup_cosine=False] epoch 152 | loss=0.8226 dist=0.7271 div=2.294 H=0.075 gd=0.631 lr=8.49e-04
  [PM3 tau=0.12 | slotted=False | warmup_cosine=False] epoch 153 | loss=0.8568 dist=0.7529 div=2.296 H=0.074 gd=0.697 lr=8.49e-04
  [PM3 tau=0.12 | slotted=False | warmup_cosine=False] epoch 154 | loss=0.8473 dist=0.7306 div=2.283 H=0.075 gd=0.698 lr=8.49e-04
  [PM3 tau=0.12 | slotted=False | warmup_cosine=False] epoch 155 | loss=0.8331 dist=0.7335 div=2.275 H=0.075 gd=0.695 lr=8.49e-04
  [PM3 tau=0.12 | slotted=False | warmup_cosine=False] epoch 156 | loss=0.8337 dist=0.7208 div=2.273 H=0.074 gd=0.694 lr=8.49e-04
  [PM3 tau=0.12 | slotted=False | warmup_cosine=False] epoch 157 | loss=0.8454 dist=0.7226 div=2.292 H=0.074 gd=0.632 lr=8.49e-04
  [PM3 tau=0.12 | slotted=False | warmup_cosine=False] epoch 158 | loss=0.8804 dist=0.7666 div=2.266 H=0.079 gd=0.628 lr=8.49e-04
  [PM3 tau=0.12 | slotted=False | warmup_cosine=False] epoch 159 | loss=0.8611 dist=0.7443 div=2.291 H=0.076 gd=0.689 lr=8.49e-04
  [PM3 tau=0.12 | slotted=False | warmup_cosine=False] epoch 160 | loss=0.8471 dist=0.7440 div=2.288 H=0.076 gd=0.660 lr=8.49e-04
  [PM3 tau=0.12 | slotted=False | warmup_cosine=False] epoch 161 | loss=0.8810 dist=0.7522 div=2.299 H=0.077 gd=0.717 lr=8.49e-04
  [PM3 tau=0.12 | slotted=False | warmup_cosine=False] epoch 162 | loss=0.8481 dist=0.7362 div=2.306 H=0.074 gd=0.700 lr=8.49e-04
  [PM3 tau=0.12 | slotted=False | warmup_cosine=False] epoch 163 | loss=0.8521 dist=0.7582 div=2.279 H=0.077 gd=0.673 lr=8.49e-04
  [PM3 tau=0.12 | slotted=False | warmup_cosine=False] epoch 164 | loss=0.8440 dist=0.7250 div=2.299 H=0.074 gd=0.666 lr=8.49e-04
  [PM3 tau=0.12 | slotted=False | warmup_cosine=False] epoch 165 | loss=0.8418 dist=0.7452 div=2.268 H=0.077 gd=0.677 lr=8.49e-04
  [PM3 tau=0.12 | slotted=False | warmup_cosine=False] early stopping at epoch 165 (no improvement for 30 epochs, best dist=0.7098)

────────────────────────────────────────────────────────────
Run complete in 8.9 min
Best dist:  0.7098 at epoch 135
Final dist: 0.7452
Saved → results/pm3_grid/pm3_tau0.12_slots0_warmup0.pkl
[gpu0] Finished: tau0.12_slots0_warmup0
[gpu0] Starting: tau0.15_slots0_warmup0
Run:        pm3_tau0.15_slots0_warmup0
Device:     cuda
Epochs:     200
Batch size: 512
LR:         8.49e-04  (auto-scaled from 0.0003 at batch=64)
Output:     results/pm3_grid/pm3_tau0.15_slots0_warmup0.pkl
────────────────────────────────────────────────────────────
/global/homes/d/danieltm/.conda/envs/influencer/lib/python3.11/site-packages/torch/nn/modules/transformer.py:296: UserWarning: The PyTorch API of nested tensors is in prototype stage and will change in the near future. (Triggered internally at /opt/conda/conda-bld/pytorch_1682343970094/work/aten/src/ATen/NestedTensorImpl.cpp:177.)
  output = torch._nested_tensor_from_mask(output, src_key_padding_mask.logical_not(), mask_check=False)
  [PM3 tau=0.15 | slotted=False | warmup_cosine=False] epoch   0 | loss=7.1281 dist=1.3600 div=1.774 H=0.264 gd=0.618 lr=8.49e-04
  [PM3 tau=0.15 | slotted=False | warmup_cosine=False] epoch   1 | loss=3.3648 dist=1.2330 div=1.873 H=0.231 gd=0.569 lr=8.49e-04
  [PM3 tau=0.15 | slotted=False | warmup_cosine=False] epoch   2 | loss=2.5515 dist=1.1447 div=1.964 H=0.209 gd=0.492 lr=8.49e-04
  [PM3 tau=0.15 | slotted=False | warmup_cosine=False] epoch   3 | loss=2.1879 dist=1.0814 div=1.985 H=0.199 gd=0.495 lr=8.49e-04
  [PM3 tau=0.15 | slotted=False | warmup_cosine=False] epoch   4 | loss=2.0059 dist=1.0514 div=2.029 H=0.188 gd=0.455 lr=8.49e-04
  [PM3 tau=0.15 | slotted=False | warmup_cosine=False] epoch   5 | loss=1.8874 dist=1.0120 div=2.101 H=0.178 gd=0.435 lr=8.49e-04
  [PM3 tau=0.15 | slotted=False | warmup_cosine=False] epoch   6 | loss=1.7717 dist=0.9752 div=2.091 H=0.171 gd=0.448 lr=8.49e-04
  [PM3 tau=0.15 | slotted=False | warmup_cosine=False] epoch   7 | loss=1.7012 dist=0.9686 div=2.125 H=0.162 gd=0.496 lr=8.49e-04
  [PM3 tau=0.15 | slotted=False | warmup_cosine=False] epoch   8 | loss=1.6174 dist=0.9672 div=2.143 H=0.151 gd=0.547 lr=8.49e-04
  [PM3 tau=0.15 | slotted=False | warmup_cosine=False] epoch   9 | loss=1.5404 dist=0.9417 div=2.169 H=0.134 gd=0.538 lr=8.49e-04
  [PM3 tau=0.15 | slotted=False | warmup_cosine=False] epoch  10 | loss=1.4231 dist=0.9178 div=2.188 H=0.122 gd=0.548 lr=8.49e-04
  [PM3 tau=0.15 | slotted=False | warmup_cosine=False] epoch  11 | loss=1.3332 dist=0.9000 div=2.218 H=0.116 gd=0.565 lr=8.49e-04
  [PM3 tau=0.15 | slotted=False | warmup_cosine=False] epoch  12 | loss=1.2740 dist=0.8921 div=2.217 H=0.117 gd=0.551 lr=8.49e-04
  [PM3 tau=0.15 | slotted=False | warmup_cosine=False] epoch  13 | loss=1.2248 dist=0.8856 div=2.217 H=0.116 gd=0.557 lr=8.49e-04
  [PM3 tau=0.15 | slotted=False | warmup_cosine=False] epoch  14 | loss=1.1864 dist=0.8791 div=2.221 H=0.115 gd=0.566 lr=8.49e-04
  [PM3 tau=0.15 | slotted=False | warmup_cosine=False] epoch  15 | loss=1.1593 dist=0.8638 div=2.239 H=0.110 gd=0.596 lr=8.49e-04
  [PM3 tau=0.15 | slotted=False | warmup_cosine=False] epoch  16 | loss=1.1569 dist=0.8641 div=2.234 H=0.110 gd=0.603 lr=8.49e-04
  [PM3 tau=0.15 | slotted=False | warmup_cosine=False] epoch  17 | loss=1.1308 dist=0.8559 div=2.233 H=0.109 gd=0.629 lr=8.49e-04
  [PM3 tau=0.15 | slotted=False | warmup_cosine=False] epoch  18 | loss=1.1084 dist=0.8477 div=2.238 H=0.109 gd=0.596 lr=8.49e-04
  [PM3 tau=0.15 | slotted=False | warmup_cosine=False] epoch  19 | loss=1.0858 dist=0.8466 div=2.250 H=0.106 gd=0.622 lr=8.49e-04
  [PM3 tau=0.15 | slotted=False | warmup_cosine=False] epoch  20 | loss=1.0804 dist=0.8441 div=2.254 H=0.109 gd=0.595 lr=8.49e-04
  [PM3 tau=0.15 | slotted=False | warmup_cosine=False] epoch  21 | loss=1.0750 dist=0.8381 div=2.266 H=0.108 gd=0.632 lr=8.49e-04
  [PM3 tau=0.15 | slotted=False | warmup_cosine=False] epoch  22 | loss=1.0667 dist=0.8314 div=2.228 H=0.108 gd=0.616 lr=8.49e-04
  [PM3 tau=0.15 | slotted=False | warmup_cosine=False] epoch  23 | loss=1.0577 dist=0.8351 div=2.253 H=0.106 gd=0.628 lr=8.49e-04
  [PM3 tau=0.15 | slotted=False | warmup_cosine=False] epoch  24 | loss=1.0508 dist=0.8358 div=2.253 H=0.105 gd=0.584 lr=8.49e-04
  [PM3 tau=0.15 | slotted=False | warmup_cosine=False] epoch  25 | loss=1.0437 dist=0.8300 div=2.268 H=0.102 gd=0.656 lr=8.49e-04
  [PM3 tau=0.15 | slotted=False | warmup_cosine=False] epoch  26 | loss=1.0274 dist=0.8255 div=2.245 H=0.105 gd=0.611 lr=8.49e-04
  [PM3 tau=0.15 | slotted=False | warmup_cosine=False] epoch  27 | loss=1.0120 dist=0.8153 div=2.291 H=0.100 gd=0.646 lr=8.49e-04
  [PM3 tau=0.15 | slotted=False | warmup_cosine=False] epoch  28 | loss=1.0008 dist=0.8162 div=2.271 H=0.100 gd=0.618 lr=8.49e-04
  [PM3 tau=0.15 | slotted=False | warmup_cosine=False] epoch  29 | loss=1.0008 dist=0.8191 div=2.276 H=0.103 gd=0.619 lr=8.49e-04
  [PM3 tau=0.15 | slotted=False | warmup_cosine=False] epoch  30 | loss=1.0013 dist=0.8103 div=2.279 H=0.102 gd=0.625 lr=8.49e-04
  [PM3 tau=0.15 | slotted=False | warmup_cosine=False] epoch  31 | loss=0.9985 dist=0.8089 div=2.280 H=0.101 gd=0.605 lr=8.49e-04
  [PM3 tau=0.15 | slotted=False | warmup_cosine=False] epoch  32 | loss=0.9852 dist=0.8083 div=2.280 H=0.098 gd=0.663 lr=8.49e-04
  [PM3 tau=0.15 | slotted=False | warmup_cosine=False] epoch  33 | loss=0.9803 dist=0.8051 div=2.290 H=0.100 gd=0.615 lr=8.49e-04
  [PM3 tau=0.15 | slotted=False | warmup_cosine=False] epoch  34 | loss=0.9749 dist=0.8241 div=2.282 H=0.099 gd=0.717 lr=8.49e-04
  [PM3 tau=0.15 | slotted=False | warmup_cosine=False] epoch  35 | loss=0.9676 dist=0.8012 div=2.278 H=0.098 gd=0.667 lr=8.49e-04
  [PM3 tau=0.15 | slotted=False | warmup_cosine=False] epoch  36 | loss=0.9598 dist=0.8031 div=2.281 H=0.097 gd=0.625 lr=8.49e-04
  [PM3 tau=0.15 | slotted=False | warmup_cosine=False] epoch  37 | loss=0.9433 dist=0.7940 div=2.295 H=0.098 gd=0.676 lr=8.49e-04
  [PM3 tau=0.15 | slotted=False | warmup_cosine=False] epoch  38 | loss=0.9525 dist=0.8044 div=2.281 H=0.101 gd=0.675 lr=8.49e-04
  [PM3 tau=0.15 | slotted=False | warmup_cosine=False] epoch  39 | loss=0.9559 dist=0.8078 div=2.282 H=0.097 gd=0.662 lr=8.49e-04
  [PM3 tau=0.15 | slotted=False | warmup_cosine=False] epoch  40 | loss=0.9505 dist=0.7870 div=2.297 H=0.095 gd=0.702 lr=8.49e-04
  [PM3 tau=0.15 | slotted=False | warmup_cosine=False] epoch  41 | loss=0.9384 dist=0.8071 div=2.281 H=0.099 gd=0.700 lr=8.49e-04
  [PM3 tau=0.15 | slotted=False | warmup_cosine=False] epoch  42 | loss=0.9457 dist=0.7991 div=2.279 H=0.099 gd=0.657 lr=8.49e-04
  [PM3 tau=0.15 | slotted=False | warmup_cosine=False] epoch  43 | loss=0.9395 dist=0.8021 div=2.288 H=0.099 gd=0.650 lr=8.49e-04
  [PM3 tau=0.15 | slotted=False | warmup_cosine=False] epoch  44 | loss=0.9377 dist=0.8285 div=2.290 H=0.096 gd=0.627 lr=8.49e-04
  [PM3 tau=0.15 | slotted=False | warmup_cosine=False] epoch  45 | loss=0.9328 dist=0.7904 div=2.267 H=0.098 gd=0.680 lr=8.49e-04
  [PM3 tau=0.15 | slotted=False | warmup_cosine=False] epoch  46 | loss=0.9245 dist=0.7815 div=2.296 H=0.094 gd=0.664 lr=8.49e-04
  [PM3 tau=0.15 | slotted=False | warmup_cosine=False] epoch  47 | loss=0.9148 dist=0.7797 div=2.287 H=0.096 gd=0.700 lr=8.49e-04
  [PM3 tau=0.15 | slotted=False | warmup_cosine=False] epoch  48 | loss=0.9121 dist=0.7957 div=2.305 H=0.096 gd=0.672 lr=8.49e-04
  [PM3 tau=0.15 | slotted=False | warmup_cosine=False] epoch  49 | loss=0.9231 dist=0.7772 div=2.285 H=0.095 gd=0.679 lr=8.49e-04
  [PM3 tau=0.15 | slotted=False | warmup_cosine=False] epoch  50 | loss=0.9111 dist=0.7862 div=2.304 H=0.094 gd=0.641 lr=8.49e-04
  [PM3 tau=0.15 | slotted=False | warmup_cosine=False] epoch  51 | loss=0.9132 dist=0.7849 div=2.291 H=0.094 gd=0.629 lr=8.49e-04
  [PM3 tau=0.15 | slotted=False | warmup_cosine=False] epoch  52 | loss=0.9156 dist=0.7804 div=2.278 H=0.096 gd=0.676 lr=8.49e-04
  [PM3 tau=0.15 | slotted=False | warmup_cosine=False] epoch  53 | loss=0.9159 dist=0.7982 div=2.274 H=0.097 gd=0.625 lr=8.49e-04
  [PM3 tau=0.15 | slotted=False | warmup_cosine=False] epoch  54 | loss=0.9123 dist=0.7690 div=2.305 H=0.096 gd=0.708 lr=8.49e-04
  [PM3 tau=0.15 | slotted=False | warmup_cosine=False] epoch  55 | loss=0.8967 dist=0.7863 div=2.314 H=0.095 gd=0.647 lr=8.49e-04
  [PM3 tau=0.15 | slotted=False | warmup_cosine=False] epoch  56 | loss=0.8957 dist=0.7705 div=2.296 H=0.093 gd=0.686 lr=8.49e-04
  [PM3 tau=0.15 | slotted=False | warmup_cosine=False] epoch  57 | loss=0.8881 dist=0.7679 div=2.312 H=0.091 gd=0.728 lr=8.49e-04
  [PM3 tau=0.15 | slotted=False | warmup_cosine=False] epoch  58 | loss=0.8948 dist=0.7611 div=2.307 H=0.093 gd=0.647 lr=8.49e-04
  [PM3 tau=0.15 | slotted=False | warmup_cosine=False] epoch  59 | loss=0.8843 dist=0.7640 div=2.300 H=0.091 gd=0.701 lr=8.49e-04
  [PM3 tau=0.15 | slotted=False | warmup_cosine=False] epoch  60 | loss=0.8838 dist=0.7739 div=2.296 H=0.095 gd=0.593 lr=8.49e-04
  [PM3 tau=0.15 | slotted=False | warmup_cosine=False] epoch  61 | loss=0.8836 dist=0.7796 div=2.301 H=0.093 gd=0.607 lr=8.49e-04
  [PM3 tau=0.15 | slotted=False | warmup_cosine=False] epoch  62 | loss=0.8768 dist=0.7813 div=2.319 H=0.091 gd=0.662 lr=8.49e-04
  [PM3 tau=0.15 | slotted=False | warmup_cosine=False] epoch  63 | loss=0.8753 dist=0.7829 div=2.309 H=0.090 gd=0.725 lr=8.49e-04
  [PM3 tau=0.15 | slotted=False | warmup_cosine=False] epoch  64 | loss=0.8674 dist=0.7728 div=2.315 H=0.091 gd=0.640 lr=8.49e-04
  [PM3 tau=0.15 | slotted=False | warmup_cosine=False] epoch  65 | loss=0.8642 dist=0.7782 div=2.312 H=0.090 gd=0.650 lr=8.49e-04
  [PM3 tau=0.15 | slotted=False | warmup_cosine=False] epoch  66 | loss=0.8647 dist=0.7713 div=2.324 H=0.089 gd=0.613 lr=8.49e-04
  [PM3 tau=0.15 | slotted=False | warmup_cosine=False] epoch  67 | loss=0.8637 dist=0.7743 div=2.292 H=0.090 gd=0.689 lr=8.49e-04
  [PM3 tau=0.15 | slotted=False | warmup_cosine=False] epoch  68 | loss=0.8677 dist=0.7658 div=2.315 H=0.088 gd=0.639 lr=8.49e-04
  [PM3 tau=0.15 | slotted=False | warmup_cosine=False] epoch  69 | loss=0.8688 dist=0.7800 div=2.309 H=0.090 gd=0.648 lr=8.49e-04
  [PM3 tau=0.15 | slotted=False | warmup_cosine=False] epoch  70 | loss=0.8717 dist=0.7662 div=2.303 H=0.087 gd=0.644 lr=8.49e-04
  [PM3 tau=0.15 | slotted=False | warmup_cosine=False] epoch  71 | loss=0.8518 dist=0.7844 div=2.321 H=0.090 gd=0.661 lr=8.49e-04
  [PM3 tau=0.15 | slotted=False | warmup_cosine=False] epoch  72 | loss=0.8466 dist=0.7642 div=2.297 H=0.087 gd=0.672 lr=8.49e-04
  [PM3 tau=0.15 | slotted=False | warmup_cosine=False] epoch  73 | loss=0.8527 dist=0.7650 div=2.327 H=0.088 gd=0.579 lr=8.49e-04
  [PM3 tau=0.15 | slotted=False | warmup_cosine=False] epoch  74 | loss=0.8492 dist=0.7647 div=2.297 H=0.089 gd=0.644 lr=8.49e-04
  [PM3 tau=0.15 | slotted=False | warmup_cosine=False] epoch  75 | loss=0.8443 dist=0.7596 div=2.312 H=0.088 gd=0.627 lr=8.49e-04
  [PM3 tau=0.15 | slotted=False | warmup_cosine=False] epoch  76 | loss=0.8377 dist=0.7580 div=2.328 H=0.087 gd=0.632 lr=8.49e-04
  [PM3 tau=0.15 | slotted=False | warmup_cosine=False] epoch  77 | loss=0.8384 dist=0.7517 div=2.307 H=0.087 gd=0.593 lr=8.49e-04
  [PM3 tau=0.15 | slotted=False | warmup_cosine=False] epoch  78 | loss=0.8256 dist=0.7490 div=2.317 H=0.085 gd=0.669 lr=8.49e-04
  [PM3 tau=0.15 | slotted=False | warmup_cosine=False] epoch  79 | loss=0.8241 dist=0.7549 div=2.303 H=0.088 gd=0.659 lr=8.49e-04
  [PM3 tau=0.15 | slotted=False | warmup_cosine=False] epoch  80 | loss=0.8291 dist=0.7643 div=2.315 H=0.087 gd=0.642 lr=8.49e-04
  [PM3 tau=0.15 | slotted=False | warmup_cosine=False] epoch  81 | loss=0.8276 dist=0.7536 div=2.328 H=0.085 gd=0.657 lr=8.49e-04
  [PM3 tau=0.15 | slotted=False | warmup_cosine=False] epoch  82 | loss=0.8245 dist=0.7502 div=2.323 H=0.086 gd=0.698 lr=8.49e-04
  [PM3 tau=0.15 | slotted=False | warmup_cosine=False] epoch  83 | loss=0.8252 dist=0.7494 div=2.303 H=0.087 gd=0.626 lr=8.49e-04
  [PM3 tau=0.15 | slotted=False | warmup_cosine=False] epoch  84 | loss=0.8194 dist=0.7657 div=2.324 H=0.087 gd=0.657 lr=8.49e-04
  [PM3 tau=0.15 | slotted=False | warmup_cosine=False] epoch  85 | loss=0.8396 dist=0.7525 div=2.300 H=0.088 gd=0.635 lr=8.49e-04
  [PM3 tau=0.15 | slotted=False | warmup_cosine=False] epoch  86 | loss=0.8237 dist=0.7469 div=2.314 H=0.086 gd=0.664 lr=8.49e-04
  [PM3 tau=0.15 | slotted=False | warmup_cosine=False] epoch  87 | loss=0.8283 dist=0.7637 div=2.307 H=0.086 gd=0.702 lr=8.49e-04
  [PM3 tau=0.15 | slotted=False | warmup_cosine=False] epoch  88 | loss=0.8244 dist=0.7488 div=2.327 H=0.086 gd=0.655 lr=8.49e-04
  [PM3 tau=0.15 | slotted=False | warmup_cosine=False] epoch  89 | loss=0.8282 dist=0.7515 div=2.325 H=0.086 gd=0.649 lr=8.49e-04
  [PM3 tau=0.15 | slotted=False | warmup_cosine=False] epoch  90 | loss=0.8129 dist=0.7581 div=2.309 H=0.086 gd=0.607 lr=8.49e-04
  [PM3 tau=0.15 | slotted=False | warmup_cosine=False] epoch  91 | loss=0.8293 dist=0.7569 div=2.315 H=0.088 gd=0.647 lr=8.49e-04
  [PM3 tau=0.15 | slotted=False | warmup_cosine=False] epoch  92 | loss=0.8234 dist=0.7520 div=2.330 H=0.086 gd=0.650 lr=8.49e-04
  [PM3 tau=0.15 | slotted=False | warmup_cosine=False] epoch  93 | loss=0.8171 dist=0.7475 div=2.314 H=0.085 gd=0.702 lr=8.49e-04
  [PM3 tau=0.15 | slotted=False | warmup_cosine=False] epoch  94 | loss=0.8168 dist=0.7542 div=2.331 H=0.085 gd=0.685 lr=8.49e-04
  [PM3 tau=0.15 | slotted=False | warmup_cosine=False] epoch  95 | loss=0.8142 dist=0.7502 div=2.325 H=0.085 gd=0.697 lr=8.49e-04
  [PM3 tau=0.15 | slotted=False | warmup_cosine=False] epoch  96 | loss=0.8253 dist=0.7614 div=2.312 H=0.086 gd=0.594 lr=8.49e-04
  [PM3 tau=0.15 | slotted=False | warmup_cosine=False] epoch  97 | loss=0.8316 dist=0.7552 div=2.310 H=0.089 gd=0.623 lr=8.49e-04
  [PM3 tau=0.15 | slotted=False | warmup_cosine=False] epoch  98 | loss=0.8384 dist=0.7743 div=2.305 H=0.090 gd=0.671 lr=8.49e-04
  [PM3 tau=0.15 | slotted=False | warmup_cosine=False] epoch  99 | loss=0.8411 dist=0.7661 div=2.311 H=0.087 gd=0.706 lr=8.49e-04
  [PM3 tau=0.15 | slotted=False | warmup_cosine=False] epoch 100 | loss=0.8294 dist=0.7758 div=2.298 H=0.090 gd=0.636 lr=8.49e-04
  [PM3 tau=0.15 | slotted=False | warmup_cosine=False] epoch 101 | loss=0.8316 dist=0.7528 div=2.310 H=0.088 gd=0.702 lr=8.49e-04
  [PM3 tau=0.15 | slotted=False | warmup_cosine=False] epoch 102 | loss=0.8335 dist=0.7617 div=2.312 H=0.088 gd=0.630 lr=8.49e-04
  [PM3 tau=0.15 | slotted=False | warmup_cosine=False] epoch 103 | loss=0.8257 dist=0.7364 div=2.314 H=0.086 gd=0.709 lr=8.49e-04
  [PM3 tau=0.15 | slotted=False | warmup_cosine=False] epoch 104 | loss=0.8109 dist=0.7401 div=2.318 H=0.087 gd=0.649 lr=8.49e-04
  [PM3 tau=0.15 | slotted=False | warmup_cosine=False] epoch 105 | loss=0.8115 dist=0.7387 div=2.302 H=0.085 gd=0.638 lr=8.49e-04
  [PM3 tau=0.15 | slotted=False | warmup_cosine=False] epoch 106 | loss=0.8108 dist=0.7429 div=2.307 H=0.085 gd=0.650 lr=8.49e-04
  [PM3 tau=0.15 | slotted=False | warmup_cosine=False] epoch 107 | loss=0.8132 dist=0.7433 div=2.317 H=0.085 gd=0.719 lr=8.49e-04
  [PM3 tau=0.15 | slotted=False | warmup_cosine=False] epoch 108 | loss=0.8079 dist=0.7486 div=2.318 H=0.085 gd=0.694 lr=8.49e-04
  [PM3 tau=0.15 | slotted=False | warmup_cosine=False] epoch 109 | loss=0.8018 dist=0.7364 div=2.306 H=0.084 gd=0.754 lr=8.49e-04
  [PM3 tau=0.15 | slotted=False | warmup_cosine=False] epoch 110 | loss=0.8054 dist=0.7582 div=2.328 H=0.085 gd=0.638 lr=8.49e-04
  [PM3 tau=0.15 | slotted=False | warmup_cosine=False] epoch 111 | loss=0.8072 dist=0.7511 div=2.322 H=0.086 gd=0.592 lr=8.49e-04
  [PM3 tau=0.15 | slotted=False | warmup_cosine=False] epoch 112 | loss=0.8075 dist=0.7656 div=2.313 H=0.089 gd=0.576 lr=8.49e-04
  [PM3 tau=0.15 | slotted=False | warmup_cosine=False] epoch 113 | loss=0.8212 dist=0.7532 div=2.329 H=0.085 gd=0.710 lr=8.49e-04
  [PM3 tau=0.15 | slotted=False | warmup_cosine=False] epoch 114 | loss=0.8112 dist=0.7501 div=2.338 H=0.085 gd=0.695 lr=8.49e-04
  [PM3 tau=0.15 | slotted=False | warmup_cosine=False] epoch 115 | loss=0.8233 dist=0.7514 div=2.325 H=0.085 gd=0.653 lr=8.49e-04
  [PM3 tau=0.15 | slotted=False | warmup_cosine=False] epoch 116 | loss=0.8241 dist=0.7595 div=2.308 H=0.089 gd=0.659 lr=8.49e-04
  [PM3 tau=0.15 | slotted=False | warmup_cosine=False] epoch 117 | loss=0.8291 dist=0.7643 div=2.319 H=0.087 gd=0.641 lr=8.49e-04
  [PM3 tau=0.15 | slotted=False | warmup_cosine=False] epoch 118 | loss=0.8313 dist=0.7485 div=2.330 H=0.086 gd=0.642 lr=8.49e-04
  [PM3 tau=0.15 | slotted=False | warmup_cosine=False] epoch 119 | loss=0.8112 dist=0.7332 div=2.323 H=0.085 gd=0.637 lr=8.49e-04
  [PM3 tau=0.15 | slotted=False | warmup_cosine=False] epoch 120 | loss=0.8089 dist=0.7654 div=2.309 H=0.088 gd=0.568 lr=8.49e-04
  [PM3 tau=0.15 | slotted=False | warmup_cosine=False] epoch 121 | loss=0.8115 dist=0.7425 div=2.325 H=0.085 gd=0.627 lr=8.49e-04
  [PM3 tau=0.15 | slotted=False | warmup_cosine=False] epoch 122 | loss=0.8108 dist=0.7352 div=2.305 H=0.085 gd=0.686 lr=8.49e-04
  [PM3 tau=0.15 | slotted=False | warmup_cosine=False] epoch 123 | loss=0.8043 dist=0.7443 div=2.332 H=0.083 gd=0.674 lr=8.49e-04
  [PM3 tau=0.15 | slotted=False | warmup_cosine=False] epoch 124 | loss=0.8208 dist=0.7411 div=2.298 H=0.086 gd=0.672 lr=8.49e-04
  [PM3 tau=0.15 | slotted=False | warmup_cosine=False] epoch 125 | loss=0.8065 dist=0.7425 div=2.315 H=0.084 gd=0.659 lr=8.49e-04
  [PM3 tau=0.15 | slotted=False | warmup_cosine=False] epoch 126 | loss=0.8013 dist=0.7371 div=2.314 H=0.084 gd=0.693 lr=8.49e-04
  [PM3 tau=0.15 | slotted=False | warmup_cosine=False] epoch 127 | loss=0.8089 dist=0.7364 div=2.312 H=0.085 gd=0.689 lr=8.49e-04
  [PM3 tau=0.15 | slotted=False | warmup_cosine=False] epoch 128 | loss=0.8052 dist=0.7416 div=2.313 H=0.085 gd=0.632 lr=8.49e-04
  [PM3 tau=0.15 | slotted=False | warmup_cosine=False] epoch 129 | loss=0.8160 dist=0.7349 div=2.322 H=0.083 gd=0.665 lr=8.49e-04
  [PM3 tau=0.15 | slotted=False | warmup_cosine=False] epoch 130 | loss=0.8012 dist=0.7379 div=2.315 H=0.084 gd=0.645 lr=8.49e-04
  [PM3 tau=0.15 | slotted=False | warmup_cosine=False] epoch 131 | loss=0.8111 dist=0.7526 div=2.319 H=0.083 gd=0.648 lr=8.49e-04
  [PM3 tau=0.15 | slotted=False | warmup_cosine=False] epoch 132 | loss=0.8086 dist=0.7344 div=2.321 H=0.083 gd=0.634 lr=8.49e-04
  [PM3 tau=0.15 | slotted=False | warmup_cosine=False] epoch 133 | loss=0.8130 dist=0.7441 div=2.306 H=0.084 gd=0.724 lr=8.49e-04
  [PM3 tau=0.15 | slotted=False | warmup_cosine=False] epoch 134 | loss=0.8118 dist=0.7352 div=2.312 H=0.085 gd=0.670 lr=8.49e-04
  [PM3 tau=0.15 | slotted=False | warmup_cosine=False] epoch 135 | loss=0.8058 dist=0.7317 div=2.332 H=0.083 gd=0.671 lr=8.49e-04
  [PM3 tau=0.15 | slotted=False | warmup_cosine=False] epoch 136 | loss=0.8014 dist=0.7313 div=2.315 H=0.084 gd=0.619 lr=8.49e-04
  [PM3 tau=0.15 | slotted=False | warmup_cosine=False] epoch 137 | loss=0.8000 dist=0.7672 div=2.331 H=0.085 gd=0.774 lr=8.49e-04
  [PM3 tau=0.15 | slotted=False | warmup_cosine=False] epoch 138 | loss=0.7972 dist=0.7438 div=2.328 H=0.083 gd=0.683 lr=8.49e-04
  [PM3 tau=0.15 | slotted=False | warmup_cosine=False] epoch 139 | loss=0.7972 dist=0.7365 div=2.331 H=0.084 gd=0.634 lr=8.49e-04
  [PM3 tau=0.15 | slotted=False | warmup_cosine=False] epoch 140 | loss=0.7951 dist=0.7484 div=2.336 H=0.084 gd=0.711 lr=8.49e-04
  [PM3 tau=0.15 | slotted=False | warmup_cosine=False] epoch 141 | loss=0.7965 dist=0.7416 div=2.338 H=0.082 gd=0.657 lr=8.49e-04
  [PM3 tau=0.15 | slotted=False | warmup_cosine=False] epoch 142 | loss=0.8011 dist=0.7395 div=2.328 H=0.084 gd=0.647 lr=8.49e-04
  [PM3 tau=0.15 | slotted=False | warmup_cosine=False] epoch 143 | loss=0.8031 dist=0.7355 div=2.324 H=0.085 gd=0.576 lr=8.49e-04
  [PM3 tau=0.15 | slotted=False | warmup_cosine=False] epoch 144 | loss=0.8054 dist=0.7493 div=2.296 H=0.085 gd=0.617 lr=8.49e-04
  [PM3 tau=0.15 | slotted=False | warmup_cosine=False] epoch 145 | loss=0.8108 dist=0.7442 div=2.300 H=0.084 gd=0.687 lr=8.49e-04
  [PM3 tau=0.15 | slotted=False | warmup_cosine=False] epoch 146 | loss=0.8003 dist=0.7295 div=2.336 H=0.083 gd=0.579 lr=8.49e-04
  [PM3 tau=0.15 | slotted=False | warmup_cosine=False] epoch 147 | loss=0.7893 dist=0.7341 div=2.309 H=0.083 gd=0.671 lr=8.49e-04
  [PM3 tau=0.15 | slotted=False | warmup_cosine=False] epoch 148 | loss=0.7975 dist=0.7359 div=2.315 H=0.084 gd=0.615 lr=8.49e-04
  [PM3 tau=0.15 | slotted=False | warmup_cosine=False] epoch 149 | loss=0.7972 dist=0.7363 div=2.344 H=0.082 gd=0.683 lr=8.49e-04
  [PM3 tau=0.15 | slotted=False | warmup_cosine=False] epoch 150 | loss=0.7895 dist=0.7361 div=2.327 H=0.082 gd=0.639 lr=8.49e-04
  [PM3 tau=0.15 | slotted=False | warmup_cosine=False] epoch 151 | loss=0.8013 dist=0.7363 div=2.315 H=0.084 gd=0.627 lr=8.49e-04
  [PM3 tau=0.15 | slotted=False | warmup_cosine=False] epoch 152 | loss=0.7927 dist=0.7412 div=2.320 H=0.083 gd=0.585 lr=8.49e-04
  [PM3 tau=0.15 | slotted=False | warmup_cosine=False] epoch 153 | loss=0.7955 dist=0.7350 div=2.304 H=0.083 gd=0.696 lr=8.49e-04
  [PM3 tau=0.15 | slotted=False | warmup_cosine=False] epoch 154 | loss=0.8025 dist=0.7336 div=2.307 H=0.084 gd=0.634 lr=8.49e-04
  [PM3 tau=0.15 | slotted=False | warmup_cosine=False] epoch 155 | loss=0.8003 dist=0.7474 div=2.321 H=0.084 gd=0.596 lr=8.49e-04
  [PM3 tau=0.15 | slotted=False | warmup_cosine=False] epoch 156 | loss=0.8015 dist=0.7479 div=2.334 H=0.084 gd=0.678 lr=8.49e-04
  [PM3 tau=0.15 | slotted=False | warmup_cosine=False] epoch 157 | loss=0.8045 dist=0.7530 div=2.335 H=0.083 gd=0.610 lr=8.49e-04
  [PM3 tau=0.15 | slotted=False | warmup_cosine=False] epoch 158 | loss=0.7976 dist=0.7333 div=2.327 H=0.082 gd=0.636 lr=8.49e-04
  [PM3 tau=0.15 | slotted=False | warmup_cosine=False] epoch 159 | loss=0.8015 dist=0.7352 div=2.310 H=0.085 gd=0.584 lr=8.49e-04
  [PM3 tau=0.15 | slotted=False | warmup_cosine=False] epoch 160 | loss=0.7966 dist=0.7261 div=2.304 H=0.084 gd=0.569 lr=8.49e-04
  [PM3 tau=0.15 | slotted=False | warmup_cosine=False] epoch 161 | loss=0.7888 dist=0.7248 div=2.309 H=0.082 gd=0.564 lr=8.49e-04
  [PM3 tau=0.15 | slotted=False | warmup_cosine=False] epoch 162 | loss=0.7656 dist=0.7087 div=2.326 H=0.081 gd=0.588 lr=8.49e-04
  [PM3 tau=0.15 | slotted=False | warmup_cosine=False] epoch 163 | loss=0.7638 dist=0.7161 div=2.320 H=0.082 gd=0.604 lr=8.49e-04
  [PM3 tau=0.15 | slotted=False | warmup_cosine=False] epoch 164 | loss=0.7489 dist=0.7048 div=2.352 H=0.079 gd=0.584 lr=8.49e-04
  [PM3 tau=0.15 | slotted=False | warmup_cosine=False] epoch 165 | loss=0.7533 dist=0.7082 div=2.335 H=0.080 gd=0.595 lr=8.49e-04
  [PM3 tau=0.15 | slotted=False | warmup_cosine=False] epoch 166 | loss=0.7547 dist=0.7042 div=2.323 H=0.081 gd=0.614 lr=8.49e-04
  [PM3 tau=0.15 | slotted=False | warmup_cosine=False] epoch 167 | loss=0.7533 dist=0.7069 div=2.342 H=0.084 gd=0.553 lr=8.49e-04
  [PM3 tau=0.15 | slotted=False | warmup_cosine=False] epoch 168 | loss=0.7494 dist=0.7198 div=2.319 H=0.082 gd=0.565 lr=8.49e-04
  [PM3 tau=0.15 | slotted=False | warmup_cosine=False] epoch 169 | loss=0.7429 dist=0.7160 div=2.323 H=0.080 gd=0.632 lr=8.49e-04
  [PM3 tau=0.15 | slotted=False | warmup_cosine=False] epoch 170 | loss=0.7357 dist=0.7018 div=2.355 H=0.080 gd=0.554 lr=8.49e-04
  [PM3 tau=0.15 | slotted=False | warmup_cosine=False] epoch 171 | loss=0.7474 dist=0.7057 div=2.327 H=0.078 gd=0.666 lr=8.49e-04
  [PM3 tau=0.15 | slotted=False | warmup_cosine=False] epoch 172 | loss=0.7266 dist=0.6925 div=2.352 H=0.077 gd=0.549 lr=8.49e-04
  [PM3 tau=0.15 | slotted=False | warmup_cosine=False] epoch 173 | loss=0.7080 dist=0.6809 div=2.362 H=0.076 gd=0.609 lr=8.49e-04
  [PM3 tau=0.15 | slotted=False | warmup_cosine=False] epoch 174 | loss=0.7077 dist=0.6660 div=2.357 H=0.075 gd=0.631 lr=8.49e-04
  [PM3 tau=0.15 | slotted=False | warmup_cosine=False] epoch 175 | loss=0.6906 dist=0.6662 div=2.362 H=0.075 gd=0.574 lr=8.49e-04
  [PM3 tau=0.15 | slotted=False | warmup_cosine=False] epoch 176 | loss=0.6928 dist=0.6648 div=2.356 H=0.076 gd=0.605 lr=8.49e-04
  [PM3 tau=0.15 | slotted=False | warmup_cosine=False] epoch 177 | loss=0.6984 dist=0.6719 div=2.355 H=0.077 gd=0.623 lr=8.49e-04
  [PM3 tau=0.15 | slotted=False | warmup_cosine=False] epoch 178 | loss=0.6967 dist=0.6706 div=2.355 H=0.076 gd=0.614 lr=8.49e-04
  [PM3 tau=0.15 | slotted=False | warmup_cosine=False] epoch 179 | loss=0.7014 dist=0.6506 div=2.346 H=0.075 gd=0.660 lr=8.49e-04
  [PM3 tau=0.15 | slotted=False | warmup_cosine=False] epoch 180 | loss=0.6867 dist=0.6468 div=2.348 H=0.076 gd=0.645 lr=8.49e-04
  [PM3 tau=0.15 | slotted=False | warmup_cosine=False] epoch 181 | loss=0.6935 dist=0.6572 div=2.368 H=0.078 gd=0.595 lr=8.49e-04
  [PM3 tau=0.15 | slotted=False | warmup_cosine=False] epoch 182 | loss=0.6902 dist=0.6681 div=2.352 H=0.076 gd=0.661 lr=8.49e-04
  [PM3 tau=0.15 | slotted=False | warmup_cosine=False] epoch 183 | loss=0.6866 dist=0.6641 div=2.352 H=0.081 gd=0.521 lr=8.49e-04
  [PM3 tau=0.15 | slotted=False | warmup_cosine=False] epoch 184 | loss=0.7074 dist=0.6622 div=2.349 H=0.078 gd=0.636 lr=8.49e-04
  [PM3 tau=0.15 | slotted=False | warmup_cosine=False] epoch 185 | loss=0.6976 dist=0.6598 div=2.347 H=0.075 gd=0.626 lr=8.49e-04
  [PM3 tau=0.15 | slotted=False | warmup_cosine=False] epoch 186 | loss=0.6867 dist=0.6461 div=2.358 H=0.072 gd=0.571 lr=8.49e-04
  [PM3 tau=0.15 | slotted=False | warmup_cosine=False] epoch 187 | loss=0.6715 dist=0.6339 div=2.350 H=0.071 gd=0.550 lr=8.49e-04
  [PM3 tau=0.15 | slotted=False | warmup_cosine=False] epoch 188 | loss=0.6701 dist=0.6204 div=2.363 H=0.068 gd=0.540 lr=8.49e-04
  [PM3 tau=0.15 | slotted=False | warmup_cosine=False] epoch 189 | loss=0.6546 dist=0.6203 div=2.333 H=0.069 gd=0.615 lr=8.49e-04
  [PM3 tau=0.15 | slotted=False | warmup_cosine=False] epoch 190 | loss=0.6502 dist=0.6270 div=2.356 H=0.072 gd=0.583 lr=8.49e-04
  [PM3 tau=0.15 | slotted=False | warmup_cosine=False] epoch 191 | loss=0.6456 dist=0.6307 div=2.348 H=0.071 gd=0.554 lr=8.49e-04
  [PM3 tau=0.15 | slotted=False | warmup_cosine=False] epoch 192 | loss=0.6470 dist=0.6162 div=2.357 H=0.069 gd=0.476 lr=8.49e-04
  [PM3 tau=0.15 | slotted=False | warmup_cosine=False] epoch 193 | loss=0.6395 dist=0.6117 div=2.357 H=0.068 gd=0.577 lr=8.49e-04
  [PM3 tau=0.15 | slotted=False | warmup_cosine=False] epoch 194 | loss=0.6476 dist=0.6365 div=2.371 H=0.071 gd=0.565 lr=8.49e-04
  [PM3 tau=0.15 | slotted=False | warmup_cosine=False] epoch 195 | loss=0.6438 dist=0.6176 div=2.384 H=0.067 gd=0.619 lr=8.49e-04
  [PM3 tau=0.15 | slotted=False | warmup_cosine=False] epoch 196 | loss=0.6388 dist=0.6090 div=2.377 H=0.068 gd=0.621 lr=8.49e-04
  [PM3 tau=0.15 | slotted=False | warmup_cosine=False] epoch 197 | loss=0.6369 dist=0.6113 div=2.376 H=0.068 gd=0.572 lr=8.49e-04
  [PM3 tau=0.15 | slotted=False | warmup_cosine=False] epoch 198 | loss=0.6357 dist=0.6216 div=2.349 H=0.072 gd=0.457 lr=8.49e-04
  [PM3 tau=0.15 | slotted=False | warmup_cosine=False] epoch 199 | loss=0.6393 dist=0.6153 div=2.353 H=0.069 gd=0.589 lr=8.49e-04

────────────────────────────────────────────────────────────
Run complete in 10.9 min
Best dist:  0.6090 at epoch 196
Final dist: 0.6153
Saved → results/pm3_grid/pm3_tau0.15_slots0_warmup0.pkl
[gpu0] Finished: tau0.15_slots0_warmup0
