[gpu2] Starting: tau0.12_slots0_warmup1
Run:        pm3_tau0.12_slots0_warmup1
Device:     cuda
Epochs:     200
Batch size: 512
LR:         8.49e-04  (auto-scaled from 0.0003 at batch=64)
Output:     results/pm3_grid/pm3_tau0.12_slots0_warmup1.pkl
────────────────────────────────────────────────────────────
/global/homes/d/danieltm/.conda/envs/influencer/lib/python3.11/site-packages/torch/nn/modules/transformer.py:296: UserWarning: The PyTorch API of nested tensors is in prototype stage and will change in the near future. (Triggered internally at /opt/conda/conda-bld/pytorch_1682343970094/work/aten/src/ATen/NestedTensorImpl.cpp:177.)
  output = torch._nested_tensor_from_mask(output, src_key_padding_mask.logical_not(), mask_check=False)
  [PM3 tau=0.12 | slotted=False | warmup_cosine=True] epoch   0 | loss=9.9276 dist=1.5336 div=1.518 H=0.207 gd=0.669 lr=3.39e-04
  [PM3 tau=0.12 | slotted=False | warmup_cosine=True] epoch   1 | loss=4.6471 dist=1.3069 div=1.779 H=0.194 gd=0.614 lr=5.09e-04
  [PM3 tau=0.12 | slotted=False | warmup_cosine=True] epoch   2 | loss=3.0003 dist=1.2022 div=1.894 H=0.178 gd=0.492 lr=6.79e-04
  [PM3 tau=0.12 | slotted=False | warmup_cosine=True] epoch   3 | loss=2.3799 dist=1.1285 div=1.951 H=0.169 gd=0.486 lr=8.49e-04
  [PM3 tau=0.12 | slotted=False | warmup_cosine=True] epoch   4 | loss=2.0777 dist=1.0744 div=2.014 H=0.159 gd=0.446 lr=8.49e-04
  [PM3 tau=0.12 | slotted=False | warmup_cosine=True] epoch   5 | loss=1.9009 dist=1.0535 div=2.053 H=0.154 gd=0.420 lr=8.48e-04
  [PM3 tau=0.12 | slotted=False | warmup_cosine=True] epoch   6 | loss=1.8102 dist=1.0252 div=2.064 H=0.145 gd=0.432 lr=8.48e-04
  [PM3 tau=0.12 | slotted=False | warmup_cosine=True] epoch   7 | loss=1.7429 dist=1.0192 div=2.072 H=0.141 gd=0.455 lr=8.48e-04
  [PM3 tau=0.12 | slotted=False | warmup_cosine=True] epoch   8 | loss=1.6683 dist=1.0163 div=2.112 H=0.128 gd=0.497 lr=8.48e-04
  [PM3 tau=0.12 | slotted=False | warmup_cosine=True] epoch   9 | loss=1.5595 dist=0.9938 div=2.112 H=0.117 gd=0.504 lr=8.47e-04
  [PM3 tau=0.12 | slotted=False | warmup_cosine=True] epoch  10 | loss=1.4650 dist=0.9804 div=2.137 H=0.112 gd=0.501 lr=8.47e-04
  [PM3 tau=0.12 | slotted=False | warmup_cosine=True] epoch  11 | loss=1.3942 dist=0.9332 div=2.166 H=0.106 gd=0.550 lr=8.46e-04
  [PM3 tau=0.12 | slotted=False | warmup_cosine=True] epoch  12 | loss=1.3319 dist=0.9267 div=2.171 H=0.107 gd=0.557 lr=8.45e-04
  [PM3 tau=0.12 | slotted=False | warmup_cosine=True] epoch  13 | loss=1.2920 dist=0.9266 div=2.159 H=0.103 gd=0.561 lr=8.44e-04
  [PM3 tau=0.12 | slotted=False | warmup_cosine=True] epoch  14 | loss=1.2508 dist=0.9042 div=2.182 H=0.100 gd=0.567 lr=8.43e-04
  [PM3 tau=0.12 | slotted=False | warmup_cosine=True] epoch  15 | loss=1.1994 dist=0.9005 div=2.202 H=0.098 gd=0.587 lr=8.42e-04
  [PM3 tau=0.12 | slotted=False | warmup_cosine=True] epoch  16 | loss=1.2031 dist=0.8794 div=2.211 H=0.096 gd=0.570 lr=8.41e-04
  [PM3 tau=0.12 | slotted=False | warmup_cosine=True] epoch  17 | loss=1.1506 dist=0.8871 div=2.210 H=0.095 gd=0.568 lr=8.39e-04
  [PM3 tau=0.12 | slotted=False | warmup_cosine=True] epoch  18 | loss=1.1390 dist=0.8780 div=2.208 H=0.095 gd=0.540 lr=8.38e-04
  [PM3 tau=0.12 | slotted=False | warmup_cosine=True] epoch  19 | loss=1.0991 dist=0.8554 div=2.234 H=0.091 gd=0.566 lr=8.36e-04
  [PM3 tau=0.12 | slotted=False | warmup_cosine=True] epoch  20 | loss=1.0974 dist=0.8661 div=2.215 H=0.088 gd=0.573 lr=8.35e-04
  [PM3 tau=0.12 | slotted=False | warmup_cosine=True] epoch  21 | loss=1.0622 dist=0.8498 div=2.256 H=0.089 gd=0.574 lr=8.33e-04
  [PM3 tau=0.12 | slotted=False | warmup_cosine=True] epoch  22 | loss=1.0609 dist=0.8507 div=2.244 H=0.089 gd=0.578 lr=8.31e-04
  [PM3 tau=0.12 | slotted=False | warmup_cosine=True] epoch  23 | loss=1.0423 dist=0.8383 div=2.228 H=0.087 gd=0.566 lr=8.29e-04
  [PM3 tau=0.12 | slotted=False | warmup_cosine=True] epoch  24 | loss=1.0481 dist=0.8361 div=2.265 H=0.087 gd=0.566 lr=8.27e-04
  [PM3 tau=0.12 | slotted=False | warmup_cosine=True] epoch  25 | loss=1.0252 dist=0.8375 div=2.265 H=0.087 gd=0.572 lr=8.24e-04
  [PM3 tau=0.12 | slotted=False | warmup_cosine=True] epoch  26 | loss=1.0139 dist=0.8159 div=2.243 H=0.085 gd=0.573 lr=8.22e-04
  [PM3 tau=0.12 | slotted=False | warmup_cosine=True] epoch  27 | loss=0.9991 dist=0.8146 div=2.245 H=0.083 gd=0.586 lr=8.20e-04
  [PM3 tau=0.12 | slotted=False | warmup_cosine=True] epoch  28 | loss=0.9679 dist=0.7906 div=2.260 H=0.081 gd=0.533 lr=8.17e-04
  [PM3 tau=0.12 | slotted=False | warmup_cosine=True] epoch  29 | loss=0.9647 dist=0.7914 div=2.264 H=0.083 gd=0.574 lr=8.15e-04
  [PM3 tau=0.12 | slotted=False | warmup_cosine=True] epoch  30 | loss=0.9272 dist=0.7896 div=2.258 H=0.081 gd=0.590 lr=8.12e-04
  [PM3 tau=0.12 | slotted=False | warmup_cosine=True] epoch  31 | loss=0.9330 dist=0.7769 div=2.289 H=0.080 gd=0.551 lr=8.09e-04
  [PM3 tau=0.12 | slotted=False | warmup_cosine=True] epoch  32 | loss=0.9168 dist=0.7817 div=2.253 H=0.079 gd=0.554 lr=8.06e-04
  [PM3 tau=0.12 | slotted=False | warmup_cosine=True] epoch  33 | loss=0.9254 dist=0.7655 div=2.264 H=0.077 gd=0.545 lr=8.03e-04
  [PM3 tau=0.12 | slotted=False | warmup_cosine=True] epoch  34 | loss=0.9043 dist=0.7820 div=2.279 H=0.079 gd=0.626 lr=8.00e-04
  [PM3 tau=0.12 | slotted=False | warmup_cosine=True] epoch  35 | loss=0.8969 dist=0.7900 div=2.277 H=0.083 gd=0.565 lr=7.97e-04
  [PM3 tau=0.12 | slotted=False | warmup_cosine=True] epoch  36 | loss=0.8964 dist=0.7739 div=2.266 H=0.078 gd=0.574 lr=7.93e-04
  [PM3 tau=0.12 | slotted=False | warmup_cosine=True] epoch  37 | loss=0.8784 dist=0.7782 div=2.274 H=0.079 gd=0.587 lr=7.90e-04
  [PM3 tau=0.12 | slotted=False | warmup_cosine=True] epoch  38 | loss=0.8745 dist=0.7519 div=2.295 H=0.074 gd=0.599 lr=7.86e-04
  [PM3 tau=0.12 | slotted=False | warmup_cosine=True] epoch  39 | loss=0.8622 dist=0.7568 div=2.305 H=0.074 gd=0.603 lr=7.83e-04
  [PM3 tau=0.12 | slotted=False | warmup_cosine=True] epoch  40 | loss=0.8507 dist=0.7409 div=2.281 H=0.077 gd=0.579 lr=7.79e-04
  [PM3 tau=0.12 | slotted=False | warmup_cosine=True] epoch  41 | loss=0.8546 dist=0.7575 div=2.287 H=0.075 gd=0.621 lr=7.75e-04
  [PM3 tau=0.12 | slotted=False | warmup_cosine=True] epoch  42 | loss=0.8373 dist=0.7479 div=2.302 H=0.076 gd=0.573 lr=7.71e-04
  [PM3 tau=0.12 | slotted=False | warmup_cosine=True] epoch  43 | loss=0.8164 dist=0.7408 div=2.301 H=0.075 gd=0.523 lr=7.68e-04
  [PM3 tau=0.12 | slotted=False | warmup_cosine=True] epoch  44 | loss=0.8293 dist=0.7318 div=2.296 H=0.073 gd=0.574 lr=7.63e-04
  [PM3 tau=0.12 | slotted=False | warmup_cosine=True] epoch  45 | loss=0.8240 dist=0.7481 div=2.282 H=0.078 gd=0.614 lr=7.59e-04
  [PM3 tau=0.12 | slotted=False | warmup_cosine=True] epoch  46 | loss=0.8241 dist=0.7358 div=2.291 H=0.073 gd=0.593 lr=7.55e-04
  [PM3 tau=0.12 | slotted=False | warmup_cosine=True] epoch  47 | loss=0.8084 dist=0.7289 div=2.303 H=0.073 gd=0.584 lr=7.51e-04
  [PM3 tau=0.12 | slotted=False | warmup_cosine=True] epoch  48 | loss=0.8067 dist=0.7323 div=2.301 H=0.074 gd=0.553 lr=7.46e-04
  [PM3 tau=0.12 | slotted=False | warmup_cosine=True] epoch  49 | loss=0.7965 dist=0.7253 div=2.319 H=0.072 gd=0.574 lr=7.42e-04
  [PM3 tau=0.12 | slotted=False | warmup_cosine=True] epoch  50 | loss=0.7846 dist=0.7107 div=2.320 H=0.070 gd=0.548 lr=7.37e-04
  [PM3 tau=0.12 | slotted=False | warmup_cosine=True] epoch  51 | loss=0.7769 dist=0.7167 div=2.320 H=0.071 gd=0.588 lr=7.33e-04
  [PM3 tau=0.12 | slotted=False | warmup_cosine=True] epoch  52 | loss=0.7793 dist=0.7167 div=2.303 H=0.071 gd=0.591 lr=7.28e-04
  [PM3 tau=0.12 | slotted=False | warmup_cosine=True] epoch  53 | loss=0.7781 dist=0.7170 div=2.318 H=0.071 gd=0.554 lr=7.23e-04
  [PM3 tau=0.12 | slotted=False | warmup_cosine=True] epoch  54 | loss=0.7836 dist=0.7309 div=2.316 H=0.072 gd=0.612 lr=7.18e-04
  [PM3 tau=0.12 | slotted=False | warmup_cosine=True] epoch  55 | loss=0.7921 dist=0.7258 div=2.317 H=0.070 gd=0.557 lr=7.13e-04
  [PM3 tau=0.12 | slotted=False | warmup_cosine=True] epoch  56 | loss=0.7857 dist=0.7208 div=2.309 H=0.071 gd=0.596 lr=7.08e-04
  [PM3 tau=0.12 | slotted=False | warmup_cosine=True] epoch  57 | loss=0.7772 dist=0.7148 div=2.308 H=0.071 gd=0.566 lr=7.03e-04
  [PM3 tau=0.12 | slotted=False | warmup_cosine=True] epoch  58 | loss=0.7865 dist=0.7290 div=2.306 H=0.072 gd=0.577 lr=6.98e-04
  [PM3 tau=0.12 | slotted=False | warmup_cosine=True] epoch  59 | loss=0.7706 dist=0.7039 div=2.322 H=0.070 gd=0.603 lr=6.93e-04
  [PM3 tau=0.12 | slotted=False | warmup_cosine=True] epoch  60 | loss=0.7780 dist=0.7060 div=2.309 H=0.068 gd=0.584 lr=6.87e-04
  [PM3 tau=0.12 | slotted=False | warmup_cosine=True] epoch  61 | loss=0.7816 dist=0.7142 div=2.299 H=0.072 gd=0.579 lr=6.82e-04
  [PM3 tau=0.12 | slotted=False | warmup_cosine=True] epoch  62 | loss=0.7609 dist=0.7034 div=2.321 H=0.070 gd=0.583 lr=6.76e-04
  [PM3 tau=0.12 | slotted=False | warmup_cosine=True] epoch  63 | loss=0.7589 dist=0.7136 div=2.289 H=0.071 gd=0.608 lr=6.71e-04
  [PM3 tau=0.12 | slotted=False | warmup_cosine=True] epoch  64 | loss=0.7527 dist=0.6930 div=2.318 H=0.067 gd=0.560 lr=6.65e-04
  [PM3 tau=0.12 | slotted=False | warmup_cosine=True] epoch  65 | loss=0.7472 dist=0.6920 div=2.318 H=0.067 gd=0.554 lr=6.60e-04
  [PM3 tau=0.12 | slotted=False | warmup_cosine=True] epoch  66 | loss=0.7601 dist=0.7212 div=2.317 H=0.067 gd=0.624 lr=6.54e-04
  [PM3 tau=0.12 | slotted=False | warmup_cosine=True] epoch  67 | loss=0.7569 dist=0.7003 div=2.317 H=0.068 gd=0.613 lr=6.48e-04
  [PM3 tau=0.12 | slotted=False | warmup_cosine=True] epoch  68 | loss=0.7496 dist=0.6911 div=2.337 H=0.067 gd=0.584 lr=6.42e-04
  [PM3 tau=0.12 | slotted=False | warmup_cosine=True] epoch  69 | loss=0.7546 dist=0.7052 div=2.334 H=0.067 gd=0.615 lr=6.36e-04
  [PM3 tau=0.12 | slotted=False | warmup_cosine=True] epoch  70 | loss=0.7505 dist=0.6916 div=2.312 H=0.070 gd=0.607 lr=6.30e-04
  [PM3 tau=0.12 | slotted=False | warmup_cosine=True] epoch  71 | loss=0.7465 dist=0.6931 div=2.316 H=0.067 gd=0.580 lr=6.24e-04
  [PM3 tau=0.12 | slotted=False | warmup_cosine=True] epoch  72 | loss=0.7353 dist=0.7076 div=2.316 H=0.069 gd=0.598 lr=6.18e-04
  [PM3 tau=0.12 | slotted=False | warmup_cosine=True] epoch  73 | loss=0.7627 dist=0.6970 div=2.332 H=0.066 gd=0.601 lr=6.12e-04
  [PM3 tau=0.12 | slotted=False | warmup_cosine=True] epoch  74 | loss=0.7328 dist=0.6816 div=2.309 H=0.065 gd=0.586 lr=6.06e-04
  [PM3 tau=0.12 | slotted=False | warmup_cosine=True] epoch  75 | loss=0.7356 dist=0.7010 div=2.319 H=0.068 gd=0.580 lr=6.00e-04
  [PM3 tau=0.12 | slotted=False | warmup_cosine=True] epoch  76 | loss=0.7302 dist=0.7029 div=2.299 H=0.066 gd=0.565 lr=5.94e-04
  [PM3 tau=0.12 | slotted=False | warmup_cosine=True] epoch  77 | loss=0.7193 dist=0.6855 div=2.318 H=0.066 gd=0.606 lr=5.87e-04
  [PM3 tau=0.12 | slotted=False | warmup_cosine=True] epoch  78 | loss=0.7335 dist=0.6751 div=2.323 H=0.064 gd=0.614 lr=5.81e-04
  [PM3 tau=0.12 | slotted=False | warmup_cosine=True] epoch  79 | loss=0.7119 dist=0.6698 div=2.336 H=0.064 gd=0.573 lr=5.75e-04
  [PM3 tau=0.12 | slotted=False | warmup_cosine=True] epoch  80 | loss=0.7111 dist=0.7020 div=2.324 H=0.068 gd=0.600 lr=5.68e-04
  [PM3 tau=0.12 | slotted=False | warmup_cosine=True] epoch  81 | loss=0.7412 dist=0.6804 div=2.342 H=0.066 gd=0.564 lr=5.62e-04
  [PM3 tau=0.12 | slotted=False | warmup_cosine=True] epoch  82 | loss=0.7191 dist=0.6704 div=2.318 H=0.065 gd=0.624 lr=5.55e-04
  [PM3 tau=0.12 | slotted=False | warmup_cosine=True] epoch  83 | loss=0.7132 dist=0.6898 div=2.319 H=0.067 gd=0.585 lr=5.49e-04
  [PM3 tau=0.12 | slotted=False | warmup_cosine=True] epoch  84 | loss=0.7000 dist=0.6760 div=2.327 H=0.065 gd=0.547 lr=5.42e-04
  [PM3 tau=0.12 | slotted=False | warmup_cosine=True] epoch  85 | loss=0.7041 dist=0.6702 div=2.334 H=0.064 gd=0.576 lr=5.36e-04
  [PM3 tau=0.12 | slotted=False | warmup_cosine=True] epoch  86 | loss=0.7021 dist=0.6830 div=2.316 H=0.066 gd=0.563 lr=5.29e-04
  [PM3 tau=0.12 | slotted=False | warmup_cosine=True] epoch  87 | loss=0.7044 dist=0.6758 div=2.335 H=0.064 gd=0.569 lr=5.22e-04
  [PM3 tau=0.12 | slotted=False | warmup_cosine=True] epoch  88 | loss=0.6904 dist=0.6632 div=2.335 H=0.063 gd=0.595 lr=5.16e-04
  [PM3 tau=0.12 | slotted=False | warmup_cosine=True] epoch  89 | loss=0.6873 dist=0.6639 div=2.334 H=0.063 gd=0.582 lr=5.09e-04
  [PM3 tau=0.12 | slotted=False | warmup_cosine=True] epoch  90 | loss=0.6924 dist=0.6609 div=2.347 H=0.064 gd=0.536 lr=5.02e-04
  [PM3 tau=0.12 | slotted=False | warmup_cosine=True] epoch  91 | loss=0.6896 dist=0.6722 div=2.318 H=0.064 gd=0.576 lr=4.96e-04
  [PM3 tau=0.12 | slotted=False | warmup_cosine=True] epoch  92 | loss=0.6859 dist=0.6608 div=2.328 H=0.063 gd=0.551 lr=4.89e-04
  [PM3 tau=0.12 | slotted=False | warmup_cosine=True] epoch  93 | loss=0.6929 dist=0.6607 div=2.333 H=0.063 gd=0.534 lr=4.82e-04
  [PM3 tau=0.12 | slotted=False | warmup_cosine=True] epoch  94 | loss=0.6921 dist=0.6793 div=2.331 H=0.064 gd=0.570 lr=4.75e-04
  [PM3 tau=0.12 | slotted=False | warmup_cosine=True] epoch  95 | loss=0.6929 dist=0.6613 div=2.328 H=0.062 gd=0.577 lr=4.69e-04
  [PM3 tau=0.12 | slotted=False | warmup_cosine=True] epoch  96 | loss=0.7040 dist=0.6714 div=2.339 H=0.062 gd=0.584 lr=4.62e-04
  [PM3 tau=0.12 | slotted=False | warmup_cosine=True] epoch  97 | loss=0.6953 dist=0.6619 div=2.330 H=0.061 gd=0.573 lr=4.55e-04
  [PM3 tau=0.12 | slotted=False | warmup_cosine=True] epoch  98 | loss=0.6732 dist=0.6459 div=2.343 H=0.062 gd=0.571 lr=4.48e-04
  [PM3 tau=0.12 | slotted=False | warmup_cosine=True] epoch  99 | loss=0.6707 dist=0.6550 div=2.348 H=0.064 gd=0.588 lr=4.41e-04
  [PM3 tau=0.12 | slotted=False | warmup_cosine=True] epoch 100 | loss=0.6834 dist=0.6553 div=2.337 H=0.063 gd=0.593 lr=4.35e-04
  [PM3 tau=0.12 | slotted=False | warmup_cosine=True] epoch 101 | loss=0.6671 dist=0.6537 div=2.352 H=0.063 gd=0.592 lr=4.28e-04
  [PM3 tau=0.12 | slotted=False | warmup_cosine=True] epoch 102 | loss=0.6737 dist=0.6706 div=2.352 H=0.063 gd=0.585 lr=4.21e-04
  [PM3 tau=0.12 | slotted=False | warmup_cosine=True] epoch 103 | loss=0.6582 dist=0.6508 div=2.352 H=0.061 gd=0.618 lr=4.14e-04
  [PM3 tau=0.12 | slotted=False | warmup_cosine=True] epoch 104 | loss=0.6605 dist=0.6529 div=2.324 H=0.062 gd=0.559 lr=4.07e-04
  [PM3 tau=0.12 | slotted=False | warmup_cosine=True] epoch 105 | loss=0.6558 dist=0.6747 div=2.353 H=0.062 gd=0.563 lr=4.00e-04
  [PM3 tau=0.12 | slotted=False | warmup_cosine=True] epoch 106 | loss=0.6538 dist=0.6386 div=2.358 H=0.062 gd=0.564 lr=3.94e-04
  [PM3 tau=0.12 | slotted=False | warmup_cosine=True] epoch 107 | loss=0.6523 dist=0.6647 div=2.339 H=0.063 gd=0.534 lr=3.87e-04
  [PM3 tau=0.12 | slotted=False | warmup_cosine=True] epoch 108 | loss=0.6620 dist=0.6661 div=2.337 H=0.062 gd=0.552 lr=3.80e-04
  [PM3 tau=0.12 | slotted=False | warmup_cosine=True] epoch 109 | loss=0.6609 dist=0.6650 div=2.331 H=0.062 gd=0.591 lr=3.73e-04
  [PM3 tau=0.12 | slotted=False | warmup_cosine=True] epoch 110 | loss=0.6640 dist=0.6461 div=2.344 H=0.061 gd=0.566 lr=3.66e-04
  [PM3 tau=0.12 | slotted=False | warmup_cosine=True] epoch 111 | loss=0.6448 dist=0.6462 div=2.350 H=0.060 gd=0.521 lr=3.60e-04
  [PM3 tau=0.12 | slotted=False | warmup_cosine=True] epoch 112 | loss=0.6376 dist=0.6373 div=2.357 H=0.061 gd=0.538 lr=3.53e-04
  [PM3 tau=0.12 | slotted=False | warmup_cosine=True] epoch 113 | loss=0.6323 dist=0.6297 div=2.366 H=0.060 gd=0.573 lr=3.46e-04
  [PM3 tau=0.12 | slotted=False | warmup_cosine=True] epoch 114 | loss=0.6318 dist=0.6269 div=2.365 H=0.059 gd=0.572 lr=3.39e-04
  [PM3 tau=0.12 | slotted=False | warmup_cosine=True] epoch 115 | loss=0.6424 dist=0.6408 div=2.353 H=0.061 gd=0.563 lr=3.33e-04
  [PM3 tau=0.12 | slotted=False | warmup_cosine=True] epoch 116 | loss=0.6605 dist=0.6423 div=2.348 H=0.061 gd=0.582 lr=3.26e-04
  [PM3 tau=0.12 | slotted=False | warmup_cosine=True] epoch 117 | loss=0.6357 dist=0.6370 div=2.349 H=0.061 gd=0.519 lr=3.19e-04
  [PM3 tau=0.12 | slotted=False | warmup_cosine=True] epoch 118 | loss=0.6534 dist=0.6463 div=2.340 H=0.061 gd=0.560 lr=3.13e-04
  [PM3 tau=0.12 | slotted=False | warmup_cosine=True] epoch 119 | loss=0.6362 dist=0.6432 div=2.349 H=0.061 gd=0.564 lr=3.06e-04
  [PM3 tau=0.12 | slotted=False | warmup_cosine=True] epoch 120 | loss=0.6348 dist=0.6307 div=2.343 H=0.061 gd=0.531 lr=3.00e-04
  [PM3 tau=0.12 | slotted=False | warmup_cosine=True] epoch 121 | loss=0.6312 dist=0.6281 div=2.350 H=0.059 gd=0.542 lr=2.93e-04
  [PM3 tau=0.12 | slotted=False | warmup_cosine=True] epoch 122 | loss=0.6353 dist=0.6343 div=2.357 H=0.060 gd=0.538 lr=2.87e-04
  [PM3 tau=0.12 | slotted=False | warmup_cosine=True] epoch 123 | loss=0.6224 dist=0.6348 div=2.357 H=0.060 gd=0.513 lr=2.80e-04
  [PM3 tau=0.12 | slotted=False | warmup_cosine=True] epoch 124 | loss=0.6247 dist=0.6250 div=2.346 H=0.061 gd=0.516 lr=2.74e-04
  [PM3 tau=0.12 | slotted=False | warmup_cosine=True] epoch 125 | loss=0.6239 dist=0.6253 div=2.360 H=0.059 gd=0.576 lr=2.67e-04
  [PM3 tau=0.12 | slotted=False | warmup_cosine=True] epoch 126 | loss=0.6117 dist=0.6184 div=2.352 H=0.060 gd=0.497 lr=2.61e-04
  [PM3 tau=0.12 | slotted=False | warmup_cosine=True] epoch 127 | loss=0.6139 dist=0.6273 div=2.358 H=0.059 gd=0.540 lr=2.55e-04
  [PM3 tau=0.12 | slotted=False | warmup_cosine=True] epoch 128 | loss=0.6207 dist=0.6326 div=2.366 H=0.059 gd=0.502 lr=2.49e-04
  [PM3 tau=0.12 | slotted=False | warmup_cosine=True] epoch 129 | loss=0.6183 dist=0.6222 div=2.364 H=0.058 gd=0.538 lr=2.42e-04
  [PM3 tau=0.12 | slotted=False | warmup_cosine=True] epoch 130 | loss=0.6128 dist=0.6137 div=2.370 H=0.058 gd=0.506 lr=2.36e-04
  [PM3 tau=0.12 | slotted=False | warmup_cosine=True] epoch 131 | loss=0.6238 dist=0.6199 div=2.371 H=0.058 gd=0.483 lr=2.30e-04
  [PM3 tau=0.12 | slotted=False | warmup_cosine=True] epoch 132 | loss=0.6122 dist=0.6147 div=2.366 H=0.058 gd=0.503 lr=2.24e-04
  [PM3 tau=0.12 | slotted=False | warmup_cosine=True] epoch 133 | loss=0.6069 dist=0.6142 div=2.357 H=0.058 gd=0.535 lr=2.18e-04
  [PM3 tau=0.12 | slotted=False | warmup_cosine=True] epoch 134 | loss=0.6034 dist=0.6188 div=2.371 H=0.058 gd=0.546 lr=2.12e-04
  [PM3 tau=0.12 | slotted=False | warmup_cosine=True] epoch 135 | loss=0.6060 dist=0.6268 div=2.364 H=0.059 gd=0.512 lr=2.06e-04
  [PM3 tau=0.12 | slotted=False | warmup_cosine=True] epoch 136 | loss=0.6034 dist=0.6100 div=2.353 H=0.058 gd=0.506 lr=2.00e-04
  [PM3 tau=0.12 | slotted=False | warmup_cosine=True] epoch 137 | loss=0.6217 dist=0.6125 div=2.361 H=0.059 gd=0.530 lr=1.95e-04
  [PM3 tau=0.12 | slotted=False | warmup_cosine=True] epoch 138 | loss=0.6227 dist=0.6115 div=2.364 H=0.059 gd=0.475 lr=1.89e-04
  [PM3 tau=0.12 | slotted=False | warmup_cosine=True] epoch 139 | loss=0.6093 dist=0.6241 div=2.370 H=0.059 gd=0.521 lr=1.83e-04
  [PM3 tau=0.12 | slotted=False | warmup_cosine=True] epoch 140 | loss=0.5997 dist=0.6109 div=2.361 H=0.058 gd=0.514 lr=1.78e-04
  [PM3 tau=0.12 | slotted=False | warmup_cosine=True] epoch 141 | loss=0.5953 dist=0.6193 div=2.361 H=0.059 gd=0.500 lr=1.72e-04
  [PM3 tau=0.12 | slotted=False | warmup_cosine=True] epoch 142 | loss=0.5978 dist=0.6078 div=2.365 H=0.058 gd=0.497 lr=1.67e-04
  [PM3 tau=0.12 | slotted=False | warmup_cosine=True] epoch 143 | loss=0.6050 dist=0.6157 div=2.354 H=0.060 gd=0.503 lr=1.61e-04
  [PM3 tau=0.12 | slotted=False | warmup_cosine=True] epoch 144 | loss=0.6028 dist=0.6090 div=2.367 H=0.057 gd=0.475 lr=1.56e-04
  [PM3 tau=0.12 | slotted=False | warmup_cosine=True] epoch 145 | loss=0.5900 dist=0.6083 div=2.358 H=0.058 gd=0.525 lr=1.51e-04
  [PM3 tau=0.12 | slotted=False | warmup_cosine=True] epoch 146 | loss=0.5942 dist=0.6054 div=2.370 H=0.057 gd=0.466 lr=1.45e-04
  [PM3 tau=0.12 | slotted=False | warmup_cosine=True] epoch 147 | loss=0.5873 dist=0.6032 div=2.376 H=0.057 gd=0.523 lr=1.40e-04
  [PM3 tau=0.12 | slotted=False | warmup_cosine=True] epoch 148 | loss=0.5855 dist=0.6015 div=2.372 H=0.057 gd=0.485 lr=1.35e-04
  [PM3 tau=0.12 | slotted=False | warmup_cosine=True] epoch 149 | loss=0.5844 dist=0.6035 div=2.378 H=0.057 gd=0.518 lr=1.30e-04
  [PM3 tau=0.12 | slotted=False | warmup_cosine=True] epoch 150 | loss=0.5881 dist=0.6038 div=2.362 H=0.058 gd=0.499 lr=1.25e-04
  [PM3 tau=0.12 | slotted=False | warmup_cosine=True] epoch 151 | loss=0.5811 dist=0.5970 div=2.373 H=0.057 gd=0.520 lr=1.21e-04
  [PM3 tau=0.12 | slotted=False | warmup_cosine=True] epoch 152 | loss=0.5796 dist=0.5976 div=2.376 H=0.056 gd=0.484 lr=1.16e-04
  [PM3 tau=0.12 | slotted=False | warmup_cosine=True] epoch 153 | loss=0.5783 dist=0.6006 div=2.381 H=0.056 gd=0.506 lr=1.11e-04
  [PM3 tau=0.12 | slotted=False | warmup_cosine=True] epoch 154 | loss=0.5795 dist=0.5960 div=2.366 H=0.057 gd=0.493 lr=1.07e-04
  [PM3 tau=0.12 | slotted=False | warmup_cosine=True] epoch 155 | loss=0.5818 dist=0.6022 div=2.368 H=0.056 gd=0.502 lr=1.02e-04
  [PM3 tau=0.12 | slotted=False | warmup_cosine=True] epoch 156 | loss=0.5871 dist=0.6074 div=2.371 H=0.057 gd=0.520 lr=9.78e-05
  [PM3 tau=0.12 | slotted=False | warmup_cosine=True] epoch 157 | loss=0.5889 dist=0.6061 div=2.375 H=0.057 gd=0.508 lr=9.35e-05
  [PM3 tau=0.12 | slotted=False | warmup_cosine=True] epoch 158 | loss=0.5813 dist=0.5982 div=2.380 H=0.057 gd=0.515 lr=8.92e-05
  [PM3 tau=0.12 | slotted=False | warmup_cosine=True] epoch 159 | loss=0.5763 dist=0.5918 div=2.367 H=0.056 gd=0.523 lr=8.51e-05
  [PM3 tau=0.12 | slotted=False | warmup_cosine=True] epoch 160 | loss=0.5758 dist=0.5922 div=2.372 H=0.056 gd=0.516 lr=8.10e-05
  [PM3 tau=0.12 | slotted=False | warmup_cosine=True] epoch 161 | loss=0.5743 dist=0.5902 div=2.370 H=0.056 gd=0.483 lr=7.71e-05
  [PM3 tau=0.12 | slotted=False | warmup_cosine=True] epoch 162 | loss=0.5737 dist=0.5899 div=2.373 H=0.056 gd=0.514 lr=7.32e-05
  [PM3 tau=0.12 | slotted=False | warmup_cosine=True] epoch 163 | loss=0.5736 dist=0.5889 div=2.370 H=0.056 gd=0.481 lr=6.94e-05
  [PM3 tau=0.12 | slotted=False | warmup_cosine=True] epoch 164 | loss=0.5750 dist=0.5898 div=2.372 H=0.055 gd=0.474 lr=6.57e-05
  [PM3 tau=0.12 | slotted=False | warmup_cosine=True] epoch 165 | loss=0.5719 dist=0.5928 div=2.371 H=0.056 gd=0.476 lr=6.21e-05
  [PM3 tau=0.12 | slotted=False | warmup_cosine=True] epoch 166 | loss=0.5736 dist=0.5949 div=2.370 H=0.055 gd=0.439 lr=5.86e-05
  [PM3 tau=0.12 | slotted=False | warmup_cosine=True] epoch 167 | loss=0.5732 dist=0.5932 div=2.364 H=0.055 gd=0.487 lr=5.51e-05
  [PM3 tau=0.12 | slotted=False | warmup_cosine=True] epoch 168 | loss=0.5701 dist=0.5929 div=2.373 H=0.056 gd=0.425 lr=5.18e-05
  [PM3 tau=0.12 | slotted=False | warmup_cosine=True] epoch 169 | loss=0.5694 dist=0.5925 div=2.372 H=0.056 gd=0.458 lr=4.86e-05
  [PM3 tau=0.12 | slotted=False | warmup_cosine=True] epoch 170 | loss=0.5693 dist=0.5920 div=2.367 H=0.056 gd=0.487 lr=4.55e-05
  [PM3 tau=0.12 | slotted=False | warmup_cosine=True] epoch 171 | loss=0.5689 dist=0.5916 div=2.375 H=0.056 gd=0.544 lr=4.24e-05
  [PM3 tau=0.12 | slotted=False | warmup_cosine=True] epoch 172 | loss=0.5695 dist=0.5924 div=2.371 H=0.056 gd=0.488 lr=3.95e-05
  [PM3 tau=0.12 | slotted=False | warmup_cosine=True] epoch 173 | loss=0.5679 dist=0.5912 div=2.375 H=0.056 gd=0.448 lr=3.67e-05
  [PM3 tau=0.12 | slotted=False | warmup_cosine=True] epoch 174 | loss=0.5667 dist=0.5878 div=2.376 H=0.055 gd=0.480 lr=3.39e-05
  [PM3 tau=0.12 | slotted=False | warmup_cosine=True] epoch 175 | loss=0.5671 dist=0.5887 div=2.374 H=0.055 gd=0.450 lr=3.13e-05
  [PM3 tau=0.12 | slotted=False | warmup_cosine=True] epoch 176 | loss=0.5665 dist=0.5901 div=2.375 H=0.055 gd=0.457 lr=2.88e-05
  [PM3 tau=0.12 | slotted=False | warmup_cosine=True] epoch 177 | loss=0.5680 dist=0.5901 div=2.377 H=0.055 gd=0.479 lr=2.64e-05
  [PM3 tau=0.12 | slotted=False | warmup_cosine=True] epoch 178 | loss=0.5665 dist=0.5886 div=2.374 H=0.055 gd=0.500 lr=2.41e-05
  [PM3 tau=0.12 | slotted=False | warmup_cosine=True] epoch 179 | loss=0.5652 dist=0.5871 div=2.376 H=0.055 gd=0.469 lr=2.18e-05
  [PM3 tau=0.12 | slotted=False | warmup_cosine=True] epoch 180 | loss=0.5647 dist=0.5862 div=2.374 H=0.054 gd=0.545 lr=1.97e-05
  [PM3 tau=0.12 | slotted=False | warmup_cosine=True] epoch 181 | loss=0.5639 dist=0.5880 div=2.376 H=0.055 gd=0.531 lr=1.77e-05
  [PM3 tau=0.12 | slotted=False | warmup_cosine=True] epoch 182 | loss=0.5649 dist=0.5857 div=2.376 H=0.055 gd=0.504 lr=1.58e-05
  [PM3 tau=0.12 | slotted=False | warmup_cosine=True] epoch 183 | loss=0.5642 dist=0.5876 div=2.374 H=0.055 gd=0.452 lr=1.40e-05
  [PM3 tau=0.12 | slotted=False | warmup_cosine=True] epoch 184 | loss=0.5629 dist=0.5855 div=2.376 H=0.055 gd=0.496 lr=1.23e-05
  [PM3 tau=0.12 | slotted=False | warmup_cosine=True] epoch 185 | loss=0.5630 dist=0.5880 div=2.376 H=0.055 gd=0.491 lr=1.07e-05
  [PM3 tau=0.12 | slotted=False | warmup_cosine=True] epoch 186 | loss=0.5633 dist=0.5880 div=2.373 H=0.055 gd=0.529 lr=9.27e-06
  [PM3 tau=0.12 | slotted=False | warmup_cosine=True] epoch 187 | loss=0.5623 dist=0.5852 div=2.375 H=0.055 gd=0.499 lr=7.90e-06
  [PM3 tau=0.12 | slotted=False | warmup_cosine=True] epoch 188 | loss=0.5612 dist=0.5843 div=2.377 H=0.055 gd=0.501 lr=6.64e-06
  [PM3 tau=0.12 | slotted=False | warmup_cosine=True] epoch 189 | loss=0.5614 dist=0.5843 div=2.376 H=0.055 gd=0.475 lr=5.49e-06
  [PM3 tau=0.12 | slotted=False | warmup_cosine=True] epoch 190 | loss=0.5609 dist=0.5847 div=2.375 H=0.055 gd=0.463 lr=4.45e-06
  [PM3 tau=0.12 | slotted=False | warmup_cosine=True] epoch 191 | loss=0.5612 dist=0.5846 div=2.375 H=0.054 gd=0.522 lr=3.52e-06
  [PM3 tau=0.12 | slotted=False | warmup_cosine=True] epoch 192 | loss=0.5607 dist=0.5842 div=2.375 H=0.055 gd=0.448 lr=2.70e-06
  [PM3 tau=0.12 | slotted=False | warmup_cosine=True] epoch 193 | loss=0.5603 dist=0.5842 div=2.376 H=0.055 gd=0.472 lr=1.98e-06
  [PM3 tau=0.12 | slotted=False | warmup_cosine=True] epoch 194 | loss=0.5613 dist=0.5851 div=2.375 H=0.056 gd=0.509 lr=1.38e-06
  [PM3 tau=0.12 | slotted=False | warmup_cosine=True] epoch 195 | loss=0.5607 dist=0.5828 div=2.375 H=0.055 gd=0.461 lr=8.81e-07
  [PM3 tau=0.12 | slotted=False | warmup_cosine=True] epoch 196 | loss=0.5595 dist=0.5840 div=2.376 H=0.055 gd=0.488 lr=4.95e-07
  [PM3 tau=0.12 | slotted=False | warmup_cosine=True] epoch 197 | loss=0.5608 dist=0.5830 div=2.375 H=0.055 gd=0.506 lr=2.20e-07
  [PM3 tau=0.12 | slotted=False | warmup_cosine=True] epoch 198 | loss=0.5605 dist=0.5835 div=2.376 H=0.055 gd=0.482 lr=5.51e-08
  [PM3 tau=0.12 | slotted=False | warmup_cosine=True] epoch 199 | loss=0.5613 dist=0.5840 div=2.375 H=0.055 gd=0.465 lr=0.00e+00

────────────────────────────────────────────────────────────
Run complete in 10.8 min
Best dist:  0.5828 at epoch 195
Final dist: 0.5840
Saved → results/pm3_grid/pm3_tau0.12_slots0_warmup1.pkl
[gpu2] Finished: tau0.12_slots0_warmup1
[gpu2] Starting: tau0.15_slots0_warmup1
Run:        pm3_tau0.15_slots0_warmup1
Device:     cuda
Epochs:     200
Batch size: 512
LR:         8.49e-04  (auto-scaled from 0.0003 at batch=64)
Output:     results/pm3_grid/pm3_tau0.15_slots0_warmup1.pkl
────────────────────────────────────────────────────────────
/global/homes/d/danieltm/.conda/envs/influencer/lib/python3.11/site-packages/torch/nn/modules/transformer.py:296: UserWarning: The PyTorch API of nested tensors is in prototype stage and will change in the near future. (Triggered internally at /opt/conda/conda-bld/pytorch_1682343970094/work/aten/src/ATen/NestedTensorImpl.cpp:177.)
  output = torch._nested_tensor_from_mask(output, src_key_padding_mask.logical_not(), mask_check=False)
  [PM3 tau=0.15 | slotted=False | warmup_cosine=True] epoch   0 | loss=10.3669 dist=1.5365 div=1.522 H=0.279 gd=0.672 lr=3.39e-04
  [PM3 tau=0.15 | slotted=False | warmup_cosine=True] epoch   1 | loss=4.6730 dist=1.3047 div=1.803 H=0.238 gd=0.592 lr=5.09e-04
  [PM3 tau=0.15 | slotted=False | warmup_cosine=True] epoch   2 | loss=3.0411 dist=1.2224 div=1.901 H=0.219 gd=0.503 lr=6.79e-04
  [PM3 tau=0.15 | slotted=False | warmup_cosine=True] epoch   3 | loss=2.5099 dist=1.1608 div=1.937 H=0.209 gd=0.507 lr=8.49e-04
  [PM3 tau=0.15 | slotted=False | warmup_cosine=True] epoch   4 | loss=2.2248 dist=1.1258 div=2.010 H=0.191 gd=0.460 lr=8.49e-04
  [PM3 tau=0.15 | slotted=False | warmup_cosine=True] epoch   5 | loss=2.0357 dist=1.0889 div=2.042 H=0.181 gd=0.428 lr=8.48e-04
  [PM3 tau=0.15 | slotted=False | warmup_cosine=True] epoch   6 | loss=1.8868 dist=1.0734 div=2.063 H=0.171 gd=0.442 lr=8.48e-04
  [PM3 tau=0.15 | slotted=False | warmup_cosine=True] epoch   7 | loss=1.7703 dist=1.0545 div=2.079 H=0.157 gd=0.456 lr=8.48e-04
  [PM3 tau=0.15 | slotted=False | warmup_cosine=True] epoch   8 | loss=1.6609 dist=1.0359 div=2.099 H=0.147 gd=0.486 lr=8.48e-04
  [PM3 tau=0.15 | slotted=False | warmup_cosine=True] epoch   9 | loss=1.5723 dist=1.0257 div=2.116 H=0.138 gd=0.456 lr=8.47e-04
  [PM3 tau=0.15 | slotted=False | warmup_cosine=True] epoch  10 | loss=1.4907 dist=1.0111 div=2.128 H=0.133 gd=0.448 lr=8.47e-04
  [PM3 tau=0.15 | slotted=False | warmup_cosine=True] epoch  11 | loss=1.4247 dist=1.0005 div=2.164 H=0.128 gd=0.503 lr=8.46e-04
  [PM3 tau=0.15 | slotted=False | warmup_cosine=True] epoch  12 | loss=1.3661 dist=0.9866 div=2.168 H=0.121 gd=0.512 lr=8.45e-04
  [PM3 tau=0.15 | slotted=False | warmup_cosine=True] epoch  13 | loss=1.2811 dist=0.9740 div=2.180 H=0.119 gd=0.524 lr=8.44e-04
  [PM3 tau=0.15 | slotted=False | warmup_cosine=True] epoch  14 | loss=1.2410 dist=0.9714 div=2.178 H=0.119 gd=0.531 lr=8.43e-04
  [PM3 tau=0.15 | slotted=False | warmup_cosine=True] epoch  15 | loss=1.2119 dist=0.9611 div=2.177 H=0.117 gd=0.523 lr=8.42e-04
  [PM3 tau=0.15 | slotted=False | warmup_cosine=True] epoch  16 | loss=1.1863 dist=0.9529 div=2.169 H=0.115 gd=0.538 lr=8.41e-04
  [PM3 tau=0.15 | slotted=False | warmup_cosine=True] epoch  17 | loss=1.1647 dist=0.9528 div=2.189 H=0.114 gd=0.561 lr=8.39e-04
  [PM3 tau=0.15 | slotted=False | warmup_cosine=True] epoch  18 | loss=1.1475 dist=0.9340 div=2.197 H=0.113 gd=0.556 lr=8.38e-04
  [PM3 tau=0.15 | slotted=False | warmup_cosine=True] epoch  19 | loss=1.1266 dist=0.9300 div=2.212 H=0.110 gd=0.544 lr=8.36e-04
  [PM3 tau=0.15 | slotted=False | warmup_cosine=True] epoch  20 | loss=1.1028 dist=0.9342 div=2.224 H=0.109 gd=0.537 lr=8.35e-04
  [PM3 tau=0.15 | slotted=False | warmup_cosine=True] epoch  21 | loss=1.0863 dist=0.9201 div=2.212 H=0.109 gd=0.574 lr=8.33e-04
  [PM3 tau=0.15 | slotted=False | warmup_cosine=True] epoch  22 | loss=1.0724 dist=0.9147 div=2.215 H=0.108 gd=0.632 lr=8.31e-04
  [PM3 tau=0.15 | slotted=False | warmup_cosine=True] epoch  23 | loss=1.0594 dist=0.9098 div=2.224 H=0.107 gd=0.594 lr=8.29e-04
  [PM3 tau=0.15 | slotted=False | warmup_cosine=True] epoch  24 | loss=1.0490 dist=0.9082 div=2.226 H=0.107 gd=0.609 lr=8.27e-04
  [PM3 tau=0.15 | slotted=False | warmup_cosine=True] epoch  25 | loss=1.0436 dist=0.9049 div=2.221 H=0.108 gd=0.618 lr=8.24e-04
  [PM3 tau=0.15 | slotted=False | warmup_cosine=True] epoch  26 | loss=1.0355 dist=0.9027 div=2.238 H=0.107 gd=0.551 lr=8.22e-04
  [PM3 tau=0.15 | slotted=False | warmup_cosine=True] epoch  27 | loss=1.0279 dist=0.8994 div=2.223 H=0.106 gd=0.635 lr=8.20e-04
  [PM3 tau=0.15 | slotted=False | warmup_cosine=True] epoch  28 | loss=1.0212 dist=0.8995 div=2.224 H=0.105 gd=0.594 lr=8.17e-04
  [PM3 tau=0.15 | slotted=False | warmup_cosine=True] epoch  29 | loss=1.0120 dist=0.8973 div=2.233 H=0.105 gd=0.600 lr=8.15e-04
  [PM3 tau=0.15 | slotted=False | warmup_cosine=True] epoch  30 | loss=1.0038 dist=0.8892 div=2.235 H=0.105 gd=0.583 lr=8.12e-04
  [PM3 tau=0.15 | slotted=False | warmup_cosine=True] epoch  31 | loss=0.9970 dist=0.8888 div=2.238 H=0.104 gd=0.584 lr=8.09e-04
  [PM3 tau=0.15 | slotted=False | warmup_cosine=True] epoch  32 | loss=0.9903 dist=0.8916 div=2.243 H=0.103 gd=0.650 lr=8.06e-04
  [PM3 tau=0.15 | slotted=False | warmup_cosine=True] epoch  33 | loss=0.9842 dist=0.8901 div=2.253 H=0.104 gd=0.694 lr=8.03e-04
  [PM3 tau=0.15 | slotted=False | warmup_cosine=True] epoch  34 | loss=0.9802 dist=0.8814 div=2.252 H=0.103 gd=0.570 lr=8.00e-04
  [PM3 tau=0.15 | slotted=False | warmup_cosine=True] epoch  35 | loss=0.9789 dist=0.8825 div=2.246 H=0.103 gd=0.640 lr=7.97e-04
  [PM3 tau=0.15 | slotted=False | warmup_cosine=True] epoch  36 | loss=0.9741 dist=0.8812 div=2.238 H=0.103 gd=0.558 lr=7.93e-04
  [PM3 tau=0.15 | slotted=False | warmup_cosine=True] epoch  37 | loss=0.9715 dist=0.8745 div=2.241 H=0.103 gd=0.682 lr=7.90e-04
  [PM3 tau=0.15 | slotted=False | warmup_cosine=True] epoch  38 | loss=0.9667 dist=0.8835 div=2.246 H=0.103 gd=0.612 lr=7.86e-04
  [PM3 tau=0.15 | slotted=False | warmup_cosine=True] epoch  39 | loss=0.9632 dist=0.8829 div=2.259 H=0.103 gd=0.620 lr=7.83e-04
  [PM3 tau=0.15 | slotted=False | warmup_cosine=True] epoch  40 | loss=0.9605 dist=0.8746 div=2.253 H=0.102 gd=0.588 lr=7.79e-04
  [PM3 tau=0.15 | slotted=False | warmup_cosine=True] epoch  41 | loss=0.9539 dist=0.8727 div=2.250 H=0.102 gd=0.629 lr=7.75e-04
  [PM3 tau=0.15 | slotted=False | warmup_cosine=True] epoch  42 | loss=0.9496 dist=0.8696 div=2.274 H=0.101 gd=0.588 lr=7.71e-04
  [PM3 tau=0.15 | slotted=False | warmup_cosine=True] epoch  43 | loss=0.9493 dist=0.8706 div=2.246 H=0.101 gd=0.622 lr=7.68e-04
  [PM3 tau=0.15 | slotted=False | warmup_cosine=True] epoch  44 | loss=0.9487 dist=0.8671 div=2.249 H=0.101 gd=0.583 lr=7.63e-04
  [PM3 tau=0.15 | slotted=False | warmup_cosine=True] epoch  45 | loss=0.9433 dist=0.8647 div=2.256 H=0.101 gd=0.671 lr=7.59e-04
  [PM3 tau=0.15 | slotted=False | warmup_cosine=True] epoch  46 | loss=0.9392 dist=0.8648 div=2.258 H=0.101 gd=0.570 lr=7.55e-04
  [PM3 tau=0.15 | slotted=False | warmup_cosine=True] epoch  47 | loss=0.9421 dist=0.8640 div=2.248 H=0.102 gd=0.651 lr=7.51e-04
  [PM3 tau=0.15 | slotted=False | warmup_cosine=True] epoch  48 | loss=0.9382 dist=0.8627 div=2.260 H=0.101 gd=0.609 lr=7.46e-04
  [PM3 tau=0.15 | slotted=False | warmup_cosine=True] epoch  49 | loss=0.9331 dist=0.8570 div=2.257 H=0.101 gd=0.577 lr=7.42e-04
  [PM3 tau=0.15 | slotted=False | warmup_cosine=True] epoch  50 | loss=0.9319 dist=0.8641 div=2.258 H=0.102 gd=0.568 lr=7.37e-04
  [PM3 tau=0.15 | slotted=False | warmup_cosine=True] epoch  51 | loss=0.9321 dist=0.8588 div=2.264 H=0.101 gd=0.589 lr=7.33e-04
  [PM3 tau=0.15 | slotted=False | warmup_cosine=True] epoch  52 | loss=0.9283 dist=0.8530 div=2.252 H=0.101 gd=0.630 lr=7.28e-04
  [PM3 tau=0.15 | slotted=False | warmup_cosine=True] epoch  53 | loss=0.9264 dist=0.8617 div=2.270 H=0.100 gd=0.617 lr=7.23e-04
  [PM3 tau=0.15 | slotted=False | warmup_cosine=True] epoch  54 | loss=0.9250 dist=0.8569 div=2.269 H=0.100 gd=0.612 lr=7.18e-04
  [PM3 tau=0.15 | slotted=False | warmup_cosine=True] epoch  55 | loss=0.9208 dist=0.8574 div=2.270 H=0.099 gd=0.503 lr=7.13e-04
  [PM3 tau=0.15 | slotted=False | warmup_cosine=True] epoch  56 | loss=0.9207 dist=0.8505 div=2.258 H=0.101 gd=0.674 lr=7.08e-04
  [PM3 tau=0.15 | slotted=False | warmup_cosine=True] epoch  57 | loss=0.9190 dist=0.8529 div=2.262 H=0.100 gd=0.559 lr=7.03e-04
  [PM3 tau=0.15 | slotted=False | warmup_cosine=True] epoch  58 | loss=0.9183 dist=0.8536 div=2.269 H=0.101 gd=0.623 lr=6.98e-04
  [PM3 tau=0.15 | slotted=False | warmup_cosine=True] epoch  59 | loss=0.9131 dist=0.8453 div=2.256 H=0.101 gd=0.709 lr=6.93e-04
  [PM3 tau=0.15 | slotted=False | warmup_cosine=True] epoch  60 | loss=0.9117 dist=0.8480 div=2.272 H=0.099 gd=0.658 lr=6.87e-04
  [PM3 tau=0.15 | slotted=False | warmup_cosine=True] epoch  61 | loss=0.9138 dist=0.8484 div=2.260 H=0.101 gd=0.637 lr=6.82e-04
  [PM3 tau=0.15 | slotted=False | warmup_cosine=True] epoch  62 | loss=0.9118 dist=0.8472 div=2.265 H=0.100 gd=0.642 lr=6.76e-04
  [PM3 tau=0.15 | slotted=False | warmup_cosine=True] epoch  63 | loss=0.9083 dist=0.8459 div=2.250 H=0.099 gd=0.633 lr=6.71e-04
  [PM3 tau=0.15 | slotted=False | warmup_cosine=True] epoch  64 | loss=0.9105 dist=0.8462 div=2.273 H=0.100 gd=0.623 lr=6.65e-04
  [PM3 tau=0.15 | slotted=False | warmup_cosine=True] epoch  65 | loss=0.9091 dist=0.8528 div=2.253 H=0.099 gd=0.551 lr=6.60e-04
  [PM3 tau=0.15 | slotted=False | warmup_cosine=True] epoch  66 | loss=0.9075 dist=0.8437 div=2.259 H=0.100 gd=0.650 lr=6.54e-04
  [PM3 tau=0.15 | slotted=False | warmup_cosine=True] epoch  67 | loss=0.9067 dist=0.8464 div=2.270 H=0.099 gd=0.599 lr=6.48e-04
  [PM3 tau=0.15 | slotted=False | warmup_cosine=True] epoch  68 | loss=0.9091 dist=0.8467 div=2.259 H=0.100 gd=0.638 lr=6.42e-04
  [PM3 tau=0.15 | slotted=False | warmup_cosine=True] epoch  69 | loss=0.9051 dist=0.8487 div=2.281 H=0.098 gd=0.671 lr=6.36e-04
  [PM3 tau=0.15 | slotted=False | warmup_cosine=True] epoch  70 | loss=0.9045 dist=0.8503 div=2.259 H=0.100 gd=0.589 lr=6.30e-04
  [PM3 tau=0.15 | slotted=False | warmup_cosine=True] epoch  71 | loss=0.9027 dist=0.8438 div=2.275 H=0.099 gd=0.631 lr=6.24e-04
  [PM3 tau=0.15 | slotted=False | warmup_cosine=True] epoch  72 | loss=0.9027 dist=0.8427 div=2.264 H=0.099 gd=0.647 lr=6.18e-04
  [PM3 tau=0.15 | slotted=False | warmup_cosine=True] epoch  73 | loss=0.9004 dist=0.8441 div=2.265 H=0.099 gd=0.633 lr=6.12e-04
  [PM3 tau=0.15 | slotted=False | warmup_cosine=True] epoch  74 | loss=0.8998 dist=0.8437 div=2.275 H=0.097 gd=0.621 lr=6.06e-04
  [PM3 tau=0.15 | slotted=False | warmup_cosine=True] epoch  75 | loss=0.8994 dist=0.8393 div=2.268 H=0.100 gd=0.553 lr=6.00e-04
  [PM3 tau=0.15 | slotted=False | warmup_cosine=True] epoch  76 | loss=0.8988 dist=0.8395 div=2.256 H=0.099 gd=0.565 lr=5.94e-04
  [PM3 tau=0.15 | slotted=False | warmup_cosine=True] epoch  77 | loss=0.8959 dist=0.8380 div=2.260 H=0.098 gd=0.619 lr=5.87e-04
  [PM3 tau=0.15 | slotted=False | warmup_cosine=True] epoch  78 | loss=0.8983 dist=0.8418 div=2.262 H=0.099 gd=0.635 lr=5.81e-04
  [PM3 tau=0.15 | slotted=False | warmup_cosine=True] epoch  79 | loss=0.8972 dist=0.8461 div=2.294 H=0.098 gd=0.612 lr=5.75e-04
  [PM3 tau=0.15 | slotted=False | warmup_cosine=True] epoch  80 | loss=0.8939 dist=0.8401 div=2.260 H=0.098 gd=0.636 lr=5.68e-04
  [PM3 tau=0.15 | slotted=False | warmup_cosine=True] epoch  81 | loss=0.8921 dist=0.8426 div=2.244 H=0.099 gd=0.558 lr=5.62e-04
  [PM3 tau=0.15 | slotted=False | warmup_cosine=True] epoch  82 | loss=0.8918 dist=0.8358 div=2.278 H=0.098 gd=0.634 lr=5.55e-04
  [PM3 tau=0.15 | slotted=False | warmup_cosine=True] epoch  83 | loss=0.8912 dist=0.8358 div=2.272 H=0.099 gd=0.609 lr=5.49e-04
  [PM3 tau=0.15 | slotted=False | warmup_cosine=True] epoch  84 | loss=0.8908 dist=0.8345 div=2.293 H=0.098 gd=0.565 lr=5.42e-04
  [PM3 tau=0.15 | slotted=False | warmup_cosine=True] epoch  85 | loss=0.8875 dist=0.8355 div=2.280 H=0.098 gd=0.614 lr=5.36e-04
  [PM3 tau=0.15 | slotted=False | warmup_cosine=True] epoch  86 | loss=0.8885 dist=0.8330 div=2.263 H=0.099 gd=0.608 lr=5.29e-04
  [PM3 tau=0.15 | slotted=False | warmup_cosine=True] epoch  87 | loss=0.8895 dist=0.8364 div=2.262 H=0.099 gd=0.607 lr=5.22e-04
  [PM3 tau=0.15 | slotted=False | warmup_cosine=True] epoch  88 | loss=0.8870 dist=0.8324 div=2.270 H=0.098 gd=0.671 lr=5.16e-04
  [PM3 tau=0.15 | slotted=False | warmup_cosine=True] epoch  89 | loss=0.8841 dist=0.8325 div=2.264 H=0.099 gd=0.634 lr=5.09e-04
  [PM3 tau=0.15 | slotted=False | warmup_cosine=True] epoch  90 | loss=0.8833 dist=0.8278 div=2.264 H=0.099 gd=0.551 lr=5.02e-04
  [PM3 tau=0.15 | slotted=False | warmup_cosine=True] epoch  91 | loss=0.8828 dist=0.8302 div=2.280 H=0.098 gd=0.577 lr=4.96e-04
  [PM3 tau=0.15 | slotted=False | warmup_cosine=True] epoch  92 | loss=0.8820 dist=0.8286 div=2.273 H=0.097 gd=0.570 lr=4.89e-04
  [PM3 tau=0.15 | slotted=False | warmup_cosine=True] epoch  93 | loss=0.8821 dist=0.8264 div=2.275 H=0.098 gd=0.628 lr=4.82e-04
  [PM3 tau=0.15 | slotted=False | warmup_cosine=True] epoch  94 | loss=0.8809 dist=0.8277 div=2.270 H=0.098 gd=0.560 lr=4.75e-04
  [PM3 tau=0.15 | slotted=False | warmup_cosine=True] epoch  95 | loss=0.8807 dist=0.8280 div=2.261 H=0.098 gd=0.560 lr=4.69e-04
  [PM3 tau=0.15 | slotted=False | warmup_cosine=True] epoch  96 | loss=0.8803 dist=0.8285 div=2.279 H=0.097 gd=0.593 lr=4.62e-04
  [PM3 tau=0.15 | slotted=False | warmup_cosine=True] epoch  97 | loss=0.8802 dist=0.8261 div=2.272 H=0.098 gd=0.530 lr=4.55e-04
  [PM3 tau=0.15 | slotted=False | warmup_cosine=True] epoch  98 | loss=0.8796 dist=0.8287 div=2.285 H=0.097 gd=0.566 lr=4.48e-04
  [PM3 tau=0.15 | slotted=False | warmup_cosine=True] epoch  99 | loss=0.8775 dist=0.8285 div=2.284 H=0.098 gd=0.613 lr=4.41e-04
  [PM3 tau=0.15 | slotted=False | warmup_cosine=True] epoch 100 | loss=0.8765 dist=0.8262 div=2.274 H=0.097 gd=0.656 lr=4.35e-04
  [PM3 tau=0.15 | slotted=False | warmup_cosine=True] epoch 101 | loss=0.8762 dist=0.8271 div=2.286 H=0.099 gd=0.587 lr=4.28e-04
  [PM3 tau=0.15 | slotted=False | warmup_cosine=True] epoch 102 | loss=0.8764 dist=0.8289 div=2.280 H=0.097 gd=0.579 lr=4.21e-04
  [PM3 tau=0.15 | slotted=False | warmup_cosine=True] epoch 103 | loss=0.8750 dist=0.8261 div=2.290 H=0.098 gd=0.621 lr=4.14e-04
  [PM3 tau=0.15 | slotted=False | warmup_cosine=True] epoch 104 | loss=0.8751 dist=0.8252 div=2.288 H=0.096 gd=0.568 lr=4.07e-04
  [PM3 tau=0.15 | slotted=False | warmup_cosine=True] epoch 105 | loss=0.8740 dist=0.8260 div=2.281 H=0.097 gd=0.556 lr=4.00e-04
  [PM3 tau=0.15 | slotted=False | warmup_cosine=True] epoch 106 | loss=0.8736 dist=0.8248 div=2.288 H=0.097 gd=0.566 lr=3.94e-04
  [PM3 tau=0.15 | slotted=False | warmup_cosine=True] epoch 107 | loss=0.8728 dist=0.8293 div=2.279 H=0.097 gd=0.619 lr=3.87e-04
  [PM3 tau=0.15 | slotted=False | warmup_cosine=True] epoch 108 | loss=0.8726 dist=0.8239 div=2.271 H=0.098 gd=0.623 lr=3.80e-04
  [PM3 tau=0.15 | slotted=False | warmup_cosine=True] epoch 109 | loss=0.8710 dist=0.8260 div=2.276 H=0.096 gd=0.600 lr=3.73e-04
  [PM3 tau=0.15 | slotted=False | warmup_cosine=True] epoch 110 | loss=0.8697 dist=0.8224 div=2.272 H=0.096 gd=0.626 lr=3.66e-04
  [PM3 tau=0.15 | slotted=False | warmup_cosine=True] epoch 111 | loss=0.8703 dist=0.8261 div=2.274 H=0.097 gd=0.514 lr=3.60e-04
  [PM3 tau=0.15 | slotted=False | warmup_cosine=True] epoch 112 | loss=0.8703 dist=0.8256 div=2.275 H=0.097 gd=0.518 lr=3.53e-04
  [PM3 tau=0.15 | slotted=False | warmup_cosine=True] epoch 113 | loss=0.8692 dist=0.8185 div=2.265 H=0.097 gd=0.525 lr=3.46e-04
  [PM3 tau=0.15 | slotted=False | warmup_cosine=True] epoch 114 | loss=0.8683 dist=0.8178 div=2.279 H=0.096 gd=0.561 lr=3.39e-04
  [PM3 tau=0.15 | slotted=False | warmup_cosine=True] epoch 115 | loss=0.8678 dist=0.8212 div=2.277 H=0.096 gd=0.533 lr=3.33e-04
  [PM3 tau=0.15 | slotted=False | warmup_cosine=True] epoch 116 | loss=0.8672 dist=0.8250 div=2.288 H=0.096 gd=0.601 lr=3.26e-04
  [PM3 tau=0.15 | slotted=False | warmup_cosine=True] epoch 117 | loss=0.8667 dist=0.8265 div=2.277 H=0.096 gd=0.578 lr=3.19e-04
  [PM3 tau=0.15 | slotted=False | warmup_cosine=True] epoch 118 | loss=0.8666 dist=0.8262 div=2.283 H=0.097 gd=0.532 lr=3.13e-04
  [PM3 tau=0.15 | slotted=False | warmup_cosine=True] epoch 119 | loss=0.8666 dist=0.8255 div=2.280 H=0.097 gd=0.578 lr=3.06e-04
  [PM3 tau=0.15 | slotted=False | warmup_cosine=True] epoch 120 | loss=0.8653 dist=0.8230 div=2.287 H=0.096 gd=0.489 lr=3.00e-04
  [PM3 tau=0.15 | slotted=False | warmup_cosine=True] epoch 121 | loss=0.8637 dist=0.8194 div=2.269 H=0.095 gd=0.594 lr=2.93e-04
  [PM3 tau=0.15 | slotted=False | warmup_cosine=True] epoch 122 | loss=0.8628 dist=0.8175 div=2.285 H=0.096 gd=0.579 lr=2.87e-04
  [PM3 tau=0.15 | slotted=False | warmup_cosine=True] epoch 123 | loss=0.8614 dist=0.8192 div=2.295 H=0.095 gd=0.533 lr=2.80e-04
  [PM3 tau=0.15 | slotted=False | warmup_cosine=True] epoch 124 | loss=0.8620 dist=0.8175 div=2.263 H=0.096 gd=0.524 lr=2.74e-04
  [PM3 tau=0.15 | slotted=False | warmup_cosine=True] epoch 125 | loss=0.8605 dist=0.8193 div=2.286 H=0.095 gd=0.642 lr=2.67e-04
  [PM3 tau=0.15 | slotted=False | warmup_cosine=True] epoch 126 | loss=0.8605 dist=0.8219 div=2.294 H=0.095 gd=0.532 lr=2.61e-04
  [PM3 tau=0.15 | slotted=False | warmup_cosine=True] epoch 127 | loss=0.8605 dist=0.8228 div=2.272 H=0.096 gd=0.605 lr=2.55e-04
  [PM3 tau=0.15 | slotted=False | warmup_cosine=True] epoch 128 | loss=0.8585 dist=0.8189 div=2.266 H=0.096 gd=0.544 lr=2.49e-04
  [PM3 tau=0.15 | slotted=False | warmup_cosine=True] epoch 129 | loss=0.8587 dist=0.8157 div=2.285 H=0.094 gd=0.559 lr=2.42e-04
  [PM3 tau=0.15 | slotted=False | warmup_cosine=True] epoch 130 | loss=0.8576 dist=0.8194 div=2.285 H=0.095 gd=0.589 lr=2.36e-04
  [PM3 tau=0.15 | slotted=False | warmup_cosine=True] epoch 131 | loss=0.8573 dist=0.8171 div=2.273 H=0.095 gd=0.518 lr=2.30e-04
  [PM3 tau=0.15 | slotted=False | warmup_cosine=True] epoch 132 | loss=0.8569 dist=0.8166 div=2.276 H=0.094 gd=0.539 lr=2.24e-04
  [PM3 tau=0.15 | slotted=False | warmup_cosine=True] epoch 133 | loss=0.8557 dist=0.8166 div=2.283 H=0.094 gd=0.485 lr=2.18e-04
  [PM3 tau=0.15 | slotted=False | warmup_cosine=True] epoch 134 | loss=0.8558 dist=0.8172 div=2.283 H=0.094 gd=0.569 lr=2.12e-04
  [PM3 tau=0.15 | slotted=False | warmup_cosine=True] epoch 135 | loss=0.8543 dist=0.8185 div=2.287 H=0.094 gd=0.558 lr=2.06e-04
  [PM3 tau=0.15 | slotted=False | warmup_cosine=True] epoch 136 | loss=0.8535 dist=0.8178 div=2.273 H=0.094 gd=0.594 lr=2.00e-04
  [PM3 tau=0.15 | slotted=False | warmup_cosine=True] epoch 137 | loss=0.8538 dist=0.8154 div=2.291 H=0.094 gd=0.515 lr=1.95e-04
  [PM3 tau=0.15 | slotted=False | warmup_cosine=True] epoch 138 | loss=0.8533 dist=0.8154 div=2.284 H=0.093 gd=0.548 lr=1.89e-04
  [PM3 tau=0.15 | slotted=False | warmup_cosine=True] epoch 139 | loss=0.8523 dist=0.8144 div=2.286 H=0.093 gd=0.478 lr=1.83e-04
  [PM3 tau=0.15 | slotted=False | warmup_cosine=True] epoch 140 | loss=0.8514 dist=0.8186 div=2.288 H=0.093 gd=0.545 lr=1.78e-04
  [PM3 tau=0.15 | slotted=False | warmup_cosine=True] epoch 141 | loss=0.8520 dist=0.8153 div=2.282 H=0.092 gd=0.500 lr=1.72e-04
  [PM3 tau=0.15 | slotted=False | warmup_cosine=True] epoch 142 | loss=0.8512 dist=0.8157 div=2.286 H=0.093 gd=0.525 lr=1.67e-04
  [PM3 tau=0.15 | slotted=False | warmup_cosine=True] epoch 143 | loss=0.8500 dist=0.8161 div=2.288 H=0.093 gd=0.499 lr=1.61e-04
  [PM3 tau=0.15 | slotted=False | warmup_cosine=True] epoch 144 | loss=0.8499 dist=0.8154 div=2.289 H=0.093 gd=0.531 lr=1.56e-04
  [PM3 tau=0.15 | slotted=False | warmup_cosine=True] epoch 145 | loss=0.8496 dist=0.8161 div=2.279 H=0.094 gd=0.544 lr=1.51e-04
  [PM3 tau=0.15 | slotted=False | warmup_cosine=True] epoch 146 | loss=0.8486 dist=0.8163 div=2.277 H=0.093 gd=0.510 lr=1.45e-04
  [PM3 tau=0.15 | slotted=False | warmup_cosine=True] epoch 147 | loss=0.8487 dist=0.8135 div=2.288 H=0.093 gd=0.528 lr=1.40e-04
  [PM3 tau=0.15 | slotted=False | warmup_cosine=True] epoch 148 | loss=0.8473 dist=0.8160 div=2.288 H=0.093 gd=0.524 lr=1.35e-04
  [PM3 tau=0.15 | slotted=False | warmup_cosine=True] epoch 149 | loss=0.8471 dist=0.8159 div=2.285 H=0.093 gd=0.492 lr=1.30e-04
  [PM3 tau=0.15 | slotted=False | warmup_cosine=True] epoch 150 | loss=0.8463 dist=0.8156 div=2.284 H=0.093 gd=0.527 lr=1.25e-04
  [PM3 tau=0.15 | slotted=False | warmup_cosine=True] epoch 151 | loss=0.8463 dist=0.8139 div=2.287 H=0.093 gd=0.475 lr=1.21e-04
  [PM3 tau=0.15 | slotted=False | warmup_cosine=True] epoch 152 | loss=0.8452 dist=0.8137 div=2.286 H=0.093 gd=0.510 lr=1.16e-04
  [PM3 tau=0.15 | slotted=False | warmup_cosine=True] epoch 153 | loss=0.8449 dist=0.8128 div=2.285 H=0.093 gd=0.521 lr=1.11e-04
  [PM3 tau=0.15 | slotted=False | warmup_cosine=True] epoch 154 | loss=0.8447 dist=0.8129 div=2.288 H=0.093 gd=0.516 lr=1.07e-04
  [PM3 tau=0.15 | slotted=False | warmup_cosine=True] epoch 155 | loss=0.8434 dist=0.8121 div=2.289 H=0.092 gd=0.461 lr=1.02e-04
  [PM3 tau=0.15 | slotted=False | warmup_cosine=True] epoch 156 | loss=0.8439 dist=0.8124 div=2.282 H=0.092 gd=0.509 lr=9.78e-05
  [PM3 tau=0.15 | slotted=False | warmup_cosine=True] epoch 157 | loss=0.8436 dist=0.8136 div=2.287 H=0.093 gd=0.566 lr=9.35e-05
  [PM3 tau=0.15 | slotted=False | warmup_cosine=True] epoch 158 | loss=0.8425 dist=0.8127 div=2.289 H=0.092 gd=0.493 lr=8.92e-05
  [PM3 tau=0.15 | slotted=False | warmup_cosine=True] epoch 159 | loss=0.8423 dist=0.8114 div=2.283 H=0.093 gd=0.530 lr=8.51e-05
  [PM3 tau=0.15 | slotted=False | warmup_cosine=True] epoch 160 | loss=0.8417 dist=0.8118 div=2.281 H=0.093 gd=0.510 lr=8.10e-05
  [PM3 tau=0.15 | slotted=False | warmup_cosine=True] epoch 161 | loss=0.8416 dist=0.8107 div=2.283 H=0.092 gd=0.522 lr=7.71e-05
  [PM3 tau=0.15 | slotted=False | warmup_cosine=True] epoch 162 | loss=0.8407 dist=0.8108 div=2.288 H=0.092 gd=0.521 lr=7.32e-05
  [PM3 tau=0.15 | slotted=False | warmup_cosine=True] epoch 163 | loss=0.8412 dist=0.8104 div=2.282 H=0.093 gd=0.463 lr=6.94e-05
  [PM3 tau=0.15 | slotted=False | warmup_cosine=True] epoch 164 | loss=0.8411 dist=0.8120 div=2.292 H=0.092 gd=0.474 lr=6.57e-05
  [PM3 tau=0.15 | slotted=False | warmup_cosine=True] epoch 165 | loss=0.8401 dist=0.8107 div=2.281 H=0.092 gd=0.478 lr=6.21e-05
  [PM3 tau=0.15 | slotted=False | warmup_cosine=True] epoch 166 | loss=0.8399 dist=0.8106 div=2.290 H=0.092 gd=0.469 lr=5.86e-05
  [PM3 tau=0.15 | slotted=False | warmup_cosine=True] epoch 167 | loss=0.8399 dist=0.8111 div=2.288 H=0.092 gd=0.476 lr=5.51e-05
  [PM3 tau=0.15 | slotted=False | warmup_cosine=True] epoch 168 | loss=0.8389 dist=0.8103 div=2.290 H=0.092 gd=0.469 lr=5.18e-05
  [PM3 tau=0.15 | slotted=False | warmup_cosine=True] epoch 169 | loss=0.8379 dist=0.8102 div=2.281 H=0.092 gd=0.521 lr=4.86e-05
  [PM3 tau=0.15 | slotted=False | warmup_cosine=True] epoch 170 | loss=0.8378 dist=0.8101 div=2.288 H=0.092 gd=0.543 lr=4.55e-05
  [PM3 tau=0.15 | slotted=False | warmup_cosine=True] epoch 171 | loss=0.8383 dist=0.8077 div=2.285 H=0.092 gd=0.540 lr=4.24e-05
  [PM3 tau=0.15 | slotted=False | warmup_cosine=True] epoch 172 | loss=0.8374 dist=0.8087 div=2.290 H=0.092 gd=0.538 lr=3.95e-05
  [PM3 tau=0.15 | slotted=False | warmup_cosine=True] epoch 173 | loss=0.8378 dist=0.8099 div=2.292 H=0.093 gd=0.538 lr=3.67e-05
  [PM3 tau=0.15 | slotted=False | warmup_cosine=True] epoch 174 | loss=0.8371 dist=0.8093 div=2.290 H=0.092 gd=0.492 lr=3.39e-05
  [PM3 tau=0.15 | slotted=False | warmup_cosine=True] epoch 175 | loss=0.8375 dist=0.8088 div=2.287 H=0.092 gd=0.480 lr=3.13e-05
  [PM3 tau=0.15 | slotted=False | warmup_cosine=True] epoch 176 | loss=0.8364 dist=0.8092 div=2.286 H=0.092 gd=0.486 lr=2.88e-05
  [PM3 tau=0.15 | slotted=False | warmup_cosine=True] epoch 177 | loss=0.8368 dist=0.8082 div=2.290 H=0.092 gd=0.491 lr=2.64e-05
  [PM3 tau=0.15 | slotted=False | warmup_cosine=True] epoch 178 | loss=0.8365 dist=0.8077 div=2.287 H=0.092 gd=0.513 lr=2.41e-05
  [PM3 tau=0.15 | slotted=False | warmup_cosine=True] epoch 179 | loss=0.8359 dist=0.8105 div=2.291 H=0.092 gd=0.535 lr=2.18e-05
  [PM3 tau=0.15 | slotted=False | warmup_cosine=True] epoch 180 | loss=0.8360 dist=0.8082 div=2.289 H=0.092 gd=0.496 lr=1.97e-05
  [PM3 tau=0.15 | slotted=False | warmup_cosine=True] epoch 181 | loss=0.8360 dist=0.8080 div=2.289 H=0.092 gd=0.467 lr=1.77e-05
  [PM3 tau=0.15 | slotted=False | warmup_cosine=True] epoch 182 | loss=0.8357 dist=0.8086 div=2.288 H=0.092 gd=0.521 lr=1.58e-05
  [PM3 tau=0.15 | slotted=False | warmup_cosine=True] epoch 183 | loss=0.8354 dist=0.8080 div=2.291 H=0.092 gd=0.434 lr=1.40e-05
  [PM3 tau=0.15 | slotted=False | warmup_cosine=True] epoch 184 | loss=0.8356 dist=0.8086 div=2.287 H=0.092 gd=0.520 lr=1.23e-05
  [PM3 tau=0.15 | slotted=False | warmup_cosine=True] epoch 185 | loss=0.8350 dist=0.8090 div=2.287 H=0.092 gd=0.514 lr=1.07e-05
  [PM3 tau=0.15 | slotted=False | warmup_cosine=True] epoch 186 | loss=0.8357 dist=0.8073 div=2.290 H=0.092 gd=0.530 lr=9.27e-06
  [PM3 tau=0.15 | slotted=False | warmup_cosine=True] epoch 187 | loss=0.8353 dist=0.8076 div=2.287 H=0.092 gd=0.510 lr=7.90e-06
  [PM3 tau=0.15 | slotted=False | warmup_cosine=True] epoch 188 | loss=0.8349 dist=0.8072 div=2.289 H=0.092 gd=0.477 lr=6.64e-06
  [PM3 tau=0.15 | slotted=False | warmup_cosine=True] epoch 189 | loss=0.8348 dist=0.8077 div=2.288 H=0.092 gd=0.508 lr=5.49e-06
  [PM3 tau=0.15 | slotted=False | warmup_cosine=True] epoch 190 | loss=0.8342 dist=0.8069 div=2.287 H=0.092 gd=0.472 lr=4.45e-06
  [PM3 tau=0.15 | slotted=False | warmup_cosine=True] epoch 191 | loss=0.8343 dist=0.8072 div=2.288 H=0.092 gd=0.521 lr=3.52e-06
  [PM3 tau=0.15 | slotted=False | warmup_cosine=True] epoch 192 | loss=0.8344 dist=0.8085 div=2.288 H=0.093 gd=0.462 lr=2.70e-06
  [PM3 tau=0.15 | slotted=False | warmup_cosine=True] epoch 193 | loss=0.8345 dist=0.8069 div=2.289 H=0.092 gd=0.501 lr=1.98e-06
  [PM3 tau=0.15 | slotted=False | warmup_cosine=True] epoch 194 | loss=0.8343 dist=0.8080 div=2.288 H=0.092 gd=0.518 lr=1.38e-06
  [PM3 tau=0.15 | slotted=False | warmup_cosine=True] epoch 195 | loss=0.8347 dist=0.8072 div=2.288 H=0.092 gd=0.444 lr=8.81e-07
  [PM3 tau=0.15 | slotted=False | warmup_cosine=True] epoch 196 | loss=0.8342 dist=0.8085 div=2.288 H=0.092 gd=0.573 lr=4.95e-07
  [PM3 tau=0.15 | slotted=False | warmup_cosine=True] epoch 197 | loss=0.8340 dist=0.8074 div=2.288 H=0.092 gd=0.554 lr=2.20e-07
  [PM3 tau=0.15 | slotted=False | warmup_cosine=True] epoch 198 | loss=0.8341 dist=0.8077 div=2.288 H=0.092 gd=0.529 lr=5.51e-08
  [PM3 tau=0.15 | slotted=False | warmup_cosine=True] epoch 199 | loss=0.8345 dist=0.8072 div=2.289 H=0.092 gd=0.490 lr=0.00e+00

────────────────────────────────────────────────────────────
Run complete in 10.8 min
Best dist:  0.8069 at epoch 193
Final dist: 0.8072
Saved → results/pm3_grid/pm3_tau0.15_slots0_warmup1.pkl
[gpu2] Finished: tau0.15_slots0_warmup1
