[gpu3] Starting: tau0.12_slots1_warmup1
Run:        pm3_tau0.12_slots1_warmup1
Device:     cuda
Epochs:     200
Batch size: 512
LR:         8.49e-04  (auto-scaled from 0.0003 at batch=64)
Output:     results/pm3_grid/pm3_tau0.12_slots1_warmup1.pkl
────────────────────────────────────────────────────────────
/global/homes/d/danieltm/.conda/envs/influencer/lib/python3.11/site-packages/torch/nn/modules/transformer.py:296: UserWarning: The PyTorch API of nested tensors is in prototype stage and will change in the near future. (Triggered internally at /opt/conda/conda-bld/pytorch_1682343970094/work/aten/src/ATen/NestedTensorImpl.cpp:177.)
  output = torch._nested_tensor_from_mask(output, src_key_padding_mask.logical_not(), mask_check=False)
  [PM3 tau=0.12 | slotted=True | warmup_cosine=True] epoch   0 | loss=8.9583 dist=1.5297 div=1.356 H=0.248 gd=0.809 lr=3.39e-04
  [PM3 tau=0.12 | slotted=True | warmup_cosine=True] epoch   1 | loss=4.2644 dist=1.3639 div=1.607 H=0.216 gd=0.675 lr=5.09e-04
  [PM3 tau=0.12 | slotted=True | warmup_cosine=True] epoch   2 | loss=2.8120 dist=1.2802 div=1.734 H=0.200 gd=0.687 lr=6.79e-04
  [PM3 tau=0.12 | slotted=True | warmup_cosine=True] epoch   3 | loss=2.3597 dist=1.2245 div=1.816 H=0.182 gd=0.623 lr=8.49e-04
  [PM3 tau=0.12 | slotted=True | warmup_cosine=True] epoch   4 | loss=2.0986 dist=1.1697 div=1.859 H=0.172 gd=0.502 lr=8.49e-04
  [PM3 tau=0.12 | slotted=True | warmup_cosine=True] epoch   5 | loss=1.9621 dist=1.1413 div=1.888 H=0.161 gd=0.465 lr=8.48e-04
  [PM3 tau=0.12 | slotted=True | warmup_cosine=True] epoch   6 | loss=1.9039 dist=1.1416 div=1.909 H=0.158 gd=0.465 lr=8.48e-04
  [PM3 tau=0.12 | slotted=True | warmup_cosine=True] epoch   7 | loss=1.8764 dist=1.1230 div=1.927 H=0.150 gd=0.484 lr=8.48e-04
  [PM3 tau=0.12 | slotted=True | warmup_cosine=True] epoch   8 | loss=1.8341 dist=1.1300 div=1.924 H=0.149 gd=0.453 lr=8.48e-04
  [PM3 tau=0.12 | slotted=True | warmup_cosine=True] epoch   9 | loss=1.7929 dist=1.1307 div=1.924 H=0.149 gd=0.481 lr=8.47e-04
  [PM3 tau=0.12 | slotted=True | warmup_cosine=True] epoch  10 | loss=1.7671 dist=1.1221 div=1.929 H=0.146 gd=0.484 lr=8.47e-04
  [PM3 tau=0.12 | slotted=True | warmup_cosine=True] epoch  11 | loss=1.7367 dist=1.1284 div=1.929 H=0.135 gd=0.554 lr=8.46e-04
  [PM3 tau=0.12 | slotted=True | warmup_cosine=True] epoch  12 | loss=1.7736 dist=1.1071 div=1.942 H=0.131 gd=0.611 lr=8.45e-04
  [PM3 tau=0.12 | slotted=True | warmup_cosine=True] epoch  13 | loss=1.7062 dist=1.1024 div=1.972 H=0.132 gd=0.587 lr=8.44e-04
  [PM3 tau=0.12 | slotted=True | warmup_cosine=True] epoch  14 | loss=1.6794 dist=1.0821 div=1.979 H=0.130 gd=0.591 lr=8.43e-04
  [PM3 tau=0.12 | slotted=True | warmup_cosine=True] epoch  15 | loss=1.6693 dist=1.1150 div=1.927 H=0.131 gd=0.638 lr=8.42e-04
  [PM3 tau=0.12 | slotted=True | warmup_cosine=True] epoch  16 | loss=1.6537 dist=1.0807 div=2.022 H=0.126 gd=0.658 lr=8.41e-04
  [PM3 tau=0.12 | slotted=True | warmup_cosine=True] epoch  17 | loss=1.6098 dist=1.0922 div=2.002 H=0.127 gd=0.632 lr=8.39e-04
  [PM3 tau=0.12 | slotted=True | warmup_cosine=True] epoch  18 | loss=1.5876 dist=1.0732 div=2.004 H=0.119 gd=0.578 lr=8.38e-04
  [PM3 tau=0.12 | slotted=True | warmup_cosine=True] epoch  19 | loss=1.5934 dist=1.0571 div=1.995 H=0.117 gd=0.638 lr=8.36e-04
  [PM3 tau=0.12 | slotted=True | warmup_cosine=True] epoch  20 | loss=1.6089 dist=1.0680 div=2.004 H=0.119 gd=0.676 lr=8.35e-04
  [PM3 tau=0.12 | slotted=True | warmup_cosine=True] epoch  21 | loss=1.5947 dist=1.0708 div=1.993 H=0.120 gd=0.675 lr=8.33e-04
  [PM3 tau=0.12 | slotted=True | warmup_cosine=True] epoch  22 | loss=1.5702 dist=1.0318 div=2.026 H=0.114 gd=0.663 lr=8.31e-04
  [PM3 tau=0.12 | slotted=True | warmup_cosine=True] epoch  23 | loss=1.5190 dist=1.0391 div=2.013 H=0.115 gd=0.662 lr=8.29e-04
  [PM3 tau=0.12 | slotted=True | warmup_cosine=True] epoch  24 | loss=1.5259 dist=1.0337 div=2.026 H=0.110 gd=0.652 lr=8.27e-04
  [PM3 tau=0.12 | slotted=True | warmup_cosine=True] epoch  25 | loss=1.5287 dist=1.0562 div=2.006 H=0.113 gd=0.701 lr=8.24e-04
  [PM3 tau=0.12 | slotted=True | warmup_cosine=True] epoch  26 | loss=1.5086 dist=1.0396 div=2.007 H=0.107 gd=0.743 lr=8.22e-04
  [PM3 tau=0.12 | slotted=True | warmup_cosine=True] epoch  27 | loss=1.4861 dist=1.0130 div=2.046 H=0.108 gd=0.665 lr=8.20e-04
  [PM3 tau=0.12 | slotted=True | warmup_cosine=True] epoch  28 | loss=1.4711 dist=1.0282 div=2.019 H=0.108 gd=0.711 lr=8.17e-04
  [PM3 tau=0.12 | slotted=True | warmup_cosine=True] epoch  29 | loss=1.4618 dist=1.0171 div=2.045 H=0.104 gd=0.663 lr=8.15e-04
  [PM3 tau=0.12 | slotted=True | warmup_cosine=True] epoch  30 | loss=1.4574 dist=1.0300 div=2.059 H=0.107 gd=0.701 lr=8.12e-04
  [PM3 tau=0.12 | slotted=True | warmup_cosine=True] epoch  31 | loss=1.4515 dist=1.0076 div=2.053 H=0.102 gd=0.705 lr=8.09e-04
  [PM3 tau=0.12 | slotted=True | warmup_cosine=True] epoch  32 | loss=1.4429 dist=1.0197 div=2.053 H=0.108 gd=0.687 lr=8.06e-04
  [PM3 tau=0.12 | slotted=True | warmup_cosine=True] epoch  33 | loss=1.4620 dist=1.0345 div=2.033 H=0.112 gd=0.709 lr=8.03e-04
  [PM3 tau=0.12 | slotted=True | warmup_cosine=True] epoch  34 | loss=1.4484 dist=1.0100 div=2.070 H=0.105 gd=0.687 lr=8.00e-04
  [PM3 tau=0.12 | slotted=True | warmup_cosine=True] epoch  35 | loss=1.4132 dist=1.0111 div=2.058 H=0.103 gd=0.693 lr=7.97e-04
  [PM3 tau=0.12 | slotted=True | warmup_cosine=True] epoch  36 | loss=1.3995 dist=1.0293 div=2.064 H=0.106 gd=0.692 lr=7.93e-04
  [PM3 tau=0.12 | slotted=True | warmup_cosine=True] epoch  37 | loss=1.3915 dist=0.9956 div=2.082 H=0.105 gd=0.723 lr=7.90e-04
  [PM3 tau=0.12 | slotted=True | warmup_cosine=True] epoch  38 | loss=1.3996 dist=1.0348 div=2.060 H=0.110 gd=0.721 lr=7.86e-04
  [PM3 tau=0.12 | slotted=True | warmup_cosine=True] epoch  39 | loss=1.3924 dist=0.9916 div=2.071 H=0.104 gd=0.652 lr=7.83e-04
  [PM3 tau=0.12 | slotted=True | warmup_cosine=True] epoch  40 | loss=1.4000 dist=0.9849 div=2.085 H=0.104 gd=0.767 lr=7.79e-04
  [PM3 tau=0.12 | slotted=True | warmup_cosine=True] epoch  41 | loss=1.3780 dist=0.9741 div=2.090 H=0.099 gd=0.694 lr=7.75e-04
  [PM3 tau=0.12 | slotted=True | warmup_cosine=True] epoch  42 | loss=1.3506 dist=0.9534 div=2.100 H=0.098 gd=0.681 lr=7.71e-04
  [PM3 tau=0.12 | slotted=True | warmup_cosine=True] epoch  43 | loss=1.3106 dist=0.8883 div=2.168 H=0.107 gd=0.673 lr=7.68e-04
  [PM3 tau=0.12 | slotted=True | warmup_cosine=True] epoch  44 | loss=1.2648 dist=0.8763 div=2.176 H=0.108 gd=0.695 lr=7.63e-04
  [PM3 tau=0.12 | slotted=True | warmup_cosine=True] epoch  45 | loss=1.2486 dist=0.9010 div=2.157 H=0.106 gd=0.692 lr=7.59e-04
  [PM3 tau=0.12 | slotted=True | warmup_cosine=True] epoch  46 | loss=1.2751 dist=0.8947 div=2.162 H=0.113 gd=0.657 lr=7.55e-04
  [PM3 tau=0.12 | slotted=True | warmup_cosine=True] epoch  47 | loss=1.2360 dist=0.8783 div=2.181 H=0.106 gd=0.672 lr=7.51e-04
  [PM3 tau=0.12 | slotted=True | warmup_cosine=True] epoch  48 | loss=1.2098 dist=0.9379 div=2.148 H=0.101 gd=0.696 lr=7.46e-04
  [PM3 tau=0.12 | slotted=True | warmup_cosine=True] epoch  49 | loss=1.1876 dist=0.8402 div=2.185 H=0.101 gd=0.630 lr=7.42e-04
  [PM3 tau=0.12 | slotted=True | warmup_cosine=True] epoch  50 | loss=1.1551 dist=0.8819 div=2.176 H=0.095 gd=0.660 lr=7.37e-04
  [PM3 tau=0.12 | slotted=True | warmup_cosine=True] epoch  51 | loss=1.1539 dist=0.8519 div=2.196 H=0.099 gd=0.674 lr=7.33e-04
  [PM3 tau=0.12 | slotted=True | warmup_cosine=True] epoch  52 | loss=1.1451 dist=0.8483 div=2.186 H=0.099 gd=0.654 lr=7.28e-04
  [PM3 tau=0.12 | slotted=True | warmup_cosine=True] epoch  53 | loss=1.1633 dist=0.8452 div=2.196 H=0.096 gd=0.677 lr=7.23e-04
  [PM3 tau=0.12 | slotted=True | warmup_cosine=True] epoch  54 | loss=1.1125 dist=0.8433 div=2.196 H=0.094 gd=0.665 lr=7.18e-04
  [PM3 tau=0.12 | slotted=True | warmup_cosine=True] epoch  55 | loss=1.1023 dist=0.8217 div=2.208 H=0.098 gd=0.708 lr=7.13e-04
  [PM3 tau=0.12 | slotted=True | warmup_cosine=True] epoch  56 | loss=1.1391 dist=1.0206 div=2.043 H=0.105 gd=0.675 lr=7.08e-04
  [PM3 tau=0.12 | slotted=True | warmup_cosine=True] epoch  57 | loss=1.1897 dist=0.8255 div=2.210 H=0.096 gd=0.659 lr=7.03e-04
  [PM3 tau=0.12 | slotted=True | warmup_cosine=True] epoch  58 | loss=1.1068 dist=0.8873 div=2.192 H=0.103 gd=0.777 lr=6.98e-04
  [PM3 tau=0.12 | slotted=True | warmup_cosine=True] epoch  59 | loss=1.1317 dist=0.8416 div=2.203 H=0.099 gd=0.669 lr=6.93e-04
  [PM3 tau=0.12 | slotted=True | warmup_cosine=True] epoch  60 | loss=1.0596 dist=0.8295 div=2.229 H=0.092 gd=0.665 lr=6.87e-04
  [PM3 tau=0.12 | slotted=True | warmup_cosine=True] epoch  61 | loss=1.0422 dist=0.8276 div=2.220 H=0.089 gd=0.684 lr=6.82e-04
  [PM3 tau=0.12 | slotted=True | warmup_cosine=True] epoch  62 | loss=1.0581 dist=0.7980 div=2.229 H=0.091 gd=0.688 lr=6.76e-04
  [PM3 tau=0.12 | slotted=True | warmup_cosine=True] epoch  63 | loss=1.0338 dist=0.8292 div=2.214 H=0.091 gd=0.643 lr=6.71e-04
  [PM3 tau=0.12 | slotted=True | warmup_cosine=True] epoch  64 | loss=1.0817 dist=0.8418 div=2.232 H=0.093 gd=0.644 lr=6.65e-04
  [PM3 tau=0.12 | slotted=True | warmup_cosine=True] epoch  65 | loss=1.0320 dist=0.8032 div=2.236 H=0.087 gd=0.667 lr=6.60e-04
  [PM3 tau=0.12 | slotted=True | warmup_cosine=True] epoch  66 | loss=1.0004 dist=0.8012 div=2.233 H=0.088 gd=0.622 lr=6.54e-04
  [PM3 tau=0.12 | slotted=True | warmup_cosine=True] epoch  67 | loss=0.9883 dist=0.7959 div=2.253 H=0.086 gd=0.681 lr=6.48e-04
  [PM3 tau=0.12 | slotted=True | warmup_cosine=True] epoch  68 | loss=1.0080 dist=0.8176 div=2.231 H=0.090 gd=0.723 lr=6.42e-04
  [PM3 tau=0.12 | slotted=True | warmup_cosine=True] epoch  69 | loss=0.9969 dist=0.8573 div=2.233 H=0.095 gd=0.675 lr=6.36e-04
  [PM3 tau=0.12 | slotted=True | warmup_cosine=True] epoch  70 | loss=0.9899 dist=0.7893 div=2.250 H=0.085 gd=0.678 lr=6.30e-04
  [PM3 tau=0.12 | slotted=True | warmup_cosine=True] epoch  71 | loss=0.9601 dist=0.8239 div=2.228 H=0.086 gd=0.672 lr=6.24e-04
  [PM3 tau=0.12 | slotted=True | warmup_cosine=True] epoch  72 | loss=0.9811 dist=0.8404 div=2.226 H=0.085 gd=0.711 lr=6.18e-04
  [PM3 tau=0.12 | slotted=True | warmup_cosine=True] epoch  73 | loss=1.0003 dist=0.8190 div=2.246 H=0.084 gd=0.623 lr=6.12e-04
  [PM3 tau=0.12 | slotted=True | warmup_cosine=True] epoch  74 | loss=0.9598 dist=0.8046 div=2.271 H=0.082 gd=0.634 lr=6.06e-04
  [PM3 tau=0.12 | slotted=True | warmup_cosine=True] epoch  75 | loss=0.9000 dist=0.7582 div=2.259 H=0.078 gd=0.677 lr=6.00e-04
  [PM3 tau=0.12 | slotted=True | warmup_cosine=True] epoch  76 | loss=0.9233 dist=0.7745 div=2.273 H=0.081 gd=0.649 lr=5.94e-04
  [PM3 tau=0.12 | slotted=True | warmup_cosine=True] epoch  77 | loss=0.8778 dist=0.7794 div=2.263 H=0.079 gd=0.614 lr=5.87e-04
  [PM3 tau=0.12 | slotted=True | warmup_cosine=True] epoch  78 | loss=0.9160 dist=0.7865 div=2.260 H=0.080 gd=0.670 lr=5.81e-04
  [PM3 tau=0.12 | slotted=True | warmup_cosine=True] epoch  79 | loss=0.8908 dist=0.7724 div=2.270 H=0.079 gd=0.660 lr=5.75e-04
  [PM3 tau=0.12 | slotted=True | warmup_cosine=True] epoch  80 | loss=0.8876 dist=0.7646 div=2.266 H=0.080 gd=0.615 lr=5.68e-04
  [PM3 tau=0.12 | slotted=True | warmup_cosine=True] epoch  81 | loss=0.8996 dist=0.7584 div=2.263 H=0.079 gd=0.686 lr=5.62e-04
  [PM3 tau=0.12 | slotted=True | warmup_cosine=True] epoch  82 | loss=0.8715 dist=0.7410 div=2.283 H=0.076 gd=0.622 lr=5.55e-04
  [PM3 tau=0.12 | slotted=True | warmup_cosine=True] epoch  83 | loss=0.8359 dist=0.7397 div=2.290 H=0.077 gd=0.602 lr=5.49e-04
  [PM3 tau=0.12 | slotted=True | warmup_cosine=True] epoch  84 | loss=0.8479 dist=0.7471 div=2.277 H=0.078 gd=0.667 lr=5.42e-04
  [PM3 tau=0.12 | slotted=True | warmup_cosine=True] epoch  85 | loss=0.8540 dist=0.7377 div=2.271 H=0.076 gd=0.648 lr=5.36e-04
  [PM3 tau=0.12 | slotted=True | warmup_cosine=True] epoch  86 | loss=0.8337 dist=0.7403 div=2.280 H=0.077 gd=0.641 lr=5.29e-04
  [PM3 tau=0.12 | slotted=True | warmup_cosine=True] epoch  87 | loss=0.8302 dist=0.7559 div=2.284 H=0.077 gd=0.623 lr=5.22e-04
  [PM3 tau=0.12 | slotted=True | warmup_cosine=True] epoch  88 | loss=0.8192 dist=0.7777 div=2.260 H=0.078 gd=0.663 lr=5.16e-04
  [PM3 tau=0.12 | slotted=True | warmup_cosine=True] epoch  89 | loss=0.8318 dist=0.7340 div=2.283 H=0.076 gd=0.625 lr=5.09e-04
  [PM3 tau=0.12 | slotted=True | warmup_cosine=True] epoch  90 | loss=0.8162 dist=0.7511 div=2.267 H=0.079 gd=0.615 lr=5.02e-04
  [PM3 tau=0.12 | slotted=True | warmup_cosine=True] epoch  91 | loss=0.8554 dist=0.7535 div=2.279 H=0.076 gd=0.664 lr=4.96e-04
  [PM3 tau=0.12 | slotted=True | warmup_cosine=True] epoch  92 | loss=0.8015 dist=0.7321 div=2.286 H=0.077 gd=0.624 lr=4.89e-04
  [PM3 tau=0.12 | slotted=True | warmup_cosine=True] epoch  93 | loss=0.8035 dist=0.7251 div=2.288 H=0.075 gd=0.645 lr=4.82e-04
  [PM3 tau=0.12 | slotted=True | warmup_cosine=True] epoch  94 | loss=0.8050 dist=0.7581 div=2.267 H=0.076 gd=0.637 lr=4.75e-04
  [PM3 tau=0.12 | slotted=True | warmup_cosine=True] epoch  95 | loss=0.8314 dist=0.7333 div=2.303 H=0.074 gd=0.590 lr=4.69e-04
  [PM3 tau=0.12 | slotted=True | warmup_cosine=True] epoch  96 | loss=0.7967 dist=0.7280 div=2.279 H=0.074 gd=0.605 lr=4.62e-04
  [PM3 tau=0.12 | slotted=True | warmup_cosine=True] epoch  97 | loss=0.8436 dist=0.7542 div=2.267 H=0.076 gd=0.625 lr=4.55e-04
  [PM3 tau=0.12 | slotted=True | warmup_cosine=True] epoch  98 | loss=0.8096 dist=0.7238 div=2.277 H=0.078 gd=0.611 lr=4.48e-04
  [PM3 tau=0.12 | slotted=True | warmup_cosine=True] epoch  99 | loss=0.8053 dist=0.7489 div=2.293 H=0.076 gd=0.629 lr=4.41e-04
  [PM3 tau=0.12 | slotted=True | warmup_cosine=True] epoch 100 | loss=0.8203 dist=0.7377 div=2.275 H=0.075 gd=0.628 lr=4.35e-04
  [PM3 tau=0.12 | slotted=True | warmup_cosine=True] epoch 101 | loss=0.8022 dist=0.7211 div=2.288 H=0.076 gd=0.644 lr=4.28e-04
  [PM3 tau=0.12 | slotted=True | warmup_cosine=True] epoch 102 | loss=0.7738 dist=0.7567 div=2.299 H=0.074 gd=0.625 lr=4.21e-04
  [PM3 tau=0.12 | slotted=True | warmup_cosine=True] epoch 103 | loss=0.7745 dist=0.7175 div=2.291 H=0.074 gd=0.623 lr=4.14e-04
  [PM3 tau=0.12 | slotted=True | warmup_cosine=True] epoch 104 | loss=0.7710 dist=0.7109 div=2.304 H=0.073 gd=0.599 lr=4.07e-04
  [PM3 tau=0.12 | slotted=True | warmup_cosine=True] epoch 105 | loss=0.7551 dist=0.7319 div=2.308 H=0.074 gd=0.669 lr=4.00e-04
  [PM3 tau=0.12 | slotted=True | warmup_cosine=True] epoch 106 | loss=0.7625 dist=0.6941 div=2.307 H=0.073 gd=0.616 lr=3.94e-04
  [PM3 tau=0.12 | slotted=True | warmup_cosine=True] epoch 107 | loss=0.7549 dist=0.6896 div=2.306 H=0.072 gd=0.657 lr=3.87e-04
  [PM3 tau=0.12 | slotted=True | warmup_cosine=True] epoch 108 | loss=0.7628 dist=0.7140 div=2.303 H=0.072 gd=0.619 lr=3.80e-04
  [PM3 tau=0.12 | slotted=True | warmup_cosine=True] epoch 109 | loss=0.7622 dist=0.7189 div=2.307 H=0.073 gd=0.617 lr=3.73e-04
  [PM3 tau=0.12 | slotted=True | warmup_cosine=True] epoch 110 | loss=0.7511 dist=0.7190 div=2.297 H=0.073 gd=0.632 lr=3.66e-04
  [PM3 tau=0.12 | slotted=True | warmup_cosine=True] epoch 111 | loss=0.7490 dist=0.7115 div=2.306 H=0.072 gd=0.605 lr=3.60e-04
  [PM3 tau=0.12 | slotted=True | warmup_cosine=True] epoch 112 | loss=0.7583 dist=0.7145 div=2.295 H=0.073 gd=0.615 lr=3.53e-04
  [PM3 tau=0.12 | slotted=True | warmup_cosine=True] epoch 113 | loss=0.7548 dist=0.7116 div=2.300 H=0.074 gd=0.600 lr=3.46e-04
  [PM3 tau=0.12 | slotted=True | warmup_cosine=True] epoch 114 | loss=0.7640 dist=0.7267 div=2.319 H=0.072 gd=0.590 lr=3.39e-04
  [PM3 tau=0.12 | slotted=True | warmup_cosine=True] epoch 115 | loss=0.7679 dist=0.7230 div=2.291 H=0.073 gd=0.573 lr=3.33e-04
  [PM3 tau=0.12 | slotted=True | warmup_cosine=True] epoch 116 | loss=0.7635 dist=0.7212 div=2.313 H=0.072 gd=0.624 lr=3.26e-04
  [PM3 tau=0.12 | slotted=True | warmup_cosine=True] epoch 117 | loss=0.7812 dist=0.7240 div=2.288 H=0.073 gd=0.593 lr=3.19e-04
  [PM3 tau=0.12 | slotted=True | warmup_cosine=True] epoch 118 | loss=0.7299 dist=0.6940 div=2.317 H=0.071 gd=0.619 lr=3.13e-04
  [PM3 tau=0.12 | slotted=True | warmup_cosine=True] epoch 119 | loss=0.7338 dist=0.7098 div=2.303 H=0.072 gd=0.588 lr=3.06e-04
  [PM3 tau=0.12 | slotted=True | warmup_cosine=True] epoch 120 | loss=0.7510 dist=0.6873 div=2.312 H=0.070 gd=0.574 lr=3.00e-04
  [PM3 tau=0.12 | slotted=True | warmup_cosine=True] epoch 121 | loss=0.7232 dist=0.6851 div=2.318 H=0.069 gd=0.591 lr=2.93e-04
  [PM3 tau=0.12 | slotted=True | warmup_cosine=True] epoch 122 | loss=0.7211 dist=0.6714 div=2.320 H=0.069 gd=0.609 lr=2.87e-04
  [PM3 tau=0.12 | slotted=True | warmup_cosine=True] epoch 123 | loss=0.7161 dist=0.6849 div=2.325 H=0.071 gd=0.627 lr=2.80e-04
  [PM3 tau=0.12 | slotted=True | warmup_cosine=True] epoch 124 | loss=0.7317 dist=0.6879 div=2.307 H=0.072 gd=0.626 lr=2.74e-04
  [PM3 tau=0.12 | slotted=True | warmup_cosine=True] epoch 125 | loss=0.7415 dist=0.6766 div=2.321 H=0.070 gd=0.601 lr=2.67e-04
  [PM3 tau=0.12 | slotted=True | warmup_cosine=True] epoch 126 | loss=0.7200 dist=0.6835 div=2.311 H=0.070 gd=0.605 lr=2.61e-04
  [PM3 tau=0.12 | slotted=True | warmup_cosine=True] epoch 127 | loss=0.7129 dist=0.6751 div=2.330 H=0.069 gd=0.580 lr=2.55e-04
  [PM3 tau=0.12 | slotted=True | warmup_cosine=True] epoch 128 | loss=0.7091 dist=0.6694 div=2.319 H=0.069 gd=0.634 lr=2.49e-04
  [PM3 tau=0.12 | slotted=True | warmup_cosine=True] epoch 129 | loss=0.7048 dist=0.6668 div=2.324 H=0.068 gd=0.592 lr=2.42e-04
  [PM3 tau=0.12 | slotted=True | warmup_cosine=True] epoch 130 | loss=0.6981 dist=0.6673 div=2.323 H=0.069 gd=0.615 lr=2.36e-04
  [PM3 tau=0.12 | slotted=True | warmup_cosine=True] epoch 131 | loss=0.6955 dist=0.6658 div=2.329 H=0.067 gd=0.564 lr=2.30e-04
  [PM3 tau=0.12 | slotted=True | warmup_cosine=True] epoch 132 | loss=0.6990 dist=0.6606 div=2.324 H=0.069 gd=0.606 lr=2.24e-04
  [PM3 tau=0.12 | slotted=True | warmup_cosine=True] epoch 133 | loss=0.7246 dist=0.6678 div=2.316 H=0.069 gd=0.601 lr=2.18e-04
  [PM3 tau=0.12 | slotted=True | warmup_cosine=True] epoch 134 | loss=0.6980 dist=0.6630 div=2.334 H=0.068 gd=0.625 lr=2.12e-04
  [PM3 tau=0.12 | slotted=True | warmup_cosine=True] epoch 135 | loss=0.6927 dist=0.6565 div=2.337 H=0.067 gd=0.586 lr=2.06e-04
  [PM3 tau=0.12 | slotted=True | warmup_cosine=True] epoch 136 | loss=0.6891 dist=0.6571 div=2.340 H=0.068 gd=0.609 lr=2.00e-04
  [PM3 tau=0.12 | slotted=True | warmup_cosine=True] epoch 137 | loss=0.6857 dist=0.6582 div=2.336 H=0.068 gd=0.568 lr=1.95e-04
  [PM3 tau=0.12 | slotted=True | warmup_cosine=True] epoch 138 | loss=0.6862 dist=0.6673 div=2.323 H=0.068 gd=0.602 lr=1.89e-04
  [PM3 tau=0.12 | slotted=True | warmup_cosine=True] epoch 139 | loss=0.6798 dist=0.6648 div=2.332 H=0.068 gd=0.588 lr=1.83e-04
  [PM3 tau=0.12 | slotted=True | warmup_cosine=True] epoch 140 | loss=0.6812 dist=0.6608 div=2.329 H=0.067 gd=0.599 lr=1.78e-04
  [PM3 tau=0.12 | slotted=True | warmup_cosine=True] epoch 141 | loss=0.6772 dist=0.6605 div=2.336 H=0.068 gd=0.589 lr=1.72e-04
  [PM3 tau=0.12 | slotted=True | warmup_cosine=True] epoch 142 | loss=0.6706 dist=0.6679 div=2.333 H=0.068 gd=0.570 lr=1.67e-04
  [PM3 tau=0.12 | slotted=True | warmup_cosine=True] epoch 143 | loss=0.6719 dist=0.6554 div=2.333 H=0.067 gd=0.585 lr=1.61e-04
  [PM3 tau=0.12 | slotted=True | warmup_cosine=True] epoch 144 | loss=0.6689 dist=0.6574 div=2.333 H=0.067 gd=0.596 lr=1.56e-04
  [PM3 tau=0.12 | slotted=True | warmup_cosine=True] epoch 145 | loss=0.6770 dist=0.6597 div=2.335 H=0.068 gd=0.567 lr=1.51e-04
  [PM3 tau=0.12 | slotted=True | warmup_cosine=True] epoch 146 | loss=0.6720 dist=0.6581 div=2.336 H=0.067 gd=0.574 lr=1.45e-04
  [PM3 tau=0.12 | slotted=True | warmup_cosine=True] epoch 147 | loss=0.6688 dist=0.6518 div=2.335 H=0.068 gd=0.574 lr=1.40e-04
  [PM3 tau=0.12 | slotted=True | warmup_cosine=True] epoch 148 | loss=0.6662 dist=0.6483 div=2.339 H=0.067 gd=0.604 lr=1.35e-04
  [PM3 tau=0.12 | slotted=True | warmup_cosine=True] epoch 149 | loss=0.6711 dist=0.6674 div=2.330 H=0.067 gd=0.618 lr=1.30e-04
  [PM3 tau=0.12 | slotted=True | warmup_cosine=True] epoch 150 | loss=0.6903 dist=0.6665 div=2.329 H=0.067 gd=0.587 lr=1.25e-04
  [PM3 tau=0.12 | slotted=True | warmup_cosine=True] epoch 151 | loss=0.6705 dist=0.6531 div=2.334 H=0.067 gd=0.618 lr=1.21e-04
  [PM3 tau=0.12 | slotted=True | warmup_cosine=True] epoch 152 | loss=0.6702 dist=0.6491 div=2.336 H=0.066 gd=0.624 lr=1.16e-04
  [PM3 tau=0.12 | slotted=True | warmup_cosine=True] epoch 153 | loss=0.6667 dist=0.6459 div=2.340 H=0.066 gd=0.626 lr=1.11e-04
  [PM3 tau=0.12 | slotted=True | warmup_cosine=True] epoch 154 | loss=0.6654 dist=0.6448 div=2.339 H=0.066 gd=0.575 lr=1.07e-04
  [PM3 tau=0.12 | slotted=True | warmup_cosine=True] epoch 155 | loss=0.6588 dist=0.6473 div=2.340 H=0.066 gd=0.605 lr=1.02e-04
  [PM3 tau=0.12 | slotted=True | warmup_cosine=True] epoch 156 | loss=0.6555 dist=0.6490 div=2.334 H=0.066 gd=0.612 lr=9.78e-05
  [PM3 tau=0.12 | slotted=True | warmup_cosine=True] epoch 157 | loss=0.6754 dist=0.6661 div=2.324 H=0.068 gd=0.617 lr=9.35e-05
  [PM3 tau=0.12 | slotted=True | warmup_cosine=True] epoch 158 | loss=0.6773 dist=0.6555 div=2.339 H=0.067 gd=0.593 lr=8.92e-05
  [PM3 tau=0.12 | slotted=True | warmup_cosine=True] epoch 159 | loss=0.6601 dist=0.6449 div=2.343 H=0.066 gd=0.581 lr=8.51e-05
  [PM3 tau=0.12 | slotted=True | warmup_cosine=True] epoch 160 | loss=0.6549 dist=0.6423 div=2.342 H=0.066 gd=0.597 lr=8.10e-05
  [PM3 tau=0.12 | slotted=True | warmup_cosine=True] epoch 161 | loss=0.6536 dist=0.6363 div=2.342 H=0.065 gd=0.619 lr=7.71e-05
  [PM3 tau=0.12 | slotted=True | warmup_cosine=True] epoch 162 | loss=0.6508 dist=0.6364 div=2.347 H=0.065 gd=0.597 lr=7.32e-05
  [PM3 tau=0.12 | slotted=True | warmup_cosine=True] epoch 163 | loss=0.6467 dist=0.6374 div=2.344 H=0.065 gd=0.579 lr=6.94e-05
  [PM3 tau=0.12 | slotted=True | warmup_cosine=True] epoch 164 | loss=0.6489 dist=0.6382 div=2.341 H=0.065 gd=0.586 lr=6.57e-05
  [PM3 tau=0.12 | slotted=True | warmup_cosine=True] epoch 165 | loss=0.6463 dist=0.6393 div=2.344 H=0.066 gd=0.628 lr=6.21e-05
  [PM3 tau=0.12 | slotted=True | warmup_cosine=True] epoch 166 | loss=0.6433 dist=0.6393 div=2.343 H=0.066 gd=0.615 lr=5.86e-05
  [PM3 tau=0.12 | slotted=True | warmup_cosine=True] epoch 167 | loss=0.6408 dist=0.6325 div=2.349 H=0.064 gd=0.614 lr=5.51e-05
  [PM3 tau=0.12 | slotted=True | warmup_cosine=True] epoch 168 | loss=0.6401 dist=0.6356 div=2.347 H=0.064 gd=0.594 lr=5.18e-05
  [PM3 tau=0.12 | slotted=True | warmup_cosine=True] epoch 169 | loss=0.6412 dist=0.6346 div=2.350 H=0.064 gd=0.567 lr=4.86e-05
  [PM3 tau=0.12 | slotted=True | warmup_cosine=True] epoch 170 | loss=0.6411 dist=0.6356 div=2.345 H=0.065 gd=0.579 lr=4.55e-05
  [PM3 tau=0.12 | slotted=True | warmup_cosine=True] epoch 171 | loss=0.6420 dist=0.6352 div=2.341 H=0.064 gd=0.583 lr=4.24e-05
  [PM3 tau=0.12 | slotted=True | warmup_cosine=True] epoch 172 | loss=0.6407 dist=0.6362 div=2.347 H=0.064 gd=0.544 lr=3.95e-05
  [PM3 tau=0.12 | slotted=True | warmup_cosine=True] epoch 173 | loss=0.6411 dist=0.6371 div=2.347 H=0.065 gd=0.608 lr=3.67e-05
  [PM3 tau=0.12 | slotted=True | warmup_cosine=True] epoch 174 | loss=0.6439 dist=0.6395 div=2.346 H=0.065 gd=0.605 lr=3.39e-05
  [PM3 tau=0.12 | slotted=True | warmup_cosine=True] epoch 175 | loss=0.6415 dist=0.6396 div=2.341 H=0.066 gd=0.573 lr=3.13e-05
  [PM3 tau=0.12 | slotted=True | warmup_cosine=True] epoch 176 | loss=0.6417 dist=0.6385 div=2.341 H=0.065 gd=0.579 lr=2.88e-05
  [PM3 tau=0.12 | slotted=True | warmup_cosine=True] epoch 177 | loss=0.6389 dist=0.6354 div=2.344 H=0.065 gd=0.587 lr=2.64e-05
  [PM3 tau=0.12 | slotted=True | warmup_cosine=True] epoch 178 | loss=0.6391 dist=0.6348 div=2.345 H=0.065 gd=0.617 lr=2.41e-05
  [PM3 tau=0.12 | slotted=True | warmup_cosine=True] epoch 179 | loss=0.6393 dist=0.6328 div=2.348 H=0.064 gd=0.574 lr=2.18e-05
  [PM3 tau=0.12 | slotted=True | warmup_cosine=True] epoch 180 | loss=0.6396 dist=0.6362 div=2.344 H=0.065 gd=0.590 lr=1.97e-05
  [PM3 tau=0.12 | slotted=True | warmup_cosine=True] epoch 181 | loss=0.6410 dist=0.6372 div=2.343 H=0.065 gd=0.613 lr=1.77e-05
  [PM3 tau=0.12 | slotted=True | warmup_cosine=True] epoch 182 | loss=0.6421 dist=0.6383 div=2.340 H=0.065 gd=0.610 lr=1.58e-05
  [PM3 tau=0.12 | slotted=True | warmup_cosine=True] epoch 183 | loss=0.6431 dist=0.6369 div=2.342 H=0.065 gd=0.606 lr=1.40e-05
  [PM3 tau=0.12 | slotted=True | warmup_cosine=True] epoch 184 | loss=0.6436 dist=0.6377 div=2.342 H=0.065 gd=0.601 lr=1.23e-05
  [PM3 tau=0.12 | slotted=True | warmup_cosine=True] epoch 185 | loss=0.6419 dist=0.6366 div=2.344 H=0.065 gd=0.578 lr=1.07e-05
  [PM3 tau=0.12 | slotted=True | warmup_cosine=True] epoch 186 | loss=0.6420 dist=0.6362 div=2.343 H=0.065 gd=0.599 lr=9.27e-06
  [PM3 tau=0.12 | slotted=True | warmup_cosine=True] epoch 187 | loss=0.6429 dist=0.6370 div=2.343 H=0.065 gd=0.604 lr=7.90e-06
  [PM3 tau=0.12 | slotted=True | warmup_cosine=True] epoch 188 | loss=0.6420 dist=0.6368 div=2.343 H=0.065 gd=0.575 lr=6.64e-06
  [PM3 tau=0.12 | slotted=True | warmup_cosine=True] epoch 189 | loss=0.6427 dist=0.6334 div=2.344 H=0.065 gd=0.620 lr=5.49e-06
  [PM3 tau=0.12 | slotted=True | warmup_cosine=True] epoch 190 | loss=0.6434 dist=0.6383 div=2.342 H=0.066 gd=0.587 lr=4.45e-06
  [PM3 tau=0.12 | slotted=True | warmup_cosine=True] epoch 191 | loss=0.6419 dist=0.6365 div=2.344 H=0.065 gd=0.629 lr=3.52e-06
  [PM3 tau=0.12 | slotted=True | warmup_cosine=True] epoch 192 | loss=0.6423 dist=0.6356 div=2.341 H=0.064 gd=0.589 lr=2.70e-06
  [PM3 tau=0.12 | slotted=True | warmup_cosine=True] epoch 193 | loss=0.6427 dist=0.6367 div=2.343 H=0.065 gd=0.606 lr=1.98e-06
  [PM3 tau=0.12 | slotted=True | warmup_cosine=True] epoch 194 | loss=0.6423 dist=0.6360 div=2.342 H=0.065 gd=0.581 lr=1.38e-06
  [PM3 tau=0.12 | slotted=True | warmup_cosine=True] epoch 195 | loss=0.6433 dist=0.6364 div=2.342 H=0.065 gd=0.610 lr=8.81e-07
  [PM3 tau=0.12 | slotted=True | warmup_cosine=True] epoch 196 | loss=0.6421 dist=0.6353 div=2.343 H=0.065 gd=0.608 lr=4.95e-07
  [PM3 tau=0.12 | slotted=True | warmup_cosine=True] epoch 197 | loss=0.6423 dist=0.6356 div=2.344 H=0.065 gd=0.594 lr=2.20e-07
  [PM3 tau=0.12 | slotted=True | warmup_cosine=True] early stopping at epoch 197 (no improvement for 30 epochs, best dist=0.6325)

────────────────────────────────────────────────────────────
Run complete in 10.8 min
Best dist:  0.6325 at epoch 167
Final dist: 0.6356
Saved → results/pm3_grid/pm3_tau0.12_slots1_warmup1.pkl
[gpu3] Finished: tau0.12_slots1_warmup1
[gpu3] Starting: tau0.15_slots1_warmup1
Run:        pm3_tau0.15_slots1_warmup1
Device:     cuda
Epochs:     200
Batch size: 512
LR:         8.49e-04  (auto-scaled from 0.0003 at batch=64)
Output:     results/pm3_grid/pm3_tau0.15_slots1_warmup1.pkl
────────────────────────────────────────────────────────────
/global/homes/d/danieltm/.conda/envs/influencer/lib/python3.11/site-packages/torch/nn/modules/transformer.py:296: UserWarning: The PyTorch API of nested tensors is in prototype stage and will change in the near future. (Triggered internally at /opt/conda/conda-bld/pytorch_1682343970094/work/aten/src/ATen/NestedTensorImpl.cpp:177.)
  output = torch._nested_tensor_from_mask(output, src_key_padding_mask.logical_not(), mask_check=False)
  [PM3 tau=0.15 | slotted=True | warmup_cosine=True] epoch   0 | loss=9.2861 dist=1.5333 div=1.389 H=0.330 gd=0.821 lr=3.39e-04
  [PM3 tau=0.15 | slotted=True | warmup_cosine=True] epoch   1 | loss=4.4512 dist=1.3704 div=1.602 H=0.259 gd=0.706 lr=5.09e-04
  [PM3 tau=0.15 | slotted=True | warmup_cosine=True] epoch   2 | loss=2.9162 dist=1.2847 div=1.727 H=0.238 gd=0.720 lr=6.79e-04
  [PM3 tau=0.15 | slotted=True | warmup_cosine=True] epoch   3 | loss=2.4548 dist=1.2278 div=1.796 H=0.222 gd=0.656 lr=8.49e-04
  [PM3 tau=0.15 | slotted=True | warmup_cosine=True] epoch   4 | loss=2.1687 dist=1.1662 div=1.852 H=0.208 gd=0.527 lr=8.49e-04
  [PM3 tau=0.15 | slotted=True | warmup_cosine=True] epoch   5 | loss=2.0314 dist=1.1438 div=1.876 H=0.198 gd=0.504 lr=8.48e-04
  [PM3 tau=0.15 | slotted=True | warmup_cosine=True] epoch   6 | loss=1.9744 dist=1.1423 div=1.908 H=0.195 gd=0.494 lr=8.48e-04
  [PM3 tau=0.15 | slotted=True | warmup_cosine=True] epoch   7 | loss=1.9332 dist=1.1292 div=1.891 H=0.187 gd=0.539 lr=8.48e-04
  [PM3 tau=0.15 | slotted=True | warmup_cosine=True] epoch   8 | loss=1.9095 dist=1.1269 div=1.946 H=0.182 gd=0.516 lr=8.48e-04
  [PM3 tau=0.15 | slotted=True | warmup_cosine=True] epoch   9 | loss=1.8839 dist=1.1312 div=1.905 H=0.174 gd=0.535 lr=8.47e-04
  [PM3 tau=0.15 | slotted=True | warmup_cosine=True] epoch  10 | loss=1.8471 dist=1.1052 div=1.929 H=0.174 gd=0.535 lr=8.47e-04
  [PM3 tau=0.15 | slotted=True | warmup_cosine=True] epoch  11 | loss=1.8200 dist=1.1305 div=1.952 H=0.164 gd=0.536 lr=8.46e-04
  [PM3 tau=0.15 | slotted=True | warmup_cosine=True] epoch  12 | loss=1.7913 dist=1.1105 div=1.964 H=0.162 gd=0.561 lr=8.45e-04
  [PM3 tau=0.15 | slotted=True | warmup_cosine=True] epoch  13 | loss=1.7655 dist=1.1161 div=1.962 H=0.161 gd=0.581 lr=8.44e-04
  [PM3 tau=0.15 | slotted=True | warmup_cosine=True] epoch  14 | loss=1.7102 dist=1.1064 div=1.960 H=0.155 gd=0.584 lr=8.43e-04
  [PM3 tau=0.15 | slotted=True | warmup_cosine=True] epoch  15 | loss=1.7121 dist=1.1091 div=1.989 H=0.150 gd=0.618 lr=8.42e-04
  [PM3 tau=0.15 | slotted=True | warmup_cosine=True] epoch  16 | loss=1.7044 dist=1.1152 div=1.982 H=0.160 gd=0.635 lr=8.41e-04
  [PM3 tau=0.15 | slotted=True | warmup_cosine=True] epoch  17 | loss=1.6609 dist=1.1016 div=1.982 H=0.148 gd=0.620 lr=8.39e-04
  [PM3 tau=0.15 | slotted=True | warmup_cosine=True] epoch  18 | loss=1.6408 dist=1.0913 div=1.991 H=0.148 gd=0.603 lr=8.38e-04
  [PM3 tau=0.15 | slotted=True | warmup_cosine=True] epoch  19 | loss=1.6273 dist=1.0873 div=1.986 H=0.141 gd=0.622 lr=8.36e-04
  [PM3 tau=0.15 | slotted=True | warmup_cosine=True] epoch  20 | loss=1.6436 dist=1.0970 div=2.003 H=0.144 gd=0.627 lr=8.35e-04
  [PM3 tau=0.15 | slotted=True | warmup_cosine=True] epoch  21 | loss=1.6053 dist=1.0821 div=1.994 H=0.139 gd=0.653 lr=8.33e-04
  [PM3 tau=0.15 | slotted=True | warmup_cosine=True] epoch  22 | loss=1.5900 dist=1.0745 div=2.002 H=0.142 gd=0.647 lr=8.31e-04
  [PM3 tau=0.15 | slotted=True | warmup_cosine=True] epoch  23 | loss=1.6279 dist=1.0872 div=2.009 H=0.144 gd=0.646 lr=8.29e-04
  [PM3 tau=0.15 | slotted=True | warmup_cosine=True] epoch  24 | loss=1.5805 dist=1.0695 div=2.024 H=0.136 gd=0.625 lr=8.27e-04
  [PM3 tau=0.15 | slotted=True | warmup_cosine=True] epoch  25 | loss=1.5627 dist=1.0641 div=2.024 H=0.139 gd=0.700 lr=8.24e-04
  [PM3 tau=0.15 | slotted=True | warmup_cosine=True] epoch  26 | loss=1.5829 dist=1.0569 div=2.045 H=0.135 gd=0.707 lr=8.22e-04
  [PM3 tau=0.15 | slotted=True | warmup_cosine=True] epoch  27 | loss=1.5819 dist=1.0603 div=2.037 H=0.139 gd=0.685 lr=8.20e-04
  [PM3 tau=0.15 | slotted=True | warmup_cosine=True] epoch  28 | loss=1.5581 dist=1.0473 div=2.037 H=0.135 gd=0.703 lr=8.17e-04
  [PM3 tau=0.15 | slotted=True | warmup_cosine=True] epoch  29 | loss=1.5447 dist=1.0543 div=2.043 H=0.131 gd=0.680 lr=8.15e-04
  [PM3 tau=0.15 | slotted=True | warmup_cosine=True] epoch  30 | loss=1.5506 dist=1.0748 div=2.034 H=0.137 gd=0.707 lr=8.12e-04
  [PM3 tau=0.15 | slotted=True | warmup_cosine=True] epoch  31 | loss=1.5335 dist=1.0580 div=2.040 H=0.137 gd=0.678 lr=8.09e-04
  [PM3 tau=0.15 | slotted=True | warmup_cosine=True] epoch  32 | loss=1.5475 dist=1.0414 div=2.047 H=0.132 gd=0.709 lr=8.06e-04
  [PM3 tau=0.15 | slotted=True | warmup_cosine=True] epoch  33 | loss=1.5151 dist=1.0324 div=2.065 H=0.128 gd=0.711 lr=8.03e-04
  [PM3 tau=0.15 | slotted=True | warmup_cosine=True] epoch  34 | loss=1.5064 dist=1.0361 div=2.075 H=0.130 gd=0.709 lr=8.00e-04
  [PM3 tau=0.15 | slotted=True | warmup_cosine=True] epoch  35 | loss=1.5364 dist=1.0313 div=2.082 H=0.133 gd=0.742 lr=7.97e-04
  [PM3 tau=0.15 | slotted=True | warmup_cosine=True] epoch  36 | loss=1.5085 dist=0.9661 div=2.079 H=0.127 gd=0.688 lr=7.93e-04
  [PM3 tau=0.15 | slotted=True | warmup_cosine=True] epoch  37 | loss=1.4410 dist=0.9720 div=2.103 H=0.129 gd=0.700 lr=7.90e-04
  [PM3 tau=0.15 | slotted=True | warmup_cosine=True] epoch  38 | loss=1.4112 dist=0.9480 div=2.137 H=0.130 gd=0.672 lr=7.86e-04
  [PM3 tau=0.15 | slotted=True | warmup_cosine=True] epoch  39 | loss=1.3685 dist=0.9461 div=2.136 H=0.131 gd=0.623 lr=7.83e-04
  [PM3 tau=0.15 | slotted=True | warmup_cosine=True] epoch  40 | loss=1.4118 dist=0.9635 div=2.115 H=0.129 gd=0.700 lr=7.79e-04
  [PM3 tau=0.15 | slotted=True | warmup_cosine=True] epoch  41 | loss=1.3824 dist=0.9713 div=2.130 H=0.130 gd=0.682 lr=7.75e-04
  [PM3 tau=0.15 | slotted=True | warmup_cosine=True] epoch  42 | loss=1.3662 dist=0.9228 div=2.096 H=0.137 gd=0.761 lr=7.71e-04
  [PM3 tau=0.15 | slotted=True | warmup_cosine=True] epoch  43 | loss=1.3643 dist=0.9082 div=2.125 H=0.126 gd=0.709 lr=7.68e-04
  [PM3 tau=0.15 | slotted=True | warmup_cosine=True] epoch  44 | loss=1.3079 dist=0.9344 div=2.124 H=0.125 gd=0.801 lr=7.63e-04
  [PM3 tau=0.15 | slotted=True | warmup_cosine=True] epoch  45 | loss=1.3182 dist=0.9058 div=2.129 H=0.129 gd=0.679 lr=7.59e-04
  [PM3 tau=0.15 | slotted=True | warmup_cosine=True] epoch  46 | loss=1.3362 dist=0.9076 div=2.115 H=0.126 gd=0.728 lr=7.55e-04
  [PM3 tau=0.15 | slotted=True | warmup_cosine=True] epoch  47 | loss=1.3245 dist=0.9202 div=2.115 H=0.120 gd=0.765 lr=7.51e-04
  [PM3 tau=0.15 | slotted=True | warmup_cosine=True] epoch  48 | loss=1.3207 dist=0.8693 div=2.181 H=0.128 gd=0.737 lr=7.46e-04
  [PM3 tau=0.15 | slotted=True | warmup_cosine=True] epoch  49 | loss=1.3015 dist=0.8688 div=2.177 H=0.128 gd=0.658 lr=7.42e-04
  [PM3 tau=0.15 | slotted=True | warmup_cosine=True] epoch  50 | loss=1.2589 dist=0.8943 div=2.148 H=0.122 gd=0.727 lr=7.37e-04
  [PM3 tau=0.15 | slotted=True | warmup_cosine=True] epoch  51 | loss=1.2331 dist=0.8258 div=2.160 H=0.118 gd=0.634 lr=7.33e-04
  [PM3 tau=0.15 | slotted=True | warmup_cosine=True] epoch  52 | loss=1.2300 dist=0.8614 div=2.159 H=0.123 gd=0.644 lr=7.28e-04
  [PM3 tau=0.15 | slotted=True | warmup_cosine=True] epoch  53 | loss=1.3091 dist=0.8883 div=2.165 H=0.125 gd=0.665 lr=7.23e-04
  [PM3 tau=0.15 | slotted=True | warmup_cosine=True] epoch  54 | loss=1.2649 dist=0.8837 div=2.148 H=0.120 gd=0.681 lr=7.18e-04
  [PM3 tau=0.15 | slotted=True | warmup_cosine=True] epoch  55 | loss=1.2525 dist=0.8479 div=2.184 H=0.124 gd=0.704 lr=7.13e-04
  [PM3 tau=0.15 | slotted=True | warmup_cosine=True] epoch  56 | loss=1.1884 dist=0.8579 div=2.190 H=0.116 gd=0.688 lr=7.08e-04
  [PM3 tau=0.15 | slotted=True | warmup_cosine=True] epoch  57 | loss=1.1945 dist=0.8446 div=2.158 H=0.120 gd=0.703 lr=7.03e-04
  [PM3 tau=0.15 | slotted=True | warmup_cosine=True] epoch  58 | loss=1.1679 dist=0.8657 div=2.174 H=0.114 gd=0.765 lr=6.98e-04
  [PM3 tau=0.15 | slotted=True | warmup_cosine=True] epoch  59 | loss=1.2001 dist=0.8371 div=2.185 H=0.118 gd=0.701 lr=6.93e-04
  [PM3 tau=0.15 | slotted=True | warmup_cosine=True] epoch  60 | loss=1.1692 dist=0.8485 div=2.186 H=0.122 gd=0.694 lr=6.87e-04
  [PM3 tau=0.15 | slotted=True | warmup_cosine=True] epoch  61 | loss=1.1757 dist=0.8282 div=2.199 H=0.114 gd=0.707 lr=6.82e-04
  [PM3 tau=0.15 | slotted=True | warmup_cosine=True] epoch  62 | loss=1.1324 dist=0.8223 div=2.219 H=0.111 gd=0.718 lr=6.76e-04
  [PM3 tau=0.15 | slotted=True | warmup_cosine=True] epoch  63 | loss=1.1208 dist=0.8263 div=2.242 H=0.109 gd=0.624 lr=6.71e-04
  [PM3 tau=0.15 | slotted=True | warmup_cosine=True] epoch  64 | loss=1.1102 dist=0.8536 div=2.166 H=0.118 gd=0.679 lr=6.65e-04
  [PM3 tau=0.15 | slotted=True | warmup_cosine=True] epoch  65 | loss=1.1301 dist=0.8160 div=2.226 H=0.111 gd=0.667 lr=6.60e-04
  [PM3 tau=0.15 | slotted=True | warmup_cosine=True] epoch  66 | loss=1.1269 dist=0.8615 div=2.164 H=0.111 gd=0.794 lr=6.54e-04
  [PM3 tau=0.15 | slotted=True | warmup_cosine=True] epoch  67 | loss=1.1133 dist=0.8124 div=2.212 H=0.105 gd=0.698 lr=6.48e-04
  [PM3 tau=0.15 | slotted=True | warmup_cosine=True] epoch  68 | loss=1.1135 dist=0.8408 div=2.194 H=0.107 gd=0.734 lr=6.42e-04
  [PM3 tau=0.15 | slotted=True | warmup_cosine=True] epoch  69 | loss=1.0890 dist=0.8065 div=2.211 H=0.113 gd=0.708 lr=6.36e-04
  [PM3 tau=0.15 | slotted=True | warmup_cosine=True] epoch  70 | loss=1.1021 dist=0.8064 div=2.238 H=0.116 gd=0.681 lr=6.30e-04
  [PM3 tau=0.15 | slotted=True | warmup_cosine=True] epoch  71 | loss=1.0583 dist=0.7813 div=2.230 H=0.106 gd=0.681 lr=6.24e-04
  [PM3 tau=0.15 | slotted=True | warmup_cosine=True] epoch  72 | loss=1.0449 dist=0.7770 div=2.234 H=0.107 gd=0.662 lr=6.18e-04
  [PM3 tau=0.15 | slotted=True | warmup_cosine=True] epoch  73 | loss=1.0244 dist=0.7689 div=2.219 H=0.107 gd=0.625 lr=6.12e-04
  [PM3 tau=0.15 | slotted=True | warmup_cosine=True] epoch  74 | loss=1.0306 dist=0.7964 div=2.245 H=0.108 gd=0.647 lr=6.06e-04
  [PM3 tau=0.15 | slotted=True | warmup_cosine=True] epoch  75 | loss=1.0499 dist=0.8208 div=2.204 H=0.109 gd=0.707 lr=6.00e-04
  [PM3 tau=0.15 | slotted=True | warmup_cosine=True] epoch  76 | loss=1.0254 dist=0.7747 div=2.229 H=0.106 gd=0.640 lr=5.94e-04
  [PM3 tau=0.15 | slotted=True | warmup_cosine=True] epoch  77 | loss=1.0037 dist=0.8023 div=2.245 H=0.105 gd=0.649 lr=5.87e-04
  [PM3 tau=0.15 | slotted=True | warmup_cosine=True] epoch  78 | loss=1.0264 dist=0.8012 div=2.254 H=0.103 gd=0.696 lr=5.81e-04
  [PM3 tau=0.15 | slotted=True | warmup_cosine=True] epoch  79 | loss=1.0119 dist=0.8251 div=2.218 H=0.108 gd=0.659 lr=5.75e-04
  [PM3 tau=0.15 | slotted=True | warmup_cosine=True] epoch  80 | loss=1.0761 dist=0.7677 div=2.244 H=0.106 gd=0.628 lr=5.68e-04
  [PM3 tau=0.15 | slotted=True | warmup_cosine=True] epoch  81 | loss=1.0177 dist=0.7954 div=2.225 H=0.106 gd=0.626 lr=5.62e-04
  [PM3 tau=0.15 | slotted=True | warmup_cosine=True] epoch  82 | loss=1.0564 dist=0.7993 div=2.227 H=0.103 gd=0.647 lr=5.55e-04
  [PM3 tau=0.15 | slotted=True | warmup_cosine=True] epoch  83 | loss=1.0082 dist=0.7645 div=2.257 H=0.102 gd=0.617 lr=5.49e-04
  [PM3 tau=0.15 | slotted=True | warmup_cosine=True] epoch  84 | loss=0.9701 dist=0.8018 div=2.227 H=0.105 gd=0.638 lr=5.42e-04
  [PM3 tau=0.15 | slotted=True | warmup_cosine=True] epoch  85 | loss=0.9846 dist=0.7360 div=2.268 H=0.102 gd=0.642 lr=5.36e-04
  [PM3 tau=0.15 | slotted=True | warmup_cosine=True] epoch  86 | loss=0.9645 dist=0.7938 div=2.247 H=0.103 gd=0.638 lr=5.29e-04
  [PM3 tau=0.15 | slotted=True | warmup_cosine=True] epoch  87 | loss=0.9719 dist=0.7393 div=2.261 H=0.103 gd=0.626 lr=5.22e-04
  [PM3 tau=0.15 | slotted=True | warmup_cosine=True] epoch  88 | loss=0.9569 dist=0.7509 div=2.278 H=0.099 gd=0.636 lr=5.16e-04
  [PM3 tau=0.15 | slotted=True | warmup_cosine=True] epoch  89 | loss=0.9694 dist=0.7580 div=2.250 H=0.101 gd=0.600 lr=5.09e-04
  [PM3 tau=0.15 | slotted=True | warmup_cosine=True] epoch  90 | loss=0.9641 dist=0.7272 div=2.289 H=0.098 gd=0.633 lr=5.02e-04
  [PM3 tau=0.15 | slotted=True | warmup_cosine=True] epoch  91 | loss=0.9492 dist=0.7479 div=2.271 H=0.100 gd=0.636 lr=4.96e-04
  [PM3 tau=0.15 | slotted=True | warmup_cosine=True] epoch  92 | loss=0.9318 dist=0.7453 div=2.265 H=0.099 gd=0.607 lr=4.89e-04
  [PM3 tau=0.15 | slotted=True | warmup_cosine=True] epoch  93 | loss=0.9469 dist=0.7243 div=2.284 H=0.099 gd=0.592 lr=4.82e-04
  [PM3 tau=0.15 | slotted=True | warmup_cosine=True] epoch  94 | loss=0.9281 dist=0.7577 div=2.259 H=0.101 gd=0.607 lr=4.75e-04
  [PM3 tau=0.15 | slotted=True | warmup_cosine=True] epoch  95 | loss=0.9516 dist=0.7404 div=2.269 H=0.099 gd=0.592 lr=4.69e-04
  [PM3 tau=0.15 | slotted=True | warmup_cosine=True] epoch  96 | loss=0.9389 dist=0.7397 div=2.270 H=0.101 gd=0.574 lr=4.62e-04
  [PM3 tau=0.15 | slotted=True | warmup_cosine=True] epoch  97 | loss=0.9520 dist=0.7378 div=2.261 H=0.101 gd=0.608 lr=4.55e-04
  [PM3 tau=0.15 | slotted=True | warmup_cosine=True] epoch  98 | loss=0.9494 dist=0.7704 div=2.234 H=0.100 gd=0.629 lr=4.48e-04
  [PM3 tau=0.15 | slotted=True | warmup_cosine=True] epoch  99 | loss=0.9719 dist=0.7712 div=2.243 H=0.098 gd=0.626 lr=4.41e-04
  [PM3 tau=0.15 | slotted=True | warmup_cosine=True] epoch 100 | loss=0.9179 dist=0.7165 div=2.257 H=0.100 gd=0.632 lr=4.35e-04
  [PM3 tau=0.15 | slotted=True | warmup_cosine=True] epoch 101 | loss=0.9162 dist=0.7282 div=2.269 H=0.096 gd=0.609 lr=4.28e-04
  [PM3 tau=0.15 | slotted=True | warmup_cosine=True] epoch 102 | loss=0.9185 dist=0.7300 div=2.274 H=0.096 gd=0.589 lr=4.21e-04
  [PM3 tau=0.15 | slotted=True | warmup_cosine=True] epoch 103 | loss=0.9162 dist=0.7501 div=2.275 H=0.096 gd=0.631 lr=4.14e-04
  [PM3 tau=0.15 | slotted=True | warmup_cosine=True] epoch 104 | loss=0.9183 dist=0.7406 div=2.275 H=0.098 gd=0.595 lr=4.07e-04
  [PM3 tau=0.15 | slotted=True | warmup_cosine=True] epoch 105 | loss=0.9049 dist=0.7479 div=2.292 H=0.096 gd=0.625 lr=4.00e-04
  [PM3 tau=0.15 | slotted=True | warmup_cosine=True] epoch 106 | loss=0.9320 dist=0.7472 div=2.275 H=0.097 gd=0.640 lr=3.94e-04
  [PM3 tau=0.15 | slotted=True | warmup_cosine=True] epoch 107 | loss=0.9190 dist=0.7532 div=2.265 H=0.095 gd=0.603 lr=3.87e-04
  [PM3 tau=0.15 | slotted=True | warmup_cosine=True] epoch 108 | loss=0.9717 dist=0.7357 div=2.258 H=0.097 gd=0.603 lr=3.80e-04
  [PM3 tau=0.15 | slotted=True | warmup_cosine=True] epoch 109 | loss=0.9074 dist=0.7179 div=2.271 H=0.095 gd=0.618 lr=3.73e-04
  [PM3 tau=0.15 | slotted=True | warmup_cosine=True] epoch 110 | loss=0.8932 dist=0.7141 div=2.283 H=0.095 gd=0.600 lr=3.66e-04
  [PM3 tau=0.15 | slotted=True | warmup_cosine=True] epoch 111 | loss=0.8917 dist=0.7177 div=2.271 H=0.096 gd=0.599 lr=3.60e-04
  [PM3 tau=0.15 | slotted=True | warmup_cosine=True] epoch 112 | loss=0.8868 dist=0.7301 div=2.264 H=0.096 gd=0.631 lr=3.53e-04
  [PM3 tau=0.15 | slotted=True | warmup_cosine=True] epoch 113 | loss=0.8838 dist=0.7163 div=2.286 H=0.095 gd=0.598 lr=3.46e-04
  [PM3 tau=0.15 | slotted=True | warmup_cosine=True] epoch 114 | loss=0.8859 dist=0.7202 div=2.266 H=0.095 gd=0.623 lr=3.39e-04
  [PM3 tau=0.15 | slotted=True | warmup_cosine=True] epoch 115 | loss=0.8985 dist=0.7202 div=2.279 H=0.098 gd=0.660 lr=3.33e-04
  [PM3 tau=0.15 | slotted=True | warmup_cosine=True] epoch 116 | loss=0.9003 dist=0.7228 div=2.274 H=0.097 gd=0.685 lr=3.26e-04
  [PM3 tau=0.15 | slotted=True | warmup_cosine=True] epoch 117 | loss=0.8700 dist=0.6974 div=2.297 H=0.094 gd=0.600 lr=3.19e-04
  [PM3 tau=0.15 | slotted=True | warmup_cosine=True] epoch 118 | loss=0.8718 dist=0.7056 div=2.282 H=0.094 gd=0.615 lr=3.13e-04
  [PM3 tau=0.15 | slotted=True | warmup_cosine=True] epoch 119 | loss=0.8583 dist=0.6986 div=2.287 H=0.094 gd=0.619 lr=3.06e-04
  [PM3 tau=0.15 | slotted=True | warmup_cosine=True] epoch 120 | loss=0.8696 dist=0.6972 div=2.290 H=0.091 gd=0.610 lr=3.00e-04
  [PM3 tau=0.15 | slotted=True | warmup_cosine=True] epoch 121 | loss=0.8440 dist=0.6931 div=2.290 H=0.092 gd=0.574 lr=2.93e-04
  [PM3 tau=0.15 | slotted=True | warmup_cosine=True] epoch 122 | loss=0.8438 dist=0.7017 div=2.288 H=0.093 gd=0.618 lr=2.87e-04
  [PM3 tau=0.15 | slotted=True | warmup_cosine=True] epoch 123 | loss=0.8563 dist=0.7008 div=2.283 H=0.092 gd=0.653 lr=2.80e-04
  [PM3 tau=0.15 | slotted=True | warmup_cosine=True] epoch 124 | loss=0.8501 dist=0.7151 div=2.285 H=0.093 gd=0.586 lr=2.74e-04
  [PM3 tau=0.15 | slotted=True | warmup_cosine=True] epoch 125 | loss=0.8509 dist=0.7007 div=2.300 H=0.092 gd=0.589 lr=2.67e-04
  [PM3 tau=0.15 | slotted=True | warmup_cosine=True] epoch 126 | loss=0.8415 dist=0.6875 div=2.299 H=0.092 gd=0.617 lr=2.61e-04
  [PM3 tau=0.15 | slotted=True | warmup_cosine=True] epoch 127 | loss=0.8317 dist=0.6977 div=2.290 H=0.090 gd=0.595 lr=2.55e-04
  [PM3 tau=0.15 | slotted=True | warmup_cosine=True] epoch 128 | loss=0.8345 dist=0.6935 div=2.283 H=0.092 gd=0.621 lr=2.49e-04
  [PM3 tau=0.15 | slotted=True | warmup_cosine=True] epoch 129 | loss=0.8292 dist=0.6879 div=2.298 H=0.090 gd=0.586 lr=2.42e-04
  [PM3 tau=0.15 | slotted=True | warmup_cosine=True] epoch 130 | loss=0.8282 dist=0.7073 div=2.278 H=0.091 gd=0.679 lr=2.36e-04
  [PM3 tau=0.15 | slotted=True | warmup_cosine=True] epoch 131 | loss=0.8315 dist=0.7171 div=2.281 H=0.097 gd=0.581 lr=2.30e-04
  [PM3 tau=0.15 | slotted=True | warmup_cosine=True] epoch 132 | loss=0.8294 dist=0.6856 div=2.297 H=0.091 gd=0.613 lr=2.24e-04
  [PM3 tau=0.15 | slotted=True | warmup_cosine=True] epoch 133 | loss=0.8129 dist=0.6780 div=2.300 H=0.089 gd=0.602 lr=2.18e-04
  [PM3 tau=0.15 | slotted=True | warmup_cosine=True] epoch 134 | loss=0.8055 dist=0.6740 div=2.300 H=0.090 gd=0.586 lr=2.12e-04
  [PM3 tau=0.15 | slotted=True | warmup_cosine=True] epoch 135 | loss=0.8116 dist=0.6900 div=2.304 H=0.089 gd=0.628 lr=2.06e-04
  [PM3 tau=0.15 | slotted=True | warmup_cosine=True] epoch 136 | loss=0.8168 dist=0.6874 div=2.301 H=0.089 gd=0.590 lr=2.00e-04
  [PM3 tau=0.15 | slotted=True | warmup_cosine=True] epoch 137 | loss=0.8126 dist=0.6812 div=2.295 H=0.087 gd=0.588 lr=1.95e-04
  [PM3 tau=0.15 | slotted=True | warmup_cosine=True] epoch 138 | loss=0.8085 dist=0.6843 div=2.307 H=0.089 gd=0.596 lr=1.89e-04
  [PM3 tau=0.15 | slotted=True | warmup_cosine=True] epoch 139 | loss=0.8076 dist=0.6723 div=2.303 H=0.089 gd=0.625 lr=1.83e-04
  [PM3 tau=0.15 | slotted=True | warmup_cosine=True] epoch 140 | loss=0.8057 dist=0.6735 div=2.311 H=0.087 gd=0.599 lr=1.78e-04
  [PM3 tau=0.15 | slotted=True | warmup_cosine=True] epoch 141 | loss=0.8187 dist=0.6915 div=2.290 H=0.091 gd=0.592 lr=1.72e-04
  [PM3 tau=0.15 | slotted=True | warmup_cosine=True] epoch 142 | loss=0.8065 dist=0.6786 div=2.302 H=0.088 gd=0.589 lr=1.67e-04
  [PM3 tau=0.15 | slotted=True | warmup_cosine=True] epoch 143 | loss=0.7980 dist=0.6736 div=2.313 H=0.086 gd=0.625 lr=1.61e-04
  [PM3 tau=0.15 | slotted=True | warmup_cosine=True] epoch 144 | loss=0.7884 dist=0.6829 div=2.312 H=0.087 gd=0.621 lr=1.56e-04
  [PM3 tau=0.15 | slotted=True | warmup_cosine=True] epoch 145 | loss=0.8038 dist=0.6903 div=2.295 H=0.089 gd=0.584 lr=1.51e-04
  [PM3 tau=0.15 | slotted=True | warmup_cosine=True] epoch 146 | loss=0.8113 dist=0.6931 div=2.290 H=0.090 gd=0.598 lr=1.45e-04
  [PM3 tau=0.15 | slotted=True | warmup_cosine=True] epoch 147 | loss=0.8021 dist=0.6840 div=2.294 H=0.088 gd=0.572 lr=1.40e-04
  [PM3 tau=0.15 | slotted=True | warmup_cosine=True] epoch 148 | loss=0.8031 dist=0.6844 div=2.297 H=0.088 gd=0.577 lr=1.35e-04
  [PM3 tau=0.15 | slotted=True | warmup_cosine=True] epoch 149 | loss=0.8107 dist=0.6800 div=2.291 H=0.088 gd=0.572 lr=1.30e-04
  [PM3 tau=0.15 | slotted=True | warmup_cosine=True] epoch 150 | loss=0.8010 dist=0.6740 div=2.308 H=0.086 gd=0.607 lr=1.25e-04
  [PM3 tau=0.15 | slotted=True | warmup_cosine=True] epoch 151 | loss=0.7935 dist=0.6756 div=2.308 H=0.087 gd=0.624 lr=1.21e-04
  [PM3 tau=0.15 | slotted=True | warmup_cosine=True] epoch 152 | loss=0.7824 dist=0.6671 div=2.314 H=0.085 gd=0.607 lr=1.16e-04
  [PM3 tau=0.15 | slotted=True | warmup_cosine=True] epoch 153 | loss=0.7844 dist=0.6675 div=2.309 H=0.088 gd=0.629 lr=1.11e-04
  [PM3 tau=0.15 | slotted=True | warmup_cosine=True] epoch 154 | loss=0.7885 dist=0.6698 div=2.303 H=0.086 gd=0.607 lr=1.07e-04
  [PM3 tau=0.15 | slotted=True | warmup_cosine=True] epoch 155 | loss=0.7823 dist=0.6554 div=2.312 H=0.085 gd=0.668 lr=1.02e-04
  [PM3 tau=0.15 | slotted=True | warmup_cosine=True] epoch 156 | loss=0.7792 dist=0.6663 div=2.312 H=0.086 gd=0.625 lr=9.78e-05
  [PM3 tau=0.15 | slotted=True | warmup_cosine=True] epoch 157 | loss=0.7770 dist=0.6652 div=2.307 H=0.086 gd=0.636 lr=9.35e-05
  [PM3 tau=0.15 | slotted=True | warmup_cosine=True] epoch 158 | loss=0.7704 dist=0.6500 div=2.319 H=0.085 gd=0.563 lr=8.92e-05
  [PM3 tau=0.15 | slotted=True | warmup_cosine=True] epoch 159 | loss=0.7649 dist=0.6478 div=2.318 H=0.084 gd=0.655 lr=8.51e-05
  [PM3 tau=0.15 | slotted=True | warmup_cosine=True] epoch 160 | loss=0.7624 dist=0.6489 div=2.319 H=0.084 gd=0.601 lr=8.10e-05
  [PM3 tau=0.15 | slotted=True | warmup_cosine=True] epoch 161 | loss=0.7598 dist=0.6522 div=2.319 H=0.084 gd=0.644 lr=7.71e-05
  [PM3 tau=0.15 | slotted=True | warmup_cosine=True] epoch 162 | loss=0.7589 dist=0.6461 div=2.327 H=0.084 gd=0.591 lr=7.32e-05
  [PM3 tau=0.15 | slotted=True | warmup_cosine=True] epoch 163 | loss=0.7554 dist=0.6446 div=2.317 H=0.083 gd=0.595 lr=6.94e-05
  [PM3 tau=0.15 | slotted=True | warmup_cosine=True] epoch 164 | loss=0.7582 dist=0.6507 div=2.310 H=0.086 gd=0.635 lr=6.57e-05
  [PM3 tau=0.15 | slotted=True | warmup_cosine=True] epoch 165 | loss=0.7578 dist=0.6463 div=2.317 H=0.084 gd=0.649 lr=6.21e-05
  [PM3 tau=0.15 | slotted=True | warmup_cosine=True] epoch 166 | loss=0.7591 dist=0.6500 div=2.319 H=0.086 gd=0.610 lr=5.86e-05
  [PM3 tau=0.15 | slotted=True | warmup_cosine=True] epoch 167 | loss=0.7551 dist=0.6439 div=2.320 H=0.085 gd=0.635 lr=5.51e-05
  [PM3 tau=0.15 | slotted=True | warmup_cosine=True] epoch 168 | loss=0.7528 dist=0.6430 div=2.321 H=0.084 gd=0.612 lr=5.18e-05
  [PM3 tau=0.15 | slotted=True | warmup_cosine=True] epoch 169 | loss=0.7493 dist=0.6400 div=2.324 H=0.083 gd=0.599 lr=4.86e-05
  [PM3 tau=0.15 | slotted=True | warmup_cosine=True] epoch 170 | loss=0.7486 dist=0.6420 div=2.320 H=0.084 gd=0.618 lr=4.55e-05
  [PM3 tau=0.15 | slotted=True | warmup_cosine=True] epoch 171 | loss=0.7508 dist=0.6400 div=2.321 H=0.085 gd=0.589 lr=4.24e-05
  [PM3 tau=0.15 | slotted=True | warmup_cosine=True] epoch 172 | loss=0.7474 dist=0.6407 div=2.322 H=0.084 gd=0.622 lr=3.95e-05
  [PM3 tau=0.15 | slotted=True | warmup_cosine=True] epoch 173 | loss=0.7476 dist=0.6418 div=2.324 H=0.084 gd=0.594 lr=3.67e-05
  [PM3 tau=0.15 | slotted=True | warmup_cosine=True] epoch 174 | loss=0.7467 dist=0.6429 div=2.320 H=0.085 gd=0.638 lr=3.39e-05
  [PM3 tau=0.15 | slotted=True | warmup_cosine=True] epoch 175 | loss=0.7466 dist=0.6407 div=2.325 H=0.083 gd=0.627 lr=3.13e-05
  [PM3 tau=0.15 | slotted=True | warmup_cosine=True] epoch 176 | loss=0.7466 dist=0.6404 div=2.321 H=0.084 gd=0.636 lr=2.88e-05
  [PM3 tau=0.15 | slotted=True | warmup_cosine=True] epoch 177 | loss=0.7443 dist=0.6395 div=2.326 H=0.083 gd=0.604 lr=2.64e-05
  [PM3 tau=0.15 | slotted=True | warmup_cosine=True] epoch 178 | loss=0.7433 dist=0.6396 div=2.326 H=0.083 gd=0.646 lr=2.41e-05
  [PM3 tau=0.15 | slotted=True | warmup_cosine=True] epoch 179 | loss=0.7416 dist=0.6378 div=2.325 H=0.083 gd=0.617 lr=2.18e-05
  [PM3 tau=0.15 | slotted=True | warmup_cosine=True] epoch 180 | loss=0.7408 dist=0.6354 div=2.326 H=0.082 gd=0.625 lr=1.97e-05
  [PM3 tau=0.15 | slotted=True | warmup_cosine=True] epoch 181 | loss=0.7414 dist=0.6395 div=2.323 H=0.084 gd=0.618 lr=1.77e-05
  [PM3 tau=0.15 | slotted=True | warmup_cosine=True] epoch 182 | loss=0.7399 dist=0.6396 div=2.322 H=0.084 gd=0.603 lr=1.58e-05
  [PM3 tau=0.15 | slotted=True | warmup_cosine=True] epoch 183 | loss=0.7408 dist=0.6376 div=2.323 H=0.083 gd=0.626 lr=1.40e-05
  [PM3 tau=0.15 | slotted=True | warmup_cosine=True] epoch 184 | loss=0.7393 dist=0.6357 div=2.325 H=0.083 gd=0.620 lr=1.23e-05
  [PM3 tau=0.15 | slotted=True | warmup_cosine=True] epoch 185 | loss=0.7387 dist=0.6392 div=2.324 H=0.083 gd=0.596 lr=1.07e-05
  [PM3 tau=0.15 | slotted=True | warmup_cosine=True] epoch 186 | loss=0.7385 dist=0.6353 div=2.326 H=0.083 gd=0.605 lr=9.27e-06
  [PM3 tau=0.15 | slotted=True | warmup_cosine=True] epoch 187 | loss=0.7381 dist=0.6389 div=2.323 H=0.083 gd=0.636 lr=7.90e-06
  [PM3 tau=0.15 | slotted=True | warmup_cosine=True] epoch 188 | loss=0.7392 dist=0.6388 div=2.321 H=0.084 gd=0.626 lr=6.64e-06
  [PM3 tau=0.15 | slotted=True | warmup_cosine=True] epoch 189 | loss=0.7383 dist=0.6377 div=2.324 H=0.083 gd=0.650 lr=5.49e-06
  [PM3 tau=0.15 | slotted=True | warmup_cosine=True] epoch 190 | loss=0.7371 dist=0.6381 div=2.326 H=0.083 gd=0.628 lr=4.45e-06
  [PM3 tau=0.15 | slotted=True | warmup_cosine=True] epoch 191 | loss=0.7384 dist=0.6379 div=2.324 H=0.084 gd=0.609 lr=3.52e-06
  [PM3 tau=0.15 | slotted=True | warmup_cosine=True] epoch 192 | loss=0.7372 dist=0.6388 div=2.322 H=0.084 gd=0.588 lr=2.70e-06
  [PM3 tau=0.15 | slotted=True | warmup_cosine=True] epoch 193 | loss=0.7370 dist=0.6376 div=2.324 H=0.083 gd=0.638 lr=1.98e-06
  [PM3 tau=0.15 | slotted=True | warmup_cosine=True] epoch 194 | loss=0.7376 dist=0.6386 div=2.324 H=0.083 gd=0.580 lr=1.38e-06
  [PM3 tau=0.15 | slotted=True | warmup_cosine=True] epoch 195 | loss=0.7370 dist=0.6395 div=2.323 H=0.083 gd=0.655 lr=8.81e-07
  [PM3 tau=0.15 | slotted=True | warmup_cosine=True] epoch 196 | loss=0.7369 dist=0.6383 div=2.323 H=0.083 gd=0.616 lr=4.95e-07
  [PM3 tau=0.15 | slotted=True | warmup_cosine=True] epoch 197 | loss=0.7364 dist=0.6389 div=2.323 H=0.084 gd=0.610 lr=2.20e-07
  [PM3 tau=0.15 | slotted=True | warmup_cosine=True] epoch 198 | loss=0.7369 dist=0.6384 div=2.324 H=0.083 gd=0.600 lr=5.51e-08
  [PM3 tau=0.15 | slotted=True | warmup_cosine=True] epoch 199 | loss=0.7369 dist=0.6385 div=2.323 H=0.083 gd=0.631 lr=0.00e+00

────────────────────────────────────────────────────────────
Run complete in 10.8 min
Best dist:  0.6353 at epoch 186
Final dist: 0.6385
Saved → results/pm3_grid/pm3_tau0.15_slots1_warmup1.pkl
[gpu3] Finished: tau0.15_slots1_warmup1
