Study:      cost_comparison
Device:     cuda
Epochs:     200
Batch size: 512
LR:         8.49e-04  (auto-scaled from 0.0003 at batch=64)
Output:     results/cost_comparison.pkl
────────────────────────────────────────────────────────────

=== Chamfer ===
  GPU time/batch : 5.8 ms
  Wall time/batch: 5.8 ms
  GPU utilisation: 99%
/pscratch/sd/d/danieltm/conda_envs/envs/influencerformer/lib/python3.10/site-packages/torch/nn/modules/transformer.py:380: UserWarning: The PyTorch API of nested tensors is in prototype stage and will change in the near future. (Triggered internally at ../aten/src/ATen/NestedTensorImpl.cpp:178.)
  output = torch._nested_tensor_from_mask(output, src_key_padding_mask.logical_not(), mask_check=False)
  [Chamfer] epoch   0 | loss=2.8163 dist=1.3025 div=1.860 H=0.221 gd=0.759 lr=8.49e-04
  [Chamfer] epoch   1 | loss=1.8789 dist=1.1514 div=1.980 H=0.219 gd=0.799 lr=8.49e-04
  [Chamfer] epoch   2 | loss=1.6054 dist=1.1091 div=2.036 H=0.210 gd=0.704 lr=8.49e-04
  [Chamfer] epoch   3 | loss=1.4836 dist=1.1017 div=2.024 H=0.221 gd=0.717 lr=8.49e-04
  [Chamfer] epoch   4 | loss=1.4165 dist=1.0966 div=2.027 H=0.253 gd=0.704 lr=8.49e-04
  [Chamfer] epoch   5 | loss=1.3714 dist=1.1449 div=2.075 H=0.306 gd=0.680 lr=8.49e-04
  [Chamfer] epoch   6 | loss=1.3705 dist=1.1534 div=2.034 H=0.315 gd=0.695 lr=8.49e-04
  [Chamfer] epoch   7 | loss=1.3376 dist=1.1484 div=2.048 H=0.306 gd=0.702 lr=8.49e-04
  [Chamfer] epoch   8 | loss=1.3434 dist=1.1470 div=2.054 H=0.312 gd=0.706 lr=8.49e-04
  [Chamfer] epoch   9 | loss=1.3276 dist=1.1356 div=2.053 H=0.310 gd=0.727 lr=8.49e-04
  [Chamfer] epoch  10 | loss=1.3060 dist=1.1248 div=2.050 H=0.313 gd=0.676 lr=8.49e-04
  [Chamfer] epoch  11 | loss=1.3048 dist=1.1284 div=2.042 H=0.311 gd=0.699 lr=8.49e-04
  [Chamfer] epoch  12 | loss=1.2831 dist=1.1238 div=2.062 H=0.309 gd=0.734 lr=8.49e-04
  [Chamfer] epoch  13 | loss=1.2867 dist=1.1316 div=2.068 H=0.311 gd=0.734 lr=8.49e-04
  [Chamfer] epoch  14 | loss=1.2832 dist=1.1287 div=2.056 H=0.312 gd=0.725 lr=8.49e-04
  [Chamfer] epoch  15 | loss=1.2664 dist=1.1410 div=2.034 H=0.323 gd=0.694 lr=8.49e-04
  [Chamfer] epoch  16 | loss=1.2690 dist=1.1320 div=2.051 H=0.313 gd=0.646 lr=8.49e-04
  [Chamfer] epoch  17 | loss=1.2713 dist=1.1249 div=2.080 H=0.306 gd=0.692 lr=8.49e-04
  [Chamfer] epoch  18 | loss=1.3487 dist=1.1444 div=2.061 H=0.309 gd=0.634 lr=8.49e-04
  [Chamfer] epoch  19 | loss=1.3274 dist=1.1439 div=2.058 H=0.309 gd=0.673 lr=8.49e-04
  [Chamfer] epoch  20 | loss=1.3162 dist=1.1470 div=2.044 H=0.309 gd=0.656 lr=8.49e-04
  [Chamfer] epoch  21 | loss=1.3101 dist=1.1422 div=2.035 H=0.311 gd=0.706 lr=8.49e-04
  [Chamfer] epoch  22 | loss=1.2537 dist=1.1186 div=2.057 H=0.305 gd=0.695 lr=8.49e-04
  [Chamfer] epoch  23 | loss=1.2459 dist=1.1268 div=2.057 H=0.309 gd=0.681 lr=8.49e-04
  [Chamfer] epoch  24 | loss=1.2452 dist=1.1149 div=2.077 H=0.303 gd=0.642 lr=8.49e-04
  [Chamfer] epoch  25 | loss=1.2327 dist=1.1348 div=2.058 H=0.310 gd=0.664 lr=8.49e-04
  [Chamfer] epoch  26 | loss=1.2387 dist=1.1114 div=2.063 H=0.305 gd=0.635 lr=8.49e-04
  [Chamfer] epoch  27 | loss=1.2273 dist=1.1088 div=2.105 H=0.299 gd=0.733 lr=8.49e-04
  [Chamfer] epoch  28 | loss=1.2517 dist=1.1317 div=2.055 H=0.303 gd=0.642 lr=8.49e-04
  [Chamfer] epoch  29 | loss=1.2817 dist=1.1226 div=2.083 H=0.300 gd=0.696 lr=8.49e-04
  [Chamfer] epoch  30 | loss=1.3087 dist=1.1508 div=2.047 H=0.310 gd=0.699 lr=8.49e-04
  [Chamfer] epoch  31 | loss=1.2788 dist=1.1209 div=2.067 H=0.305 gd=0.718 lr=8.49e-04
  [Chamfer] epoch  32 | loss=1.2403 dist=1.1137 div=2.064 H=0.302 gd=0.736 lr=8.49e-04
  [Chamfer] epoch  33 | loss=1.2185 dist=1.1116 div=2.063 H=0.303 gd=0.713 lr=8.49e-04
  [Chamfer] epoch  34 | loss=1.2101 dist=1.0893 div=2.090 H=0.295 gd=0.691 lr=8.49e-04
  [Chamfer] epoch  35 | loss=1.1975 dist=1.1176 div=2.080 H=0.305 gd=0.717 lr=8.49e-04
  [Chamfer] epoch  36 | loss=1.2109 dist=1.1286 div=2.048 H=0.311 gd=0.655 lr=8.49e-04
  [Chamfer] epoch  37 | loss=1.2486 dist=1.1179 div=2.085 H=0.304 gd=0.703 lr=8.49e-04
  [Chamfer] epoch  38 | loss=1.2212 dist=1.0994 div=2.082 H=0.301 gd=0.740 lr=8.49e-04
  [Chamfer] epoch  39 | loss=1.2146 dist=1.1037 div=2.087 H=0.300 gd=0.693 lr=8.49e-04
  [Chamfer] epoch  40 | loss=1.2244 dist=1.0966 div=2.110 H=0.300 gd=0.672 lr=8.49e-04
  [Chamfer] epoch  41 | loss=1.2423 dist=1.1164 div=2.079 H=0.303 gd=0.697 lr=8.49e-04
  [Chamfer] epoch  42 | loss=1.2377 dist=1.1116 div=2.068 H=0.302 gd=0.658 lr=8.49e-04
  [Chamfer] epoch  43 | loss=1.2196 dist=1.1232 div=2.058 H=0.308 gd=0.705 lr=8.49e-04
  [Chamfer] epoch  44 | loss=1.2139 dist=1.1098 div=2.070 H=0.303 gd=0.641 lr=8.49e-04
  [Chamfer] epoch  45 | loss=1.2249 dist=1.1003 div=2.098 H=0.296 gd=0.752 lr=8.49e-04
  [Chamfer] epoch  46 | loss=1.2354 dist=1.1093 div=2.072 H=0.299 gd=0.697 lr=8.49e-04
  [Chamfer] epoch  47 | loss=1.2277 dist=1.1155 div=2.088 H=0.300 gd=0.688 lr=8.49e-04
  [Chamfer] epoch  48 | loss=1.2108 dist=1.0956 div=2.086 H=0.296 gd=0.674 lr=8.49e-04
  [Chamfer] epoch  49 | loss=1.2086 dist=1.1146 div=2.091 H=0.292 gd=0.621 lr=8.49e-04
  [Chamfer] epoch  50 | loss=1.2155 dist=1.1155 div=2.077 H=0.299 gd=0.698 lr=8.49e-04
  [Chamfer] epoch  51 | loss=1.2072 dist=1.1164 div=2.085 H=0.299 gd=0.690 lr=8.49e-04
  [Chamfer] epoch  52 | loss=1.2422 dist=1.1252 div=2.092 H=0.300 gd=0.644 lr=8.49e-04
  [Chamfer] epoch  53 | loss=1.2190 dist=1.1269 div=2.050 H=0.308 gd=0.699 lr=8.49e-04
  [Chamfer] epoch  54 | loss=1.2126 dist=1.1119 div=2.089 H=0.301 gd=0.723 lr=8.49e-04
  [Chamfer] epoch  55 | loss=1.2055 dist=1.1132 div=2.067 H=0.303 gd=0.682 lr=8.49e-04
  [Chamfer] epoch  56 | loss=1.1996 dist=1.1231 div=2.065 H=0.304 gd=0.675 lr=8.49e-04
  [Chamfer] epoch  57 | loss=1.2185 dist=1.1336 div=2.052 H=0.308 gd=0.663 lr=8.49e-04
  [Chamfer] epoch  58 | loss=1.2620 dist=1.1519 div=2.037 H=0.310 gd=0.686 lr=8.49e-04
  [Chamfer] epoch  59 | loss=1.2433 dist=1.1643 div=2.020 H=0.317 gd=0.682 lr=8.49e-04
  [Chamfer] epoch  60 | loss=1.2461 dist=1.1771 div=1.985 H=0.316 gd=0.648 lr=8.49e-04
  [Chamfer] epoch  61 | loss=1.2631 dist=1.1245 div=2.062 H=0.300 gd=0.652 lr=8.49e-04
  [Chamfer] epoch  62 | loss=1.2163 dist=1.1511 div=2.081 H=0.298 gd=0.747 lr=8.49e-04
  [Chamfer] epoch  63 | loss=1.2026 dist=1.1243 div=2.088 H=0.298 gd=0.683 lr=8.49e-04
  [Chamfer] epoch  64 | loss=1.2015 dist=1.0932 div=2.082 H=0.294 gd=0.680 lr=8.49e-04
  [Chamfer] early stopping at epoch 64 (no improvement for 30 epochs, best dist=1.0893)

=== PM3 τ=0.12 ===
  GPU time/batch : 5.7 ms
  Wall time/batch: 5.8 ms
  GPU utilisation: 99%
  [PM3 τ=0.12] epoch   0 | loss=6.8069 dist=1.3440 div=1.772 H=0.209 gd=0.616 lr=8.49e-04
  [PM3 τ=0.12] epoch   1 | loss=3.0251 dist=1.1974 div=1.901 H=0.184 gd=0.582 lr=8.49e-04
  [PM3 τ=0.12] epoch   2 | loss=2.3492 dist=1.1236 div=1.992 H=0.165 gd=0.475 lr=8.49e-04
  [PM3 τ=0.12] epoch   3 | loss=2.0551 dist=1.0613 div=1.992 H=0.152 gd=0.503 lr=8.49e-04
  [PM3 τ=0.12] epoch   4 | loss=1.8833 dist=1.0192 div=2.054 H=0.148 gd=0.475 lr=8.49e-04
  [PM3 τ=0.12] epoch   5 | loss=1.7816 dist=1.0033 div=2.078 H=0.143 gd=0.491 lr=8.49e-04
  [PM3 τ=0.12] epoch   6 | loss=1.7086 dist=0.9962 div=2.108 H=0.138 gd=0.525 lr=8.49e-04
  [PM3 τ=0.12] epoch   7 | loss=1.6678 dist=0.9783 div=2.088 H=0.140 gd=0.516 lr=8.49e-04
  [PM3 τ=0.12] epoch   8 | loss=1.6306 dist=0.9698 div=2.127 H=0.129 gd=0.552 lr=8.49e-04
  [PM3 τ=0.12] epoch   9 | loss=1.5712 dist=0.9695 div=2.134 H=0.117 gd=0.574 lr=8.49e-04
  [PM3 τ=0.12] epoch  10 | loss=1.4738 dist=0.9499 div=2.163 H=0.109 gd=0.572 lr=8.49e-04
  [PM3 τ=0.12] epoch  11 | loss=1.4031 dist=0.9366 div=2.153 H=0.109 gd=0.591 lr=8.49e-04
  [PM3 τ=0.12] epoch  12 | loss=1.3434 dist=0.9399 div=2.181 H=0.106 gd=0.570 lr=8.49e-04
  [PM3 τ=0.12] epoch  13 | loss=1.3135 dist=0.9268 div=2.167 H=0.105 gd=0.577 lr=8.49e-04
  [PM3 τ=0.12] epoch  14 | loss=1.3037 dist=0.9361 div=2.177 H=0.109 gd=0.583 lr=8.49e-04
  [PM3 τ=0.12] epoch  15 | loss=1.2965 dist=0.9246 div=2.170 H=0.108 gd=0.562 lr=8.49e-04
  [PM3 τ=0.12] epoch  16 | loss=1.2957 dist=0.9270 div=2.166 H=0.108 gd=0.581 lr=8.49e-04
  [PM3 τ=0.12] epoch  17 | loss=1.2826 dist=0.9233 div=2.166 H=0.106 gd=0.584 lr=8.49e-04
  [PM3 τ=0.12] epoch  18 | loss=1.2615 dist=0.9038 div=2.175 H=0.102 gd=0.584 lr=8.49e-04
  [PM3 τ=0.12] epoch  19 | loss=1.2392 dist=0.8898 div=2.200 H=0.101 gd=0.574 lr=8.49e-04
  [PM3 τ=0.12] epoch  20 | loss=1.2096 dist=0.8994 div=2.188 H=0.104 gd=0.579 lr=8.49e-04
  [PM3 τ=0.12] epoch  21 | loss=1.1948 dist=0.8871 div=2.215 H=0.099 gd=0.599 lr=8.49e-04
  [PM3 τ=0.12] epoch  22 | loss=1.1761 dist=0.8833 div=2.208 H=0.098 gd=0.603 lr=8.49e-04
  [PM3 τ=0.12] epoch  23 | loss=1.1732 dist=0.8622 div=2.200 H=0.094 gd=0.608 lr=8.49e-04
  [PM3 τ=0.12] epoch  24 | loss=1.1553 dist=0.8638 div=2.226 H=0.095 gd=0.596 lr=8.49e-04
  [PM3 τ=0.12] epoch  25 | loss=1.1298 dist=0.8591 div=2.242 H=0.093 gd=0.599 lr=8.49e-04
  [PM3 τ=0.12] epoch  26 | loss=1.1263 dist=0.8892 div=2.222 H=0.094 gd=0.608 lr=8.49e-04
  [PM3 τ=0.12] epoch  27 | loss=1.1547 dist=0.8595 div=2.242 H=0.091 gd=0.624 lr=8.49e-04
  [PM3 τ=0.12] epoch  28 | loss=1.1354 dist=0.8473 div=2.227 H=0.094 gd=0.622 lr=8.49e-04
  [PM3 τ=0.12] epoch  29 | loss=1.1383 dist=0.8566 div=2.220 H=0.091 gd=0.626 lr=8.49e-04
  [PM3 τ=0.12] epoch  30 | loss=1.1341 dist=0.8551 div=2.212 H=0.093 gd=0.618 lr=8.49e-04
  [PM3 τ=0.12] epoch  31 | loss=1.1132 dist=0.8532 div=2.214 H=0.093 gd=0.614 lr=8.49e-04
  [PM3 τ=0.12] epoch  32 | loss=1.1106 dist=0.8455 div=2.220 H=0.093 gd=0.619 lr=8.49e-04
  [PM3 τ=0.12] epoch  33 | loss=1.1023 dist=0.8520 div=2.231 H=0.091 gd=0.638 lr=8.49e-04
  [PM3 τ=0.12] epoch  34 | loss=1.1033 dist=0.8510 div=2.234 H=0.091 gd=0.640 lr=8.49e-04
  [PM3 τ=0.12] epoch  35 | loss=1.0905 dist=0.8359 div=2.217 H=0.089 gd=0.620 lr=8.49e-04
  [PM3 τ=0.12] epoch  36 | loss=1.0681 dist=0.8302 div=2.243 H=0.089 gd=0.625 lr=8.49e-04
  [PM3 τ=0.12] epoch  37 | loss=1.1204 dist=0.8443 div=2.214 H=0.092 gd=0.633 lr=8.49e-04
  [PM3 τ=0.12] epoch  38 | loss=1.2269 dist=0.8535 div=2.206 H=0.092 gd=0.646 lr=8.49e-04
  [PM3 τ=0.12] epoch  39 | loss=1.1760 dist=0.8466 div=2.216 H=0.092 gd=0.636 lr=8.49e-04
  [PM3 τ=0.12] epoch  40 | loss=1.1032 dist=0.8367 div=2.217 H=0.092 gd=0.627 lr=8.49e-04
  [PM3 τ=0.12] epoch  41 | loss=1.0752 dist=0.8272 div=2.246 H=0.089 gd=0.667 lr=8.49e-04
  [PM3 τ=0.12] epoch  42 | loss=1.0765 dist=0.8380 div=2.201 H=0.092 gd=0.617 lr=8.49e-04
  [PM3 τ=0.12] epoch  43 | loss=1.0740 dist=0.8339 div=2.252 H=0.089 gd=0.650 lr=8.49e-04
  [PM3 τ=0.12] epoch  44 | loss=1.0758 dist=0.8533 div=2.229 H=0.090 gd=0.643 lr=8.49e-04
  [PM3 τ=0.12] epoch  45 | loss=1.0539 dist=0.8207 div=2.259 H=0.089 gd=0.662 lr=8.49e-04
  [PM3 τ=0.12] epoch  46 | loss=1.0432 dist=0.8192 div=2.239 H=0.087 gd=0.641 lr=8.49e-04
  [PM3 τ=0.12] epoch  47 | loss=1.0512 dist=0.8285 div=2.206 H=0.091 gd=0.627 lr=8.49e-04
  [PM3 τ=0.12] epoch  48 | loss=1.0417 dist=0.8187 div=2.246 H=0.087 gd=0.636 lr=8.49e-04
  [PM3 τ=0.12] epoch  49 | loss=1.0446 dist=0.8088 div=2.234 H=0.088 gd=0.649 lr=8.49e-04
  [PM3 τ=0.12] epoch  50 | loss=1.0336 dist=0.8062 div=2.238 H=0.086 gd=0.675 lr=8.49e-04
  [PM3 τ=0.12] epoch  51 | loss=1.0134 dist=0.8131 div=2.246 H=0.088 gd=0.681 lr=8.49e-04
  [PM3 τ=0.12] epoch  52 | loss=1.0086 dist=0.7934 div=2.256 H=0.085 gd=0.626 lr=8.49e-04
  [PM3 τ=0.12] epoch  53 | loss=0.9971 dist=0.8054 div=2.250 H=0.083 gd=0.657 lr=8.49e-04
  [PM3 τ=0.12] epoch  54 | loss=1.0062 dist=0.7998 div=2.249 H=0.086 gd=0.655 lr=8.49e-04
  [PM3 τ=0.12] epoch  55 | loss=1.0068 dist=0.7896 div=2.248 H=0.084 gd=0.613 lr=8.49e-04
  [PM3 τ=0.12] epoch  56 | loss=1.0041 dist=0.8030 div=2.268 H=0.084 gd=0.670 lr=8.49e-04
  [PM3 τ=0.12] epoch  57 | loss=1.0033 dist=0.7780 div=2.263 H=0.083 gd=0.633 lr=8.49e-04
  [PM3 τ=0.12] epoch  58 | loss=0.9914 dist=0.7843 div=2.264 H=0.081 gd=0.620 lr=8.49e-04
  [PM3 τ=0.12] epoch  59 | loss=0.9825 dist=0.7776 div=2.259 H=0.083 gd=0.637 lr=8.49e-04
  [PM3 τ=0.12] epoch  60 | loss=0.9853 dist=0.7930 div=2.263 H=0.082 gd=0.664 lr=8.49e-04
  [PM3 τ=0.12] epoch  61 | loss=0.9633 dist=0.8026 div=2.267 H=0.083 gd=0.680 lr=8.49e-04
  [PM3 τ=0.12] epoch  62 | loss=0.9664 dist=0.7773 div=2.270 H=0.083 gd=0.688 lr=8.49e-04
  [PM3 τ=0.12] epoch  63 | loss=1.0093 dist=0.7890 div=2.242 H=0.085 gd=0.698 lr=8.49e-04
  [PM3 τ=0.12] epoch  64 | loss=0.9821 dist=0.7793 div=2.275 H=0.084 gd=0.658 lr=8.49e-04
  [PM3 τ=0.12] epoch  65 | loss=0.9754 dist=0.7906 div=2.248 H=0.085 gd=0.633 lr=8.49e-04
  [PM3 τ=0.12] epoch  66 | loss=0.9641 dist=0.7961 div=2.243 H=0.083 gd=0.726 lr=8.49e-04
  [PM3 τ=0.12] epoch  67 | loss=0.9676 dist=0.8022 div=2.251 H=0.082 gd=0.640 lr=8.49e-04
  [PM3 τ=0.12] epoch  68 | loss=0.9623 dist=0.7864 div=2.245 H=0.085 gd=0.651 lr=8.49e-04
  [PM3 τ=0.12] epoch  69 | loss=0.9932 dist=0.8013 div=2.262 H=0.086 gd=0.680 lr=8.49e-04
  [PM3 τ=0.12] epoch  70 | loss=1.0108 dist=0.7789 div=2.238 H=0.082 gd=0.636 lr=8.49e-04
  [PM3 τ=0.12] epoch  71 | loss=1.0372 dist=0.7904 div=2.245 H=0.085 gd=0.658 lr=8.49e-04
  [PM3 τ=0.12] epoch  72 | loss=1.0221 dist=0.7762 div=2.254 H=0.085 gd=0.659 lr=8.49e-04
  [PM3 τ=0.12] epoch  73 | loss=0.9742 dist=0.7686 div=2.241 H=0.084 gd=0.662 lr=8.49e-04
  [PM3 τ=0.12] epoch  74 | loss=0.9794 dist=0.8003 div=2.266 H=0.088 gd=0.648 lr=8.49e-04
  [PM3 τ=0.12] epoch  75 | loss=1.0011 dist=0.8026 div=2.305 H=0.086 gd=0.671 lr=8.49e-04
  [PM3 τ=0.12] epoch  76 | loss=0.9771 dist=0.7646 div=2.257 H=0.082 gd=0.698 lr=8.49e-04
  [PM3 τ=0.12] epoch  77 | loss=0.9549 dist=0.7766 div=2.248 H=0.086 gd=0.660 lr=8.49e-04
  [PM3 τ=0.12] epoch  78 | loss=0.9677 dist=0.7762 div=2.273 H=0.084 gd=0.688 lr=8.49e-04
  [PM3 τ=0.12] epoch  79 | loss=0.9337 dist=0.7560 div=2.277 H=0.083 gd=0.662 lr=8.49e-04
  [PM3 τ=0.12] epoch  80 | loss=0.9727 dist=0.7829 div=2.258 H=0.084 gd=0.646 lr=8.49e-04
  [PM3 τ=0.12] epoch  81 | loss=0.9706 dist=0.7562 div=2.258 H=0.085 gd=0.660 lr=8.49e-04
  [PM3 τ=0.12] epoch  82 | loss=0.9427 dist=0.7635 div=2.280 H=0.084 gd=0.698 lr=8.49e-04
  [PM3 τ=0.12] epoch  83 | loss=0.9492 dist=0.7621 div=2.258 H=0.084 gd=0.677 lr=8.49e-04
  [PM3 τ=0.12] epoch  84 | loss=0.9463 dist=0.7497 div=2.249 H=0.083 gd=0.630 lr=8.49e-04
  [PM3 τ=0.12] epoch  85 | loss=0.9271 dist=0.7617 div=2.268 H=0.083 gd=0.653 lr=8.49e-04
  [PM3 τ=0.12] epoch  86 | loss=0.9184 dist=0.7478 div=2.285 H=0.081 gd=0.648 lr=8.49e-04
  [PM3 τ=0.12] epoch  87 | loss=0.9158 dist=0.7626 div=2.271 H=0.083 gd=0.639 lr=8.49e-04
  [PM3 τ=0.12] epoch  88 | loss=0.9080 dist=0.7711 div=2.251 H=0.088 gd=0.685 lr=8.49e-04
  [PM3 τ=0.12] epoch  89 | loss=0.9591 dist=0.7578 div=2.246 H=0.085 gd=0.671 lr=8.49e-04
  [PM3 τ=0.12] epoch  90 | loss=0.9365 dist=0.7574 div=2.259 H=0.084 gd=0.655 lr=8.49e-04
  [PM3 τ=0.12] epoch  91 | loss=0.9285 dist=0.7854 div=2.257 H=0.083 gd=0.587 lr=8.49e-04
  [PM3 τ=0.12] epoch  92 | loss=0.8993 dist=0.7430 div=2.272 H=0.080 gd=0.640 lr=8.49e-04
  [PM3 τ=0.12] epoch  93 | loss=0.9014 dist=0.7526 div=2.254 H=0.083 gd=0.637 lr=8.49e-04
  [PM3 τ=0.12] epoch  94 | loss=0.9219 dist=0.7530 div=2.285 H=0.083 gd=0.621 lr=8.49e-04
  [PM3 τ=0.12] epoch  95 | loss=0.9148 dist=0.7481 div=2.286 H=0.081 gd=0.669 lr=8.49e-04
  [PM3 τ=0.12] epoch  96 | loss=0.9205 dist=0.7624 div=2.273 H=0.084 gd=0.662 lr=8.49e-04
  [PM3 τ=0.12] epoch  97 | loss=0.9102 dist=0.7418 div=2.266 H=0.081 gd=0.661 lr=8.49e-04
  [PM3 τ=0.12] epoch  98 | loss=0.8988 dist=0.7479 div=2.264 H=0.083 gd=0.644 lr=8.49e-04
  [PM3 τ=0.12] epoch  99 | loss=0.9046 dist=0.7539 div=2.274 H=0.081 gd=0.652 lr=8.49e-04
  [PM3 τ=0.12] epoch 100 | loss=0.8921 dist=0.7418 div=2.258 H=0.080 gd=0.682 lr=8.49e-04
  [PM3 τ=0.12] epoch 101 | loss=0.8756 dist=0.7389 div=2.288 H=0.083 gd=0.664 lr=8.49e-04
  [PM3 τ=0.12] epoch 102 | loss=0.8767 dist=0.7439 div=2.298 H=0.079 gd=0.689 lr=8.49e-04
  [PM3 τ=0.12] epoch 103 | loss=0.8732 dist=0.7518 div=2.289 H=0.079 gd=0.716 lr=8.49e-04
  [PM3 τ=0.12] epoch 104 | loss=0.9043 dist=0.7450 div=2.282 H=0.081 gd=0.666 lr=8.49e-04
  [PM3 τ=0.12] epoch 105 | loss=0.9146 dist=0.7359 div=2.286 H=0.081 gd=0.667 lr=8.49e-04
  [PM3 τ=0.12] epoch 106 | loss=0.8764 dist=0.7519 div=2.266 H=0.080 gd=0.694 lr=8.49e-04
  [PM3 τ=0.12] epoch 107 | loss=0.8914 dist=0.7381 div=2.285 H=0.083 gd=0.689 lr=8.49e-04
  [PM3 τ=0.12] epoch 108 | loss=0.8778 dist=0.7407 div=2.279 H=0.083 gd=0.684 lr=8.49e-04
  [PM3 τ=0.12] epoch 109 | loss=0.8708 dist=0.7467 div=2.259 H=0.080 gd=0.671 lr=8.49e-04
  [PM3 τ=0.12] epoch 110 | loss=0.8767 dist=0.7574 div=2.273 H=0.082 gd=0.656 lr=8.49e-04
  [PM3 τ=0.12] epoch 111 | loss=0.8717 dist=0.7366 div=2.286 H=0.082 gd=0.688 lr=8.49e-04
  [PM3 τ=0.12] epoch 112 | loss=0.8932 dist=0.7659 div=2.271 H=0.081 gd=0.637 lr=8.49e-04
  [PM3 τ=0.12] epoch 113 | loss=0.9300 dist=0.7543 div=2.269 H=0.080 gd=0.659 lr=8.49e-04
  [PM3 τ=0.12] epoch 114 | loss=0.9300 dist=0.7663 div=2.281 H=0.085 gd=0.673 lr=8.49e-04
  [PM3 τ=0.12] epoch 115 | loss=0.9032 dist=0.7427 div=2.286 H=0.080 gd=0.674 lr=8.49e-04
  [PM3 τ=0.12] epoch 116 | loss=0.8749 dist=0.7362 div=2.295 H=0.081 gd=0.649 lr=8.49e-04
  [PM3 τ=0.12] epoch 117 | loss=0.8862 dist=0.7609 div=2.277 H=0.082 gd=0.665 lr=8.49e-04
  [PM3 τ=0.12] epoch 118 | loss=0.8744 dist=0.7379 div=2.282 H=0.081 gd=0.700 lr=8.49e-04
  [PM3 τ=0.12] epoch 119 | loss=0.8635 dist=0.7345 div=2.282 H=0.080 gd=0.633 lr=8.49e-04
  [PM3 τ=0.12] epoch 120 | loss=0.8734 dist=0.7487 div=2.282 H=0.080 gd=0.663 lr=8.49e-04
  [PM3 τ=0.12] epoch 121 | loss=0.8726 dist=0.7258 div=2.288 H=0.080 gd=0.654 lr=8.49e-04
  [PM3 τ=0.12] epoch 122 | loss=0.8457 dist=0.7279 div=2.301 H=0.077 gd=0.651 lr=8.49e-04
  [PM3 τ=0.12] epoch 123 | loss=0.8727 dist=0.7675 div=2.290 H=0.081 gd=0.616 lr=8.49e-04
  [PM3 τ=0.12] epoch 124 | loss=0.8544 dist=0.7271 div=2.291 H=0.080 gd=0.650 lr=8.49e-04
  [PM3 τ=0.12] epoch 125 | loss=0.8483 dist=0.7579 div=2.306 H=0.080 gd=0.661 lr=8.49e-04
  [PM3 τ=0.12] epoch 126 | loss=0.8426 dist=0.7398 div=2.308 H=0.075 gd=0.662 lr=8.49e-04
  [PM3 τ=0.12] epoch 127 | loss=0.8672 dist=0.7481 div=2.290 H=0.078 gd=0.630 lr=8.49e-04
  [PM3 τ=0.12] epoch 128 | loss=0.8862 dist=0.7403 div=2.285 H=0.079 gd=0.608 lr=8.49e-04
  [PM3 τ=0.12] epoch 129 | loss=0.8723 dist=0.7341 div=2.283 H=0.078 gd=0.618 lr=8.49e-04
  [PM3 τ=0.12] epoch 130 | loss=0.8607 dist=0.7506 div=2.312 H=0.075 gd=0.676 lr=8.49e-04
  [PM3 τ=0.12] epoch 131 | loss=0.8457 dist=0.7278 div=2.300 H=0.077 gd=0.644 lr=8.49e-04
  [PM3 τ=0.12] epoch 132 | loss=0.8460 dist=0.7577 div=2.298 H=0.077 gd=0.622 lr=8.49e-04
  [PM3 τ=0.12] epoch 133 | loss=0.8480 dist=0.7345 div=2.293 H=0.076 gd=0.639 lr=8.49e-04
  [PM3 τ=0.12] epoch 134 | loss=0.8558 dist=0.7268 div=2.303 H=0.075 gd=0.673 lr=8.49e-04
  [PM3 τ=0.12] epoch 135 | loss=0.8393 dist=0.7465 div=2.272 H=0.080 gd=0.698 lr=8.49e-04
  [PM3 τ=0.12] epoch 136 | loss=0.8337 dist=0.7235 div=2.308 H=0.075 gd=0.671 lr=8.49e-04
  [PM3 τ=0.12] epoch 137 | loss=0.8257 dist=0.7337 div=2.289 H=0.077 gd=0.644 lr=8.49e-04
  [PM3 τ=0.12] epoch 138 | loss=0.8246 dist=0.7330 div=2.289 H=0.077 gd=0.637 lr=8.49e-04
  [PM3 τ=0.12] epoch 139 | loss=0.8242 dist=0.7318 div=2.303 H=0.078 gd=0.643 lr=8.49e-04
  [PM3 τ=0.12] epoch 140 | loss=0.8227 dist=0.7276 div=2.289 H=0.076 gd=0.690 lr=8.49e-04
  [PM3 τ=0.12] epoch 141 | loss=0.8188 dist=0.7240 div=2.298 H=0.075 gd=0.706 lr=8.49e-04
  [PM3 τ=0.12] epoch 142 | loss=0.8214 dist=0.7355 div=2.305 H=0.076 gd=0.662 lr=8.49e-04
  [PM3 τ=0.12] epoch 143 | loss=0.8343 dist=0.7376 div=2.305 H=0.076 gd=0.683 lr=8.49e-04
  [PM3 τ=0.12] epoch 144 | loss=0.8374 dist=0.7316 div=2.286 H=0.077 gd=0.640 lr=8.49e-04
  [PM3 τ=0.12] epoch 145 | loss=0.8396 dist=0.7370 div=2.293 H=0.076 gd=0.647 lr=8.49e-04
  [PM3 τ=0.12] epoch 146 | loss=0.8227 dist=0.7341 div=2.302 H=0.076 gd=0.592 lr=8.49e-04
  [PM3 τ=0.12] epoch 147 | loss=0.8307 dist=0.7263 div=2.291 H=0.077 gd=0.677 lr=8.49e-04
  [PM3 τ=0.12] epoch 148 | loss=0.8378 dist=0.7292 div=2.296 H=0.077 gd=0.654 lr=8.49e-04
  [PM3 τ=0.12] epoch 149 | loss=0.8238 dist=0.7159 div=2.303 H=0.075 gd=0.655 lr=8.49e-04
  [PM3 τ=0.12] epoch 150 | loss=0.8207 dist=0.7257 div=2.311 H=0.075 gd=0.665 lr=8.49e-04
  [PM3 τ=0.12] epoch 151 | loss=0.8304 dist=0.7319 div=2.303 H=0.075 gd=0.625 lr=8.49e-04
  [PM3 τ=0.12] epoch 152 | loss=0.8211 dist=0.7274 div=2.313 H=0.075 gd=0.683 lr=8.49e-04
  [PM3 τ=0.12] epoch 153 | loss=0.8090 dist=0.7273 div=2.308 H=0.074 gd=0.674 lr=8.49e-04
  [PM3 τ=0.12] epoch 154 | loss=0.8059 dist=0.7257 div=2.304 H=0.072 gd=0.631 lr=8.49e-04
  [PM3 τ=0.12] epoch 155 | loss=0.8148 dist=0.7416 div=2.313 H=0.074 gd=0.664 lr=8.49e-04
  [PM3 τ=0.12] epoch 156 | loss=0.8088 dist=0.7226 div=2.283 H=0.075 gd=0.651 lr=8.49e-04
  [PM3 τ=0.12] epoch 157 | loss=0.8040 dist=0.7442 div=2.315 H=0.071 gd=0.637 lr=8.49e-04
  [PM3 τ=0.12] epoch 158 | loss=0.7952 dist=0.7143 div=2.311 H=0.075 gd=0.640 lr=8.49e-04
  [PM3 τ=0.12] epoch 159 | loss=0.7951 dist=0.7081 div=2.310 H=0.075 gd=0.671 lr=8.49e-04
  [PM3 τ=0.12] epoch 160 | loss=0.8170 dist=0.7123 div=2.290 H=0.076 gd=0.673 lr=8.49e-04
  [PM3 τ=0.12] epoch 161 | loss=0.8097 dist=0.7300 div=2.285 H=0.075 gd=0.621 lr=8.49e-04
  [PM3 τ=0.12] epoch 162 | loss=0.8040 dist=0.7297 div=2.287 H=0.073 gd=0.624 lr=8.49e-04
  [PM3 τ=0.12] epoch 163 | loss=0.8037 dist=0.7249 div=2.301 H=0.075 gd=0.636 lr=8.49e-04
  [PM3 τ=0.12] epoch 164 | loss=0.8075 dist=0.7086 div=2.284 H=0.073 gd=0.610 lr=8.49e-04
  [PM3 τ=0.12] epoch 165 | loss=0.7999 dist=0.7208 div=2.308 H=0.077 gd=0.611 lr=8.49e-04
  [PM3 τ=0.12] epoch 166 | loss=0.7979 dist=0.7304 div=2.312 H=0.073 gd=0.593 lr=8.49e-04
  [PM3 τ=0.12] epoch 167 | loss=0.7895 dist=0.7124 div=2.298 H=0.075 gd=0.683 lr=8.49e-04
  [PM3 τ=0.12] epoch 168 | loss=0.7933 dist=0.7213 div=2.292 H=0.072 gd=0.654 lr=8.49e-04
  [PM3 τ=0.12] epoch 169 | loss=0.7884 dist=0.7096 div=2.302 H=0.074 gd=0.633 lr=8.49e-04
  [PM3 τ=0.12] epoch 170 | loss=0.8230 dist=0.7205 div=2.316 H=0.076 gd=0.586 lr=8.49e-04
  [PM3 τ=0.12] epoch 171 | loss=0.8046 dist=0.7110 div=2.283 H=0.075 gd=0.648 lr=8.49e-04
  [PM3 τ=0.12] epoch 172 | loss=0.8110 dist=0.7382 div=2.313 H=0.075 gd=0.643 lr=8.49e-04
  [PM3 τ=0.12] epoch 173 | loss=0.8070 dist=0.7098 div=2.278 H=0.075 gd=0.599 lr=8.49e-04
  [PM3 τ=0.12] epoch 174 | loss=0.7957 dist=0.7064 div=2.312 H=0.072 gd=0.632 lr=8.49e-04
  [PM3 τ=0.12] epoch 175 | loss=0.8059 dist=0.7260 div=2.318 H=0.073 gd=0.634 lr=8.49e-04
  [PM3 τ=0.12] epoch 176 | loss=0.7820 dist=0.7010 div=2.295 H=0.073 gd=0.634 lr=8.49e-04
  [PM3 τ=0.12] epoch 177 | loss=0.8027 dist=0.7301 div=2.290 H=0.074 gd=0.652 lr=8.49e-04
  [PM3 τ=0.12] epoch 178 | loss=0.7887 dist=0.7089 div=2.313 H=0.073 gd=0.607 lr=8.49e-04
  [PM3 τ=0.12] epoch 179 | loss=0.7846 dist=0.7261 div=2.292 H=0.075 gd=0.667 lr=8.49e-04
  [PM3 τ=0.12] epoch 180 | loss=0.7850 dist=0.7090 div=2.294 H=0.075 gd=0.688 lr=8.49e-04
  [PM3 τ=0.12] epoch 181 | loss=0.8088 dist=0.7202 div=2.302 H=0.074 gd=0.668 lr=8.49e-04
  [PM3 τ=0.12] epoch 182 | loss=0.7948 dist=0.7182 div=2.300 H=0.075 gd=0.645 lr=8.49e-04
  [PM3 τ=0.12] epoch 183 | loss=0.8042 dist=0.7240 div=2.295 H=0.075 gd=0.644 lr=8.49e-04
  [PM3 τ=0.12] epoch 184 | loss=0.7969 dist=0.7183 div=2.311 H=0.075 gd=0.646 lr=8.49e-04
  [PM3 τ=0.12] epoch 185 | loss=0.7981 dist=0.7091 div=2.295 H=0.073 gd=0.613 lr=8.49e-04
  [PM3 τ=0.12] epoch 186 | loss=0.7939 dist=0.7311 div=2.299 H=0.076 gd=0.641 lr=8.49e-04
  [PM3 τ=0.12] epoch 187 | loss=0.7964 dist=0.7332 div=2.307 H=0.072 gd=0.577 lr=8.49e-04
  [PM3 τ=0.12] epoch 188 | loss=0.7983 dist=0.7102 div=2.289 H=0.072 gd=0.689 lr=8.49e-04
  [PM3 τ=0.12] epoch 189 | loss=0.7877 dist=0.7125 div=2.308 H=0.073 gd=0.639 lr=8.49e-04
  [PM3 τ=0.12] epoch 190 | loss=0.8004 dist=0.7289 div=2.306 H=0.076 gd=0.659 lr=8.49e-04
  [PM3 τ=0.12] epoch 191 | loss=0.7967 dist=0.7169 div=2.302 H=0.073 gd=0.695 lr=8.49e-04
  [PM3 τ=0.12] epoch 192 | loss=0.7891 dist=0.7216 div=2.308 H=0.074 gd=0.658 lr=8.49e-04
  [PM3 τ=0.12] epoch 193 | loss=0.7986 dist=0.7147 div=2.289 H=0.076 gd=0.653 lr=8.49e-04
  [PM3 τ=0.12] epoch 194 | loss=0.7991 dist=0.7165 div=2.294 H=0.075 gd=0.701 lr=8.49e-04
  [PM3 τ=0.12] epoch 195 | loss=0.7943 dist=0.7235 div=2.313 H=0.071 gd=0.620 lr=8.49e-04
  [PM3 τ=0.12] epoch 196 | loss=0.7914 dist=0.7159 div=2.307 H=0.076 gd=0.690 lr=8.49e-04
  [PM3 τ=0.12] epoch 197 | loss=0.8023 dist=0.7209 div=2.314 H=0.074 gd=0.672 lr=8.49e-04
  [PM3 τ=0.12] epoch 198 | loss=0.8083 dist=0.7157 div=2.277 H=0.073 gd=0.593 lr=8.49e-04
  [PM3 τ=0.12] epoch 199 | loss=0.8423 dist=0.7124 div=2.336 H=0.073 gd=0.619 lr=8.49e-04

=== Hungarian ===
  GPU time/batch : 137.9 ms
  Wall time/batch: 137.9 ms
  GPU utilisation: 100%
  [Hungarian] epoch   0 | loss=1.5169 dist=1.2372 div=1.686 H=0.200 gd=0.651 lr=8.49e-04
  [Hungarian] epoch   1 | loss=1.0711 dist=0.9571 div=1.894 H=0.167 gd=0.681 lr=8.49e-04
  [Hungarian] epoch   2 | loss=0.9307 dist=0.8953 div=1.937 H=0.171 gd=0.625 lr=8.49e-04
  [Hungarian] epoch   3 | loss=0.8998 dist=0.8782 div=1.954 H=0.167 gd=0.654 lr=8.49e-04
  [Hungarian] epoch   4 | loss=0.8699 dist=0.8486 div=1.999 H=0.158 gd=0.639 lr=8.49e-04
  [Hungarian] epoch   5 | loss=0.8596 dist=0.8460 div=1.979 H=0.157 gd=0.634 lr=8.49e-04
  [Hungarian] epoch   6 | loss=0.8503 dist=0.8334 div=1.997 H=0.155 gd=0.639 lr=8.49e-04
  [Hungarian] epoch   7 | loss=0.8427 dist=0.8330 div=1.984 H=0.155 gd=0.669 lr=8.49e-04
  [Hungarian] epoch   8 | loss=0.8410 dist=0.8351 div=1.976 H=0.155 gd=0.687 lr=8.49e-04
  [Hungarian] epoch   9 | loss=0.8401 dist=0.8195 div=2.008 H=0.150 gd=0.677 lr=8.49e-04
  [Hungarian] epoch  10 | loss=0.8325 dist=0.8291 div=1.998 H=0.154 gd=0.622 lr=8.49e-04
  [Hungarian] epoch  11 | loss=0.8313 dist=0.8285 div=2.007 H=0.151 gd=0.662 lr=8.49e-04
  [Hungarian] epoch  12 | loss=0.8298 dist=0.8332 div=1.988 H=0.156 gd=0.672 lr=8.49e-04
  [Hungarian] epoch  13 | loss=0.8376 dist=0.8444 div=1.975 H=0.156 gd=0.673 lr=8.49e-04
  [Hungarian] epoch  14 | loss=0.8426 dist=0.8433 div=1.967 H=0.159 gd=0.651 lr=8.49e-04
  [Hungarian] epoch  15 | loss=0.8322 dist=0.7981 div=2.025 H=0.143 gd=0.630 lr=8.49e-04
  [Hungarian] epoch  16 | loss=0.8184 dist=0.8245 div=1.992 H=0.155 gd=0.642 lr=8.49e-04
  [Hungarian] epoch  17 | loss=0.8183 dist=0.8098 div=2.008 H=0.153 gd=0.655 lr=8.49e-04
  [Hungarian] epoch  18 | loss=0.8163 dist=0.7973 div=2.002 H=0.147 gd=0.618 lr=8.49e-04
  [Hungarian] epoch  19 | loss=0.8199 dist=0.8033 div=2.011 H=0.146 gd=0.637 lr=8.49e-04
  [Hungarian] epoch  20 | loss=0.8225 dist=0.8359 div=1.990 H=0.159 gd=0.614 lr=8.49e-04
  [Hungarian] epoch  21 | loss=0.8176 dist=0.7916 div=2.010 H=0.146 gd=0.644 lr=8.49e-04
  [Hungarian] epoch  22 | loss=0.8162 dist=0.8153 div=1.995 H=0.155 gd=0.641 lr=8.49e-04
  [Hungarian] epoch  23 | loss=0.8155 dist=0.7930 div=2.023 H=0.146 gd=0.640 lr=8.49e-04
  [Hungarian] epoch  24 | loss=0.7997 dist=0.8081 div=1.997 H=0.155 gd=0.629 lr=8.49e-04
  [Hungarian] epoch  25 | loss=0.8064 dist=0.7895 div=2.029 H=0.146 gd=0.654 lr=8.49e-04
  [Hungarian] epoch  26 | loss=0.8035 dist=0.7904 div=2.030 H=0.144 gd=0.629 lr=8.49e-04
srun: Job step aborted: Waiting up to 32 seconds for job step to finish.
[2026-04-01T13:46:48.215] error: *** STEP 50814750.1 ON nid001025 CANCELLED AT 2026-04-01T13:46:48 DUE to SIGNAL Terminated ***
srun: error: nid001025: task 0: Terminated
srun: Terminating StepId=50814750.1
